commit 52f1baf4864688fe335a7230e75a38a8f3ae2468
Author: cthfkyn <cthfkathie@gmail.com>
Date:   Thu Oct 22 18:34:56 2015 -0700

    quick grammar fix

commit b7dcaa9f7f197f8ed207ce6045bbef4c9d9f0bdd
Merge: 88bb0b0 d324e08
Author: Mathew Kurian <MathewKurian@utexas.edu>
Date:   Thu Oct 22 20:31:15 2015 -0500

    Merge branch 'gh-pages' of https://github.com/bluejamesbond/cs373-games into gh-pages

commit 88bb0b0c823e8bbb02e36fe9039763cec5771c92
Author: Mathew Kurian <MathewKurian@utexas.edu>
Date:   Thu Oct 22 20:30:41 2015 -0500

    Actually pushed by @MatthewKimUT

commit d324e08e299d52e894d653e9e453e1948bc8d38e
Author: cs373-games <thepizzapi@yahoo.com>
Date:   Thu Oct 22 20:22:31 2015 -0500

    platform get by id fixed

commit dc2eb27ad4d4ec104abc375f5741a39c453e1a97
Author: Rahul Rajavel <rrahul@msn.com>
Date:   Thu Oct 22 20:13:00 2015 -0500

    UML pdf added

commit 3a7304bfe335be697b1d1baeaa436d3f91007384
Author: Mathew Kurian <MathewKurian@utexas.edu>
Date:   Thu Oct 22 19:45:40 2015 -0500

    Updating the texts

commit 71992cd7c3ea0cf4301c7b836762aeb0032f0c8b
Author: Mathew Kurian <MathewKurian@utexas.edu>
Date:   Thu Oct 22 19:43:39 2015 -0500

    Fixes #22

commit a82805008be938e042fb1425010fd058e8dc8126
Author: Mathew Kurian <MathewKurian@utexas.edu>
Date:   Thu Oct 22 19:41:43 2015 -0500

    Updating index

commit 2cd90067e669d71923fd21be3c978f62bcca1b11
Author: Mathew Kurian <MathewKurian@utexas.edu>
Date:   Thu Oct 22 19:40:17 2015 -0500

    Text improvements

commit 74e6700b1f0919fc91e87e63922d25f9f41b8197
Author: MatthewKimUT <matt.kim@utexas.edu>
Date:   Thu Oct 22 19:14:00 2015 -0500

    Added more depth to unit tests (querying)

commit 9ac1cfebd77312a048292c927a4e9d9d41dc0ba2
Author: RR-1995 <rrahul@msn.com>
Date:   Thu Oct 22 18:57:10 2015 -0500

    one bug fixed

commit 175ec042db6ab570a8006b1605437ec68e354be5
Author: Rahul Rajavel <rrahul@msn.com>
Date:   Thu Oct 22 18:46:23 2015 -0500

    update UML

commit b4d22638133b282ccf09a9a2daa820768647ca41
Author: MatthewKimUT <matt.kim@utexas.edu>
Date:   Thu Oct 22 18:25:23 2015 -0500

    Added profile info

commit d21b0a4848f6939aa4e1e6a46da14fc1e06a5068
Author: RR-1995 <rrahul@msn.com>
Date:   Thu Oct 22 18:21:40 2015 -0500

    Update App.jsx

commit 222d2d41d588bb3bed0a2faadec28304a9aeff87
Merge: b0a3bbb 47d1ccb
Author: Mathew Kurian <MathewKurian@utexas.edu>
Date:   Thu Oct 22 18:13:20 2015 -0500

    Merge branch 'gh-pages' of https://github.com/bluejamesbond/cs373-games into gh-pages

commit b0a3bbbd47fe3e1cb1a6ee4eb2d0cab0b565debb
Author: Mathew Kurian <MathewKurian@utexas.edu>
Date:   Thu Oct 22 18:11:49 2015 -0500

    Adding missing CSS

commit 47d1ccb1540eb457c2dc359be8f3f198e3d9a48f
Author: RR-1995 <rrahul@msn.com>
Date:   Thu Oct 22 18:11:28 2015 -0500

    small error fixed

commit 51ed2a1bf3b754f1b7f90602daec1173f2a9b4b4
Author: RR-1995 <rrahul@msn.com>
Date:   Thu Oct 22 18:08:14 2015 -0500

    search feature added

commit 50e7369828bc0f485d0ef6ceb7cf3f3dfeb9779b
Author: Mathew Kurian <MathewKurian@utexas.edu>
Date:   Thu Oct 22 18:01:16 2015 -0500

    Typo

commit 1b5526ce5b1c237ab2add95130340c1b764d1fd8
Author: Mathew Kurian <MathewKurian@utexas.edu>
Date:   Thu Oct 22 17:59:57 2015 -0500

    Minor settings fix

commit 7399187bd7248bb2d11f701aec1eb6e1906956b5
Merge: be2aab6 fd42b85
Author: Mathew Kurian <MathewKurian@utexas.edu>
Date:   Thu Oct 22 17:57:19 2015 -0500

    Merge branch 'gh-pages' of https://github.com/bluejamesbond/cs373-games into gh-pages

commit be2aab6b0154a5d8196a71ce0472581bd8c8c06c
Author: Mathew Kurian <MathewKurian@utexas.edu>
Date:   Thu Oct 22 17:56:51 2015 -0500

    Updating port

commit fd42b85e73a4685fd3c3f6eac7e602e783f93f2c
Merge: bbacdce 9ee9cb8
Author: Matthew Kim <myk235@cs.utexas.edu>
Date:   Thu Oct 22 17:47:11 2015 -0500

    fixed data model tables, added unit tests that match REST

commit bbacdceb124f7499724e4843ad68c4ecda0302ea
Author: Matthew Kim <myk235@cs.utexas.edu>
Date:   Thu Oct 22 17:35:33 2015 -0500

    Fixed up models and made unit tests match REST

commit 9ee9cb896d03aade29b0dafb8b0c19aea8d2039b
Author: cthfkyn <cthfkathie@gmail.com>
Date:   Thu Oct 22 15:16:09 2015 -0700

    added about page

commit 7b02b90e5e5d46e5ef21fe70aa38865be550d68c
Author: Matthew Kim <myk235@cs.utexas.edu>
Date:   Thu Oct 22 16:49:47 2015 -0500

    Revised models so that they matched the REST, still needs work on association tables

commit b372d435bad28fe2567ea60a60e193a137756a2a
Author: Matthew Kim <myk235@cs.utexas.edu>
Date:   Thu Oct 22 15:22:10 2015 -0500

    fixed some unit tests

commit e6966e62dabff46f58f167135572316789026d1a
Author: Matthew Kim <myk235@cs.utexas.edu>
Date:   Thu Oct 22 15:13:50 2015 -0500

    Changed developer to company and added basic unit tests

commit 9b7d339b8962cc11c18e8513aa5ece7f4db22c68
Author: Mathew Kurian <MathewKurian@utexas.edu>
Date:   Thu Oct 22 15:03:05 2015 -0500

    Adding selector

commit 311033e61e5d4d6515e0f54b5ea8db78eb5cf9f6
Author: Mathew Kurian <MathewKurian@utexas.edu>
Date:   Thu Oct 22 15:01:57 2015 -0500

    Adding about template

commit b0b71b75e50cd5589b7d66f29db925d0fb430054
Author: Mathew Kurian <MathewKurian@utexas.edu>
Date:   Thu Oct 22 14:25:03 2015 -0500

    Updating APIary

commit e5666ed24962e238c036fe796c70ba60efa2ede9
Author: Mathew Kurian <MathewKurian@utexas.edu>
Date:   Thu Oct 22 14:24:31 2015 -0500

    Minor fix

commit 824e2ef8f26144d9682ff8a41260788a6d1dc90b
Author: Mathew Kurian <MathewKurian@utexas.edu>
Date:   Thu Oct 22 13:31:43 2015 -0500

    Adding updated db and cleanup

commit b9c29e1b49b456617588d21045c712d04e7d7ec5
Author: Mathew Kurian <MathewKurian@utexas.edu>
Date:   Thu Oct 22 03:31:58 2015 -0500

    Adding updated db.json

commit 0b33c50051a6a6d69ad8ee35d544d020807c6ddd
Author: cthfkyn <cthfkathie@gmail.com>
Date:   Thu Oct 22 00:23:41 2015 -0700

    added about.scss, minor fix in package.json

commit ef492a301e0b664888a141a1ac6c97a64b27a040
Author: Mathew Kurian <MathewKurian@utexas.edu>
Date:   Wed Oct 21 18:48:30 2015 -0500

    Minor ui fix

commit 89f674f6ce3ef6affd78c113b0bcc26a005e81d0
Merge: 4abebf2 489aa1a
Author: Mathew Kurian <MathewKurian@utexas.edu>
Date:   Wed Oct 21 18:40:14 2015 -0500

    Merge branch 'gh-pages' of https://github.com/bluejamesbond/cs373-games into gh-pages

commit 4abebf27a5ff3286e0b269517ab5fd7bd4ef3154
Author: Mathew Kurian <MathewKurian@utexas.edu>
Date:   Wed Oct 21 18:39:53 2015 -0500

    Housekeeping

commit 6b6af23e5e672828b460da11fc195e81cee15d88
Author: Mathew Kurian <MathewKurian@utexas.edu>
Date:   Wed Oct 21 18:39:08 2015 -0500

    Adding latest companies db

commit 489aa1a66e8b0dea18a9b6999e6b74786f5911b8
Author: Rahul Rajavel <rrahul@msn.com>
Date:   Wed Oct 21 17:45:37 2015 -0500

    UML updated

commit ab5ae4b63f29dddb90a3550e6bd53a55cce1f9a6
Author: Rahul Rajavel <rrahul@msn.com>
Date:   Wed Oct 21 17:03:07 2015 -0500

    UML Diagram

commit 0e2f813e23161c61c306c8e56d2feacd45126e3b
Author: Rahul Rajavel <rrahul@msn.com>
Date:   Wed Oct 21 16:55:17 2015 -0500

    UML Diagram image added

commit 93c638c3539e0e985288b6b55abbb46d692221ee
Author: RR-1995 <rrahul@msn.com>
Date:   Wed Oct 21 16:50:12 2015 -0500

    Class Diagram
    
    For the UML Diagram

commit 7bed0d83a54bc9418ea414955b79e575b538e643
Author: Mathew Kurian <MathewKurian@utexas.edu>
Date:   Wed Oct 21 15:37:14 2015 -0500

    Gathered and displayed companies

commit 532ee67ff00d9f6d79c5f551ca5a73d93826d797
Merge: 1cca662 4b4e59d
Author: Mathew Kurian <MathewKurian@utexas.edu>
Date:   Wed Oct 21 05:39:44 2015 -0500

    Merge branch 'gh-pages' of https://github.com/bluejamesbond/cs373-games into gh-pages

commit 1cca66246b03289ce2a15532bef7fd908ac464e2
Author: Mathew Kurian <MathewKurian@utexas.edu>
Date:   Wed Oct 21 05:39:22 2015 -0500

    Adding platforms

commit 4b4e59dc4685f294195f468ad0a3c8d930235625
Author: Mathew Kurian <bluejamesbond@gmail.com>
Date:   Wed Oct 21 00:13:51 2015 -0500

    Update README.md

commit ad55d01b677d6a62488560312912c44133e35cc9
Author: Mathew Kurian <MathewKurian@utexas.edu>
Date:   Tue Oct 20 21:19:33 2015 -0500

    Adding scripts for companies

commit de9daa6da27f3ffd3dc3cd9375cc9a38afabc362
Author: RR-1995 <rrahul@msn.com>
Date:   Tue Oct 20 20:09:40 2015 -0500

    slight modifications
    
    changed developer/publisher to company

commit 2e9d31688f17f2428736de4a3cbda3c1afd385b6
Author: Mathew Kurian <MathewKurian@utexas.edu>
Date:   Tue Oct 20 20:07:11 2015 -0500

    Fixing average ratings

commit 6811c1afc27474fb62359de01cff592320281fec
Author: Mathew Kurian <MathewKurian@utexas.edu>
Date:   Tue Oct 20 19:58:14 2015 -0500

    Adding companies

commit 64096a7b5734f263a16b839e7149073ff36ea2ff
Author: RR-1995 <rrahul@msn.com>
Date:   Tue Oct 20 19:12:16 2015 -0500

    All models, all functions but search

commit cd272ca2040a8e35676d269f0744efac7f27c6ca
Author: RR-1995 <rrahul@msn.com>
Date:   Tue Oct 20 18:41:33 2015 -0500

    games, devs done

commit 408cbc0fec537633cf98c987b4807e925224a678
Author: Mathew Kurian <MathewKurian@utexas.edu>
Date:   Tue Oct 20 18:20:21 2015 -0500

    Meh

commit 9358833117103c6bc41ebd0acfe3d305398f3210
Merge: 769a54e 08b62ab
Author: Mathew Kurian <MathewKurian@utexas.edu>
Date:   Tue Oct 20 18:14:59 2015 -0500

    Merge branch 'gh-pages' of https://github.com/bluejamesbond/cs373-games into gh-pages

commit 769a54e444184d7f49e3f0964b3b3a3d441e54a3
Author: Mathew Kurian <MathewKurian@utexas.edu>
Date:   Tue Oct 20 18:12:35 2015 -0500

    Adding games db and records

commit 08b62aba8386356d050135e371f3cdf838ac8eb1
Author: Matthew Kim <myk235@cs.utexas.edu>
Date:   Tue Oct 20 18:01:26 2015 -0500

    Initial commit of unit tests (no tests yet, just framework)

commit 1e3d11aab1c0d893cc96a0f28330139cfcaf1d4b
Author: RR-1995 <rrahul@msn.com>
Date:   Tue Oct 20 17:21:51 2015 -0500

    Starting search api

commit cd7320f2df23a95fe53db7844cf112de51d7fe85
Merge: 4f249b1 b283a1c
Author: Matthew Kim <myk235@cs.utexas.edu>
Date:   Tue Oct 20 16:44:53 2015 -0500

    Added table names to models

commit 4f249b15e7702db8817c3098e3960c3fa5fee2bf
Author: Matthew Kim <myk235@cs.utexas.edu>
Date:   Tue Oct 20 16:40:49 2015 -0500

    Added table names to Models, made sure it compiles

commit b283a1ca18fa3c8db76f1f5e2a9f102f2c06cefb
Author: Mathew Kurian <MathewKurian@utexas.edu>
Date:   Tue Oct 20 13:24:50 2015 -0500

    Adding hyped games

commit aa93def7c089bfbd0f781abdc2d6be6b6692c494
Author: Mathew Kurian <bluejamesbond@gmail.com>
Date:   Tue Oct 20 04:06:25 2015 -0500

    Adding covers

commit 83640bb319982c1884b2e49bc38596981d00b5ab
Author: Mathew Kurian <bluejamesbond@gmail.com>
Date:   Tue Oct 20 02:27:57 2015 -0500

    Adding images acquired from google via. script

commit 5193e046c03bb157c6b83b84e4c567b75636e4af
Author: RR-1995 <rrahul@msn.com>
Date:   Mon Oct 19 23:42:26 2015 -0500

    Transferring blueprint from apiary.io

commit d386fafb7b8bf7a9e74ca44f16b8d3656e99037b
Author: Mathew Kurian <bluejamesbond@gmail.com>
Date:   Mon Oct 19 19:52:42 2015 -0500

    Fixing database collection

commit d8fb8655a4f97cd551d1e98138b77b3500b1f6e9
Author: Mathew Kurian <bluejamesbond@gmail.com>
Date:   Mon Oct 19 19:41:32 2015 -0500

    Adding collected games

commit 92ea91fc0da89a8ed584af36c1d1144ae62a9ec7
Author: Mathew Kurian <MathewKurian@utexas.edu>
Date:   Mon Oct 19 19:25:24 2015 -0500

    Adding ign game scaper

commit b583949e887766354d1e75d6c22fef66a4f3181d
Author: cs373-games <thepizzapi@yahoo.com>
Date:   Mon Oct 19 17:21:24 2015 -0500

    Transferring blueprint from apiary.io

commit 88422e438990c00366f137f49a36b851f90ea9ed
Merge: 6575ae8 9be8a03
Author: Matthew Kim <myk235@cs.utexas.edu>
Date:   Mon Oct 19 16:47:44 2015 -0500

    initial commit of data model

commit 9be8a032fd4cecb7845f91481ad698cc952662b4
Author: Mathew Kurian <MathewKurian@utexas.edu>
Date:   Mon Oct 19 14:15:12 2015 -0500

    Enabling mobile

commit 6575ae809a694fb90ed6bcafdcda624a711827a8
Author: Matthew Kim <myk235@cs.utexas.edu>
Date:   Mon Oct 19 14:08:34 2015 -0500

    Initial commit of models.py

commit 9773655fd447ac665083531e70421d99bb6de6b8
Author: Mathew Kurian <MathewKurian@utexas.edu>
Date:   Mon Oct 19 05:00:29 2015 -0500

    Compressing resource

commit e02c4dc272eea0f145631ed5cbada26d87bccc35
Author: Mathew Kurian <MathewKurian@utexas.edu>
Date:   Mon Oct 19 04:57:46 2015 -0500

    Adding flask compress

commit 3ad17a38f1b07db6b33be7158173d6c0c7153b1d
Author: Mathew Kurian <MathewKurian@utexas.edu>
Date:   Mon Oct 19 04:50:08 2015 -0500

    Adding links to homepage

commit 84a85190796a5ebfa2d65bf294a46b49d1ba5597
Author: Mathew Kurian <MathewKurian@utexas.edu>
Date:   Sun Oct 18 14:15:58 2015 -0500

    Adding parallax to homepage

commit 07f2e6f92715fb2ee7ca36559d4e1509ca556ebd
Author: Mathew Kurian <MathewKurian@utexas.edu>
Date:   Sun Oct 18 05:15:41 2015 -0500

    Adding exec flag

commit e12fefdbdcf478b970e4e85fad5e8bdcebfc5f22
Author: Mathew Kurian <MathewKurian@utexas.edu>
Date:   Sun Oct 18 05:15:09 2015 -0500

    Adding env

commit ef85b2c7c035e1fe9d3f44c67242a7eea743bb0b
Author: Mathew Kurian <MathewKurian@utexas.edu>
Date:   Sun Oct 18 05:09:24 2015 -0500

    ...

commit f58064c645357dded93cfdfb6e6a5665bd2772d1
Author: Mathew Kurian <MathewKurian@utexas.edu>
Date:   Sun Oct 18 05:07:33 2015 -0500

    Fixing path - continued

commit b22f088154883c08f2a01bdf2126ceb8ea98d577
Author: Mathew Kurian <MathewKurian@utexas.edu>
Date:   Sun Oct 18 05:05:57 2015 -0500

    Fixing asset path

commit be258f2725a8e907d0e1f99e3640342b1675f44b
Author: Mathew Kurian <MathewKurian@utexas.edu>
Date:   Sun Oct 18 05:00:22 2015 -0500

    Adding default mappings

commit 3421a1c1dd84168a08a4de423b3f9ebff1117f77
Author: Mathew Kurian <MathewKurian@utexas.edu>
Date:   Sun Oct 18 04:58:46 2015 -0500

    ...

commit cf7395c4f71559d4319bdb3bd907a9c9b1edb19a
Author: Mathew Kurian <MathewKurian@utexas.edu>
Date:   Sun Oct 18 04:57:59 2015 -0500

    Adding redirect

commit c04dafd1e9355d8af5ff0f242f44f0a0e6dac317
Author: Mathew Kurian <MathewKurian@utexas.edu>
Date:   Sun Oct 18 04:57:48 2015 -0500

    Adding redirect

commit a436ebba165a592b36b45c579cc24acfff2595c2
Author: Mathew Kurian <MathewKurian@utexas.edu>
Date:   Sun Oct 18 04:57:07 2015 -0500

    Adding redirect

commit e06292cee8dd5b6be23c9d0b5e273fd12838be16
Author: Mathew Kurian <MathewKurian@utexas.edu>
Date:   Sun Oct 18 04:55:04 2015 -0500

    Fixing jade files

commit 4801e0117852fbdb94f74e2dc02ef1058ff4ff66
Author: Mathew Kurian <MathewKurian@utexas.edu>
Date:   Sun Oct 18 04:42:10 2015 -0500

    Adding assets path

commit 913a6ed424e51470b5da0589d5ffc5535aaed9ce
Author: Mathew Kurian <MathewKurian@utexas.edu>
Date:   Sun Oct 18 04:38:10 2015 -0500

    Changing host

commit 9975fae381e4e8e95eb5ef31419d264525f58d8a
Author: Mathew Kurian <MathewKurian@utexas.edu>
Date:   Sun Oct 18 04:32:22 2015 -0500

    Prepping for rackspace

commit 13ecf748d8aca734dc84564d41c89928f0a97020
Author: Mathew Kurian <MathewKurian@utexas.edu>
Date:   Sun Oct 18 04:09:59 2015 -0500

    Minor tweaks for margins

commit 9c1457cc621c25a337cfb22a2760b96be447e355
Author: Mathew Kurian <MathewKurian@utexas.edu>
Date:   Sun Oct 18 04:09:28 2015 -0500

    Minor tweaks for margins

commit 5420101241d7d1a0d46e1b4bbfbf0354f35b48c9
Author: Mathew Kurian <MathewKurian@utexas.edu>
Date:   Sun Oct 18 04:04:26 2015 -0500

    Fixing some css for mobile

commit 891175073b3e6e9ebc7ac6ae2e499ac383ac21b6
Author: Mathew Kurian <MathewKurian@utexas.edu>
Date:   Sun Oct 18 03:45:56 2015 -0500

    Fixing spacing issues

commit 3a26ebbc4482914dfff2026c33ba717d3eb15904
Author: Mathew Kurian <MathewKurian@utexas.edu>
Date:   Sun Oct 18 03:39:25 2015 -0500

    Fixing scrolling and table resize

commit e34a5204e24db10274e1473eb52922023082c213
Author: Mathew Kurian <MathewKurian@utexas.edu>
Date:   Sun Oct 18 03:26:41 2015 -0500

    Adding compiled binaries

commit 55e0cd22ece5134ea7d1caa4614fc5f649f43fee
Author: Mathew Kurian <MathewKurian@utexas.edu>
Date:   Sun Oct 18 03:24:32 2015 -0500

    Adding init files

commit d415a0ba8d0b2886855927e9fce9d26b9b69487b
Author: Mathew Kurian <MathewKurian@utexas.edu>
Date:   Thu Oct 15 02:48:31 2015 -0500

    Removing dist

commit 862fc6c42438fc9f793381ffe51607e189089d4c
Author: Mathew Kurian <MathewKurian@utexas.edu>
Date:   Thu Oct 15 02:47:21 2015 -0500

    ...

commit e789291fcfdbe20a34be1e3df12429d69bf498f0
Author: Mathew Kurian <MathewKurian@utexas.edu>
Date:   Thu Oct 15 02:47:05 2015 -0500

    ...

commit 9b88a50e5acff2d53fd0807ea9b7ca3b90c12c38
Author: Mathew Kurian <MathewKurian@utexas.edu>
Date:   Thu Oct 15 02:46:50 2015 -0500

    Removing dist and added Flask

commit a914e240c9af819cc679c1cada3bf6ef57c1da2e
Author: Mathew Kurian <MathewKurian@utexas.edu>
Date:   Wed Oct 14 23:43:53 2015 -0500

    ...

commit 4463fa556649f2ef2594983d65f1939c0cf6c296
Author: Mathew Kurian <MathewKurian@utexas.edu>
Date:   Wed Oct 14 23:43:27 2015 -0500

    Houskeeping

commit 8c9a3d8c8043eede2919f8ef850ba4a708cbb2a1
Author: Mathew Kurian <MathewKurian@utexas.edu>
Date:   Wed Oct 14 23:42:11 2015 -0500

    Adding stylesheet to index.html

commit afef6c8a9e389263625bf39179a9804ed33a25f9
Author: Mathew Kurian <MathewKurian@utexas.edu>
Date:   Wed Oct 14 23:31:55 2015 -0500

    Allowing compiled into git; not the best but supports for gh-pages for quick previews

commit 80bdc37d2660a8207f62010b28c7d30666140955
Author: Mathew Kurian <MathewKurian@utexas.edu>
Date:   Wed Oct 14 23:29:12 2015 -0500

    Updating instructions

commit af29ca831ebad2baaa6c6be848282ef6caf433c2
Author: Mathew Kurian <MathewKurian@utexas.edu>
Date:   Wed Oct 14 23:25:36 2015 -0500

    Adding boilerplate; look at setup on README.md
