OpenJDK 64-Bit Server VM (24.85-b03) for linux-amd64 JRE (1.7.0_85-b01), built on Oct 22 2015 06:46:50 by "buildd" with gcc 4.8.2
Memory: 4k page, physical 3972464k(1923964k free), swap 1048572k(1048572k free)
CommandLine flags: -XX:CMSFullGCsBeforeCompaction=1 -XX:CMSInitiatingOccupancyFraction=50 -XX:CMSMaxAbortablePrecleanTime=6000 -XX:+CMSParallelRemarkEnabled -XX:+CMSScavengeBeforeRemark -XX:CMSTriggerPermRatio=80 -XX:ConcGCThreads=4 -XX:InitialHeapSize=536870912 -XX:MaxHeapSize=536870912 -XX:MaxTenuringThreshold=8 -XX:NewRatio=3 -XX:OldPLABSize=16 -XX:ParallelGCThreads=4 -XX:+ParallelRefProcEnabled -XX:PretenureSizeThreshold=67108864 -XX:+PrintGC -XX:+PrintGCApplicationStoppedTime -XX:+PrintGCDateStamps -XX:+PrintGCDetails -XX:+PrintGCTimeStamps -XX:+PrintHeapAtGC -XX:+PrintTenuringDistribution -XX:SurvivorRatio=4 -XX:TargetSurvivorRatio=90 -XX:ThreadStackSize=256 -XX:+UseCMSInitiatingOccupancyOnly -XX:+UseCompressedOops -XX:+UseConcMarkSweepGC -XX:+UseParNewGC 
2015-11-12T19:34:55.355-0600: 1.031: Total time for which application threads were stopped: 0.0002070 seconds, Stopping threads took: 0.0000880 seconds
{Heap before GC invocations=0 (full 0):
 par new generation   total 109248K, used 87424K [0x00000000d5a00000, 0x00000000dda00000, 0x00000000dda00000)
  eden space 87424K, 100% used [0x00000000d5a00000, 0x00000000daf60000, 0x00000000daf60000)
  from space 21824K,   0% used [0x00000000daf60000, 0x00000000daf60000, 0x00000000dc4b0000)
  to   space 21824K,   0% used [0x00000000dc4b0000, 0x00000000dc4b0000, 0x00000000dda00000)
 concurrent mark-sweep generation total 393216K, used 0K [0x00000000dda00000, 0x00000000f5a00000, 0x00000000f5a00000)
 concurrent-mark-sweep perm gen total 21248K, used 10289K [0x00000000f5a00000, 0x00000000f6ec0000, 0x0000000100000000)
2015-11-12T19:34:55.435-0600: 1.112: [GC2015-11-12T19:34:55.435-0600: 1.112: [ParNew
Desired survivor size 20112992 bytes, new threshold 8 (max 8)
- age   1:    5367216 bytes,    5367216 total
: 87424K->5301K(109248K), 0.0120180 secs] 87424K->5301K(502464K), 0.0121530 secs] [Times: user=0.04 sys=0.00, real=0.01 secs] 
Heap after GC invocations=1 (full 0):
 par new generation   total 109248K, used 5301K [0x00000000d5a00000, 0x00000000dda00000, 0x00000000dda00000)
  eden space 87424K,   0% used [0x00000000d5a00000, 0x00000000d5a00000, 0x00000000daf60000)
  from space 21824K,  24% used [0x00000000dc4b0000, 0x00000000dc9dd4c0, 0x00000000dda00000)
  to   space 21824K,   0% used [0x00000000daf60000, 0x00000000daf60000, 0x00000000dc4b0000)
 concurrent mark-sweep generation total 393216K, used 0K [0x00000000dda00000, 0x00000000f5a00000, 0x00000000f5a00000)
 concurrent-mark-sweep perm gen total 21248K, used 10289K [0x00000000f5a00000, 0x00000000f6ec0000, 0x0000000100000000)
}
2015-11-12T19:34:55.448-0600: 1.124: Total time for which application threads were stopped: 0.0123420 seconds, Stopping threads took: 0.0000280 seconds
2015-11-12T19:34:55.991-0600: 1.667: Total time for which application threads were stopped: 0.0001560 seconds, Stopping threads took: 0.0000190 seconds
2015-11-12T19:34:56.197-0600: 1.873: Total time for which application threads were stopped: 0.0001270 seconds, Stopping threads took: 0.0000220 seconds
2015-11-12T19:34:58.408-0600: 4.084: Total time for which application threads were stopped: 0.0005810 seconds, Stopping threads took: 0.0000460 seconds
2015-11-12T19:34:58.720-0600: 4.396: Total time for which application threads were stopped: 0.0001790 seconds, Stopping threads took: 0.0000320 seconds
2015-11-12T19:34:59.721-0600: 5.397: Total time for which application threads were stopped: 0.0003090 seconds, Stopping threads took: 0.0000720 seconds
2015-11-12T19:35:12.016-0600: 17.692: Total time for which application threads were stopped: 0.0006630 seconds, Stopping threads took: 0.0002800 seconds
2015-11-12T19:35:12.017-0600: 17.693: Total time for which application threads were stopped: 0.0005760 seconds, Stopping threads took: 0.0001880 seconds
2015-11-12T19:35:39.021-0600: 44.698: Total time for which application threads were stopped: 0.0002800 seconds, Stopping threads took: 0.0000670 seconds
2015-11-12T19:35:59.341-0600: 65.017: Total time for which application threads were stopped: 0.0002170 seconds, Stopping threads took: 0.0000960 seconds
2015-11-12T19:35:59.410-0600: 65.087: Total time for which application threads were stopped: 0.0019430 seconds, Stopping threads took: 0.0018540 seconds
2015-11-12T19:35:59.425-0600: 65.101: Total time for which application threads were stopped: 0.0001130 seconds, Stopping threads took: 0.0000650 seconds
2015-11-12T19:35:59.461-0600: 65.137: Total time for which application threads were stopped: 0.0001000 seconds, Stopping threads took: 0.0000520 seconds
2015-11-12T19:35:59.472-0600: 65.148: Total time for which application threads were stopped: 0.0000990 seconds, Stopping threads took: 0.0000500 seconds
2015-11-12T19:35:59.564-0600: 65.240: Total time for which application threads were stopped: 0.0001550 seconds, Stopping threads took: 0.0000330 seconds
2015-11-12T19:35:59.710-0600: 65.386: Total time for which application threads were stopped: 0.0009820 seconds, Stopping threads took: 0.0008530 seconds
2015-11-12T19:35:59.710-0600: 65.386: Total time for which application threads were stopped: 0.0001290 seconds, Stopping threads took: 0.0000500 seconds
2015-11-12T19:35:59.712-0600: 65.388: Total time for which application threads were stopped: 0.0008890 seconds, Stopping threads took: 0.0008350 seconds
2015-11-12T19:35:59.748-0600: 65.424: Total time for which application threads were stopped: 0.0006080 seconds, Stopping threads took: 0.0005330 seconds
2015-11-12T19:35:59.774-0600: 65.451: Total time for which application threads were stopped: 0.0001380 seconds, Stopping threads took: 0.0000560 seconds
2015-11-12T19:35:59.774-0600: 65.451: Total time for which application threads were stopped: 0.0000640 seconds, Stopping threads took: 0.0000230 seconds
{Heap before GC invocations=1 (full 0):
 par new generation   total 109248K, used 92725K [0x00000000d5a00000, 0x00000000dda00000, 0x00000000dda00000)
  eden space 87424K, 100% used [0x00000000d5a00000, 0x00000000daf60000, 0x00000000daf60000)
  from space 21824K,  24% used [0x00000000dc4b0000, 0x00000000dc9dd4c0, 0x00000000dda00000)
  to   space 21824K,   0% used [0x00000000daf60000, 0x00000000daf60000, 0x00000000dc4b0000)
 concurrent mark-sweep generation total 393216K, used 0K [0x00000000dda00000, 0x00000000f5a00000, 0x00000000f5a00000)
 concurrent-mark-sweep perm gen total 22592K, used 22537K [0x00000000f5a00000, 0x00000000f7010000, 0x0000000100000000)
2015-11-12T19:35:59.786-0600: 65.462: [GC2015-11-12T19:35:59.786-0600: 65.462: [ParNew
Desired survivor size 20112992 bytes, new threshold 8 (max 8)
- age   1:   10729584 bytes,   10729584 total
- age   2:    2139504 bytes,   12869088 total
: 92725K->14398K(109248K), 0.0230880 secs] 92725K->14398K(502464K), 0.0232780 secs] [Times: user=0.07 sys=0.01, real=0.02 secs] 
Heap after GC invocations=2 (full 0):
 par new generation   total 109248K, used 14398K [0x00000000d5a00000, 0x00000000dda00000, 0x00000000dda00000)
  eden space 87424K,   0% used [0x00000000d5a00000, 0x00000000d5a00000, 0x00000000daf60000)
  from space 21824K,  65% used [0x00000000daf60000, 0x00000000dbd6f9e0, 0x00000000dc4b0000)
  to   space 21824K,   0% used [0x00000000dc4b0000, 0x00000000dc4b0000, 0x00000000dda00000)
 concurrent mark-sweep generation total 393216K, used 0K [0x00000000dda00000, 0x00000000f5a00000, 0x00000000f5a00000)
 concurrent-mark-sweep perm gen total 22592K, used 22537K [0x00000000f5a00000, 0x00000000f7010000, 0x0000000100000000)
}
2015-11-12T19:35:59.809-0600: 65.485: Total time for which application threads were stopped: 0.0239120 seconds, Stopping threads took: 0.0000580 seconds
2015-11-12T19:35:59.811-0600: 65.487: Total time for which application threads were stopped: 0.0000920 seconds, Stopping threads took: 0.0000470 seconds
2015-11-12T19:35:59.811-0600: 65.488: Total time for which application threads were stopped: 0.0000850 seconds, Stopping threads took: 0.0000440 seconds
2015-11-12T19:35:59.812-0600: 65.488: Total time for which application threads were stopped: 0.0000840 seconds, Stopping threads took: 0.0000530 seconds
2015-11-12T19:35:59.812-0600: 65.488: Total time for which application threads were stopped: 0.0001050 seconds, Stopping threads took: 0.0000740 seconds
2015-11-12T19:35:59.814-0600: 65.490: Total time for which application threads were stopped: 0.0000840 seconds, Stopping threads took: 0.0000500 seconds
2015-11-12T19:35:59.820-0600: 65.496: Total time for which application threads were stopped: 0.0001290 seconds, Stopping threads took: 0.0000790 seconds
2015-11-12T19:35:59.820-0600: 65.496: Total time for which application threads were stopped: 0.0001120 seconds, Stopping threads took: 0.0000710 seconds
2015-11-12T19:35:59.826-0600: 65.503: Total time for which application threads were stopped: 0.0001230 seconds, Stopping threads took: 0.0000630 seconds
2015-11-12T19:35:59.829-0600: 65.506: Total time for which application threads were stopped: 0.0001170 seconds, Stopping threads took: 0.0000630 seconds
2015-11-12T19:35:59.833-0600: 65.509: Total time for which application threads were stopped: 0.0001430 seconds, Stopping threads took: 0.0000690 seconds
2015-11-12T19:35:59.833-0600: 65.509: Total time for which application threads were stopped: 0.0000990 seconds, Stopping threads took: 0.0000450 seconds
2015-11-12T19:35:59.833-0600: 65.509: Total time for which application threads were stopped: 0.0000830 seconds, Stopping threads took: 0.0000380 seconds
2015-11-12T19:35:59.834-0600: 65.510: Total time for which application threads were stopped: 0.0001060 seconds, Stopping threads took: 0.0000350 seconds
2015-11-12T19:35:59.834-0600: 65.511: Total time for which application threads were stopped: 0.0001100 seconds, Stopping threads took: 0.0000670 seconds
2015-11-12T19:35:59.838-0600: 65.515: Total time for which application threads were stopped: 0.0001030 seconds, Stopping threads took: 0.0000570 seconds
2015-11-12T19:35:59.839-0600: 65.515: Total time for which application threads were stopped: 0.0000720 seconds, Stopping threads took: 0.0000430 seconds
2015-11-12T19:35:59.839-0600: 65.515: Total time for which application threads were stopped: 0.0000690 seconds, Stopping threads took: 0.0000420 seconds
2015-11-12T19:35:59.839-0600: 65.515: Total time for which application threads were stopped: 0.0000420 seconds, Stopping threads took: 0.0000180 seconds
2015-11-12T19:35:59.839-0600: 65.515: Total time for which application threads were stopped: 0.0000360 seconds, Stopping threads took: 0.0000140 seconds
2015-11-12T19:35:59.839-0600: 65.515: Total time for which application threads were stopped: 0.0000700 seconds, Stopping threads took: 0.0000450 seconds
2015-11-12T19:35:59.839-0600: 65.515: Total time for which application threads were stopped: 0.0000640 seconds, Stopping threads took: 0.0000430 seconds
2015-11-12T19:35:59.839-0600: 65.515: Total time for which application threads were stopped: 0.0001570 seconds, Stopping threads took: 0.0000280 seconds
2015-11-12T19:35:59.839-0600: 65.516: Total time for which application threads were stopped: 0.0000610 seconds, Stopping threads took: 0.0000370 seconds
2015-11-12T19:35:59.841-0600: 65.517: Total time for which application threads were stopped: 0.0000920 seconds, Stopping threads took: 0.0000610 seconds
2015-11-12T19:35:59.865-0600: 65.542: Total time for which application threads were stopped: 0.0024110 seconds, Stopping threads took: 0.0022710 seconds
2015-11-12T19:35:59.877-0600: 65.553: Total time for which application threads were stopped: 0.0001860 seconds, Stopping threads took: 0.0001230 seconds
2015-11-12T19:35:59.955-0600: 65.631: Total time for which application threads were stopped: 0.0001400 seconds, Stopping threads took: 0.0000610 seconds
2015-11-12T19:35:59.970-0600: 65.646: Total time for which application threads were stopped: 0.0002890 seconds, Stopping threads took: 0.0000910 seconds
2015-11-12T19:36:00.078-0600: 65.754: Total time for which application threads were stopped: 0.0002080 seconds, Stopping threads took: 0.0000730 seconds
2015-11-12T19:36:00.112-0600: 65.788: Total time for which application threads were stopped: 0.0001380 seconds, Stopping threads took: 0.0000660 seconds
2015-11-12T19:36:00.124-0600: 65.800: Total time for which application threads were stopped: 0.0000930 seconds, Stopping threads took: 0.0000350 seconds
2015-11-12T19:36:00.374-0600: 66.051: Total time for which application threads were stopped: 0.0002370 seconds, Stopping threads took: 0.0000570 seconds
2015-11-12T19:36:00.378-0600: 66.055: Total time for which application threads were stopped: 0.0032790 seconds, Stopping threads took: 0.0032290 seconds
2015-11-12T19:36:00.378-0600: 66.055: Total time for which application threads were stopped: 0.0000720 seconds, Stopping threads took: 0.0000260 seconds
2015-11-12T19:36:00.383-0600: 66.059: Total time for which application threads were stopped: 0.0003470 seconds, Stopping threads took: 0.0002880 seconds
2015-11-12T19:36:00.387-0600: 66.063: Total time for which application threads were stopped: 0.0001140 seconds, Stopping threads took: 0.0000540 seconds
2015-11-12T19:36:00.387-0600: 66.063: Total time for which application threads were stopped: 0.0001060 seconds, Stopping threads took: 0.0000630 seconds
2015-11-12T19:36:00.387-0600: 66.064: Total time for which application threads were stopped: 0.0000940 seconds, Stopping threads took: 0.0000410 seconds
2015-11-12T19:36:00.388-0600: 66.064: Total time for which application threads were stopped: 0.0000870 seconds, Stopping threads took: 0.0000380 seconds
2015-11-12T19:36:00.388-0600: 66.064: Total time for which application threads were stopped: 0.0000610 seconds, Stopping threads took: 0.0000230 seconds
2015-11-12T19:36:00.389-0600: 66.065: Total time for which application threads were stopped: 0.0000780 seconds, Stopping threads took: 0.0000280 seconds
2015-11-12T19:36:00.391-0600: 66.067: Total time for which application threads were stopped: 0.0004850 seconds, Stopping threads took: 0.0003350 seconds
2015-11-12T19:36:00.394-0600: 66.071: Total time for which application threads were stopped: 0.0021790 seconds, Stopping threads took: 0.0021250 seconds
2015-11-12T19:36:00.410-0600: 66.086: Total time for which application threads were stopped: 0.0001370 seconds, Stopping threads took: 0.0000650 seconds
2015-11-12T19:36:00.411-0600: 66.087: Total time for which application threads were stopped: 0.0001040 seconds, Stopping threads took: 0.0000570 seconds
2015-11-12T19:36:00.414-0600: 66.091: Total time for which application threads were stopped: 0.0035890 seconds, Stopping threads took: 0.0035410 seconds
2015-11-12T19:36:00.418-0600: 66.094: Total time for which application threads were stopped: 0.0027970 seconds, Stopping threads took: 0.0027460 seconds
2015-11-12T19:36:00.418-0600: 66.095: Total time for which application threads were stopped: 0.0000660 seconds, Stopping threads took: 0.0000300 seconds
2015-11-12T19:36:00.418-0600: 66.095: Total time for which application threads were stopped: 0.0001550 seconds, Stopping threads took: 0.0000470 seconds
2015-11-12T19:36:00.419-0600: 66.095: Total time for which application threads were stopped: 0.0000800 seconds, Stopping threads took: 0.0000260 seconds
2015-11-12T19:36:00.420-0600: 66.097: Total time for which application threads were stopped: 0.0000910 seconds, Stopping threads took: 0.0000290 seconds
2015-11-12T19:36:00.421-0600: 66.097: Total time for which application threads were stopped: 0.0000710 seconds, Stopping threads took: 0.0000220 seconds
2015-11-12T19:36:00.421-0600: 66.098: Total time for which application threads were stopped: 0.0001090 seconds, Stopping threads took: 0.0000400 seconds
2015-11-12T19:36:00.422-0600: 66.098: Total time for which application threads were stopped: 0.0000950 seconds, Stopping threads took: 0.0000410 seconds
2015-11-12T19:36:00.422-0600: 66.098: Total time for which application threads were stopped: 0.0000830 seconds, Stopping threads took: 0.0000350 seconds
2015-11-12T19:36:00.423-0600: 66.099: Total time for which application threads were stopped: 0.0001130 seconds, Stopping threads took: 0.0000500 seconds
2015-11-12T19:36:00.424-0600: 66.100: Total time for which application threads were stopped: 0.0000940 seconds, Stopping threads took: 0.0000410 seconds
2015-11-12T19:36:00.424-0600: 66.100: Total time for which application threads were stopped: 0.0000810 seconds, Stopping threads took: 0.0000340 seconds
2015-11-12T19:36:00.424-0600: 66.101: Total time for which application threads were stopped: 0.0001060 seconds, Stopping threads took: 0.0000480 seconds
2015-11-12T19:36:00.425-0600: 66.101: Total time for which application threads were stopped: 0.0000910 seconds, Stopping threads took: 0.0000390 seconds
2015-11-12T19:36:00.425-0600: 66.101: Total time for which application threads were stopped: 0.0000770 seconds, Stopping threads took: 0.0000320 seconds
2015-11-12T19:36:00.426-0600: 66.102: Total time for which application threads were stopped: 0.0000950 seconds, Stopping threads took: 0.0000360 seconds
2015-11-12T19:36:00.426-0600: 66.103: Total time for which application threads were stopped: 0.0001210 seconds, Stopping threads took: 0.0000700 seconds
2015-11-12T19:36:00.467-0600: 66.143: Total time for which application threads were stopped: 0.0001940 seconds, Stopping threads took: 0.0000330 seconds
2015-11-12T19:36:00.699-0600: 66.375: Total time for which application threads were stopped: 0.0002060 seconds, Stopping threads took: 0.0000300 seconds
2015-11-12T19:36:00.715-0600: 66.391: Total time for which application threads were stopped: 0.0000690 seconds, Stopping threads took: 0.0000220 seconds
2015-11-12T19:36:00.716-0600: 66.392: Total time for which application threads were stopped: 0.0001140 seconds, Stopping threads took: 0.0000680 seconds
{Heap before GC invocations=2 (full 0):
 par new generation   total 109248K, used 101822K [0x00000000d5a00000, 0x00000000dda00000, 0x00000000dda00000)
  eden space 87424K, 100% used [0x00000000d5a00000, 0x00000000daf60000, 0x00000000daf60000)
  from space 21824K,  65% used [0x00000000daf60000, 0x00000000dbd6f9e0, 0x00000000dc4b0000)
  to   space 21824K,   0% used [0x00000000dc4b0000, 0x00000000dc4b0000, 0x00000000dda00000)
 concurrent mark-sweep generation total 393216K, used 0K [0x00000000dda00000, 0x00000000f5a00000, 0x00000000f5a00000)
 concurrent-mark-sweep perm gen total 23552K, used 23497K [0x00000000f5a00000, 0x00000000f7100000, 0x0000000100000000)
2015-11-12T19:36:00.776-0600: 66.453: [GC2015-11-12T19:36:00.776-0600: 66.453: [ParNew
Desired survivor size 20112992 bytes, new threshold 8 (max 8)
- age   1:    3263768 bytes,    3263768 total
- age   2:    4225120 bytes,    7488888 total
- age   3:    2132992 bytes,    9621880 total
: 101822K->15408K(109248K), 0.0163830 secs] 101822K->15408K(502464K), 0.0165390 secs] [Times: user=0.06 sys=0.00, real=0.02 secs] 
Heap after GC invocations=3 (full 0):
 par new generation   total 109248K, used 15408K [0x00000000d5a00000, 0x00000000dda00000, 0x00000000dda00000)
  eden space 87424K,   0% used [0x00000000d5a00000, 0x00000000d5a00000, 0x00000000daf60000)
  from space 21824K,  70% used [0x00000000dc4b0000, 0x00000000dd3bc2d0, 0x00000000dda00000)
  to   space 21824K,   0% used [0x00000000daf60000, 0x00000000daf60000, 0x00000000dc4b0000)
 concurrent mark-sweep generation total 393216K, used 0K [0x00000000dda00000, 0x00000000f5a00000, 0x00000000f5a00000)
 concurrent-mark-sweep perm gen total 23552K, used 23497K [0x00000000f5a00000, 0x00000000f7100000, 0x0000000100000000)
}
2015-11-12T19:36:00.793-0600: 66.469: Total time for which application threads were stopped: 0.0168500 seconds, Stopping threads took: 0.0000870 seconds
2015-11-12T19:36:00.795-0600: 66.471: Total time for which application threads were stopped: 0.0000950 seconds, Stopping threads took: 0.0000550 seconds
2015-11-12T19:36:00.795-0600: 66.471: Total time for which application threads were stopped: 0.0000660 seconds, Stopping threads took: 0.0000390 seconds
2015-11-12T19:36:00.795-0600: 66.471: Total time for which application threads were stopped: 0.0000640 seconds, Stopping threads took: 0.0000380 seconds
2015-11-12T19:36:00.795-0600: 66.471: Total time for which application threads were stopped: 0.0000680 seconds, Stopping threads took: 0.0000410 seconds
2015-11-12T19:36:00.795-0600: 66.472: Total time for which application threads were stopped: 0.0000600 seconds, Stopping threads took: 0.0000360 seconds
2015-11-12T19:36:00.795-0600: 66.472: Total time for which application threads were stopped: 0.0000580 seconds, Stopping threads took: 0.0000350 seconds
2015-11-12T19:36:00.795-0600: 66.472: Total time for which application threads were stopped: 0.0000530 seconds, Stopping threads took: 0.0000280 seconds
2015-11-12T19:36:00.796-0600: 66.472: Total time for which application threads were stopped: 0.0000710 seconds, Stopping threads took: 0.0000460 seconds
2015-11-12T19:36:00.796-0600: 66.472: Total time for which application threads were stopped: 0.0000780 seconds, Stopping threads took: 0.0000540 seconds
2015-11-12T19:36:00.796-0600: 66.472: Total time for which application threads were stopped: 0.0000670 seconds, Stopping threads took: 0.0000430 seconds
2015-11-12T19:36:00.796-0600: 66.472: Total time for which application threads were stopped: 0.0000800 seconds, Stopping threads took: 0.0000510 seconds
2015-11-12T19:36:00.796-0600: 66.472: Total time for which application threads were stopped: 0.0000840 seconds, Stopping threads took: 0.0000490 seconds
2015-11-12T19:36:00.796-0600: 66.472: Total time for which application threads were stopped: 0.0000610 seconds, Stopping threads took: 0.0000370 seconds
2015-11-12T19:36:00.796-0600: 66.472: Total time for which application threads were stopped: 0.0000550 seconds, Stopping threads took: 0.0000320 seconds
2015-11-12T19:36:00.796-0600: 66.473: Total time for which application threads were stopped: 0.0000650 seconds, Stopping threads took: 0.0000420 seconds
2015-11-12T19:36:00.796-0600: 66.473: Total time for which application threads were stopped: 0.0000590 seconds, Stopping threads took: 0.0000360 seconds
2015-11-12T19:36:00.796-0600: 66.473: Total time for which application threads were stopped: 0.0000620 seconds, Stopping threads took: 0.0000330 seconds
2015-11-12T19:36:00.797-0600: 66.473: Total time for which application threads were stopped: 0.0000620 seconds, Stopping threads took: 0.0000330 seconds
2015-11-12T19:36:00.797-0600: 66.473: Total time for which application threads were stopped: 0.0000610 seconds, Stopping threads took: 0.0000310 seconds
2015-11-12T19:36:00.797-0600: 66.473: Total time for which application threads were stopped: 0.0002320 seconds, Stopping threads took: 0.0000450 seconds
2015-11-12T19:36:00.798-0600: 66.474: Total time for which application threads were stopped: 0.0000930 seconds, Stopping threads took: 0.0000430 seconds
2015-11-12T19:36:00.798-0600: 66.474: Total time for which application threads were stopped: 0.0000860 seconds, Stopping threads took: 0.0000350 seconds
2015-11-12T19:36:00.902-0600: 66.578: Total time for which application threads were stopped: 0.0002330 seconds, Stopping threads took: 0.0000420 seconds
2015-11-12T19:36:00.909-0600: 66.585: Total time for which application threads were stopped: 0.0001060 seconds, Stopping threads took: 0.0000420 seconds
2015-11-12T19:36:00.909-0600: 66.586: Total time for which application threads were stopped: 0.0001020 seconds, Stopping threads took: 0.0000400 seconds
2015-11-12T19:36:00.912-0600: 66.588: Total time for which application threads were stopped: 0.0001500 seconds, Stopping threads took: 0.0000810 seconds
2015-11-12T19:36:00.912-0600: 66.588: Total time for which application threads were stopped: 0.0001080 seconds, Stopping threads took: 0.0000500 seconds
2015-11-12T19:36:00.937-0600: 66.613: Total time for which application threads were stopped: 0.0016810 seconds, Stopping threads took: 0.0015850 seconds
2015-11-12T19:36:00.951-0600: 66.627: Total time for which application threads were stopped: 0.0001520 seconds, Stopping threads took: 0.0000740 seconds
2015-11-12T19:36:00.975-0600: 66.652: Total time for which application threads were stopped: 0.0001520 seconds, Stopping threads took: 0.0000740 seconds
2015-11-12T19:36:00.996-0600: 66.672: Total time for which application threads were stopped: 0.0001580 seconds, Stopping threads took: 0.0000950 seconds
2015-11-12T19:36:01.025-0600: 66.701: Total time for which application threads were stopped: 0.0001630 seconds, Stopping threads took: 0.0000940 seconds
2015-11-12T19:36:01.040-0600: 66.717: Total time for which application threads were stopped: 0.0001410 seconds, Stopping threads took: 0.0000620 seconds
2015-11-12T19:36:01.052-0600: 66.728: Total time for which application threads were stopped: 0.0001360 seconds, Stopping threads took: 0.0000650 seconds
2015-11-12T19:36:01.061-0600: 66.737: Total time for which application threads were stopped: 0.0001400 seconds, Stopping threads took: 0.0000430 seconds
2015-11-12T19:36:01.079-0600: 66.756: Total time for which application threads were stopped: 0.0001510 seconds, Stopping threads took: 0.0000900 seconds
2015-11-12T19:36:01.098-0600: 66.774: Total time for which application threads were stopped: 0.0001410 seconds, Stopping threads took: 0.0000400 seconds
2015-11-12T19:36:01.107-0600: 66.783: Total time for which application threads were stopped: 0.0001050 seconds, Stopping threads took: 0.0000360 seconds
2015-11-12T19:36:01.138-0600: 66.815: Total time for which application threads were stopped: 0.0001330 seconds, Stopping threads took: 0.0000670 seconds
2015-11-12T19:36:01.140-0600: 66.816: Total time for which application threads were stopped: 0.0000830 seconds, Stopping threads took: 0.0000280 seconds
2015-11-12T19:36:01.148-0600: 66.824: Total time for which application threads were stopped: 0.0001080 seconds, Stopping threads took: 0.0000400 seconds
{Heap before GC invocations=3 (full 0):
 par new generation   total 109248K, used 102832K [0x00000000d5a00000, 0x00000000dda00000, 0x00000000dda00000)
  eden space 87424K, 100% used [0x00000000d5a00000, 0x00000000daf60000, 0x00000000daf60000)
  from space 21824K,  70% used [0x00000000dc4b0000, 0x00000000dd3bc2d0, 0x00000000dda00000)
  to   space 21824K,   0% used [0x00000000daf60000, 0x00000000daf60000, 0x00000000dc4b0000)
 concurrent mark-sweep generation total 393216K, used 0K [0x00000000dda00000, 0x00000000f5a00000, 0x00000000f5a00000)
 concurrent-mark-sweep perm gen total 24320K, used 24180K [0x00000000f5a00000, 0x00000000f71c0000, 0x0000000100000000)
2015-11-12T19:36:01.148-0600: 66.824: [GC2015-11-12T19:36:01.148-0600: 66.825: [ParNew
Desired survivor size 20112992 bytes, new threshold 8 (max 8)
- age   1:    1548392 bytes,    1548392 total
- age   2:    2029920 bytes,    3578312 total
- age   3:    4218968 bytes,    7797280 total
- age   4:    2130848 bytes,    9928128 total
: 102832K->11063K(109248K), 0.0223990 secs] 102832K->11063K(502464K), 0.0225590 secs] [Times: user=0.08 sys=0.00, real=0.03 secs] 
Heap after GC invocations=4 (full 0):
 par new generation   total 109248K, used 11063K [0x00000000d5a00000, 0x00000000dda00000, 0x00000000dda00000)
  eden space 87424K,   0% used [0x00000000d5a00000, 0x00000000d5a00000, 0x00000000daf60000)
  from space 21824K,  50% used [0x00000000daf60000, 0x00000000dba2deb0, 0x00000000dc4b0000)
  to   space 21824K,   0% used [0x00000000dc4b0000, 0x00000000dc4b0000, 0x00000000dda00000)
 concurrent mark-sweep generation total 393216K, used 0K [0x00000000dda00000, 0x00000000f5a00000, 0x00000000f5a00000)
 concurrent-mark-sweep perm gen total 24320K, used 24180K [0x00000000f5a00000, 0x00000000f71c0000, 0x0000000100000000)
}
2015-11-12T19:36:01.171-0600: 66.847: Total time for which application threads were stopped: 0.0227780 seconds, Stopping threads took: 0.0000580 seconds
2015-11-12T19:36:01.174-0600: 66.851: Total time for which application threads were stopped: 0.0001170 seconds, Stopping threads took: 0.0000410 seconds
2015-11-12T19:36:01.175-0600: 66.851: Total time for which application threads were stopped: 0.0000550 seconds, Stopping threads took: 0.0000200 seconds
{Heap before GC invocations=4 (full 0):
 par new generation   total 109248K, used 98487K [0x00000000d5a00000, 0x00000000dda00000, 0x00000000dda00000)
  eden space 87424K, 100% used [0x00000000d5a00000, 0x00000000daf60000, 0x00000000daf60000)
  from space 21824K,  50% used [0x00000000daf60000, 0x00000000dba2deb0, 0x00000000dc4b0000)
  to   space 21824K,   0% used [0x00000000dc4b0000, 0x00000000dc4b0000, 0x00000000dda00000)
 concurrent mark-sweep generation total 393216K, used 0K [0x00000000dda00000, 0x00000000f5a00000, 0x00000000f5a00000)
 concurrent-mark-sweep perm gen total 24512K, used 24334K [0x00000000f5a00000, 0x00000000f71f0000, 0x0000000100000000)
2015-11-12T19:36:01.313-0600: 66.989: [GC2015-11-12T19:36:01.313-0600: 66.989: [ParNew
Desired survivor size 20112992 bytes, new threshold 8 (max 8)
- age   1:     748568 bytes,     748568 total
- age   2:     956480 bytes,    1705048 total
- age   3:    2010408 bytes,    3715456 total
- age   4:    4218872 bytes,    7934328 total
- age   5:    2130848 bytes,   10065176 total
: 98487K->14876K(109248K), 0.0168260 secs] 98487K->14876K(502464K), 0.0170150 secs] [Times: user=0.06 sys=0.00, real=0.01 secs] 
Heap after GC invocations=5 (full 0):
 par new generation   total 109248K, used 14876K [0x00000000d5a00000, 0x00000000dda00000, 0x00000000dda00000)
  eden space 87424K,   0% used [0x00000000d5a00000, 0x00000000d5a00000, 0x00000000daf60000)
  from space 21824K,  68% used [0x00000000dc4b0000, 0x00000000dd3371e8, 0x00000000dda00000)
  to   space 21824K,   0% used [0x00000000daf60000, 0x00000000daf60000, 0x00000000dc4b0000)
 concurrent mark-sweep generation total 393216K, used 0K [0x00000000dda00000, 0x00000000f5a00000, 0x00000000f5a00000)
 concurrent-mark-sweep perm gen total 24512K, used 24334K [0x00000000f5a00000, 0x00000000f71f0000, 0x0000000100000000)
}
2015-11-12T19:36:01.330-0600: 67.006: Total time for which application threads were stopped: 0.0173510 seconds, Stopping threads took: 0.0000690 seconds
{Heap before GC invocations=5 (full 0):
 par new generation   total 109248K, used 102300K [0x00000000d5a00000, 0x00000000dda00000, 0x00000000dda00000)
  eden space 87424K, 100% used [0x00000000d5a00000, 0x00000000daf60000, 0x00000000daf60000)
  from space 21824K,  68% used [0x00000000dc4b0000, 0x00000000dd3371e8, 0x00000000dda00000)
  to   space 21824K,   0% used [0x00000000daf60000, 0x00000000daf60000, 0x00000000dc4b0000)
 concurrent mark-sweep generation total 393216K, used 0K [0x00000000dda00000, 0x00000000f5a00000, 0x00000000f5a00000)
 concurrent-mark-sweep perm gen total 25088K, used 24981K [0x00000000f5a00000, 0x00000000f7280000, 0x0000000100000000)
2015-11-12T19:36:01.506-0600: 67.183: [GC2015-11-12T19:36:01.506-0600: 67.183: [ParNew
Desired survivor size 20112992 bytes, new threshold 8 (max 8)
- age   1:     422240 bytes,     422240 total
- age   2:     106216 bytes,     528456 total
- age   3:     956096 bytes,    1484552 total
- age   4:    2010264 bytes,    3494816 total
- age   5:    4218584 bytes,    7713400 total
- age   6:    2130448 bytes,    9843848 total
: 102300K->12601K(109248K), 0.0169580 secs] 102300K->12601K(502464K), 0.0170900 secs] [Times: user=0.05 sys=0.00, real=0.02 secs] 
Heap after GC invocations=6 (full 0):
 par new generation   total 109248K, used 12601K [0x00000000d5a00000, 0x00000000dda00000, 0x00000000dda00000)
  eden space 87424K,   0% used [0x00000000d5a00000, 0x00000000d5a00000, 0x00000000daf60000)
  from space 21824K,  57% used [0x00000000daf60000, 0x00000000dbbae7d8, 0x00000000dc4b0000)
  to   space 21824K,   0% used [0x00000000dc4b0000, 0x00000000dc4b0000, 0x00000000dda00000)
 concurrent mark-sweep generation total 393216K, used 0K [0x00000000dda00000, 0x00000000f5a00000, 0x00000000f5a00000)
 concurrent-mark-sweep perm gen total 25088K, used 24981K [0x00000000f5a00000, 0x00000000f7280000, 0x0000000100000000)
}
2015-11-12T19:36:01.524-0600: 67.200: Total time for which application threads were stopped: 0.0174410 seconds, Stopping threads took: 0.0000580 seconds
2015-11-12T19:36:01.640-0600: 67.316: Total time for which application threads were stopped: 0.0002180 seconds, Stopping threads took: 0.0000440 seconds
2015-11-12T19:36:01.691-0600: 67.367: Total time for which application threads were stopped: 0.0002450 seconds, Stopping threads took: 0.0001700 seconds
2015-11-12T19:36:01.700-0600: 67.376: Total time for which application threads were stopped: 0.0001190 seconds, Stopping threads took: 0.0000510 seconds
2015-11-12T19:36:01.701-0600: 67.377: Total time for which application threads were stopped: 0.0001150 seconds, Stopping threads took: 0.0000600 seconds
2015-11-12T19:36:01.712-0600: 67.388: Total time for which application threads were stopped: 0.0000950 seconds, Stopping threads took: 0.0000400 seconds
2015-11-12T19:36:01.715-0600: 67.391: Total time for which application threads were stopped: 0.0001220 seconds, Stopping threads took: 0.0000540 seconds
2015-11-12T19:36:01.716-0600: 67.392: Total time for which application threads were stopped: 0.0000780 seconds, Stopping threads took: 0.0000370 seconds
2015-11-12T19:36:01.729-0600: 67.405: Total time for which application threads were stopped: 0.0001240 seconds, Stopping threads took: 0.0000650 seconds
2015-11-12T19:36:01.748-0600: 67.425: Total time for which application threads were stopped: 0.0001490 seconds, Stopping threads took: 0.0000360 seconds
2015-11-12T19:36:01.759-0600: 67.435: Total time for which application threads were stopped: 0.0002110 seconds, Stopping threads took: 0.0000420 seconds
2015-11-12T19:36:01.760-0600: 67.436: Total time for which application threads were stopped: 0.0001390 seconds, Stopping threads took: 0.0000790 seconds
2015-11-12T19:36:01.767-0600: 67.444: Total time for which application threads were stopped: 0.0001020 seconds, Stopping threads took: 0.0000430 seconds
2015-11-12T19:36:01.769-0600: 67.446: Total time for which application threads were stopped: 0.0000980 seconds, Stopping threads took: 0.0000450 seconds
2015-11-12T19:36:01.771-0600: 67.447: Total time for which application threads were stopped: 0.0000550 seconds, Stopping threads took: 0.0000240 seconds
{Heap before GC invocations=6 (full 0):
 par new generation   total 109248K, used 100025K [0x00000000d5a00000, 0x00000000dda00000, 0x00000000dda00000)
  eden space 87424K, 100% used [0x00000000d5a00000, 0x00000000daf60000, 0x00000000daf60000)
  from space 21824K,  57% used [0x00000000daf60000, 0x00000000dbbae7d8, 0x00000000dc4b0000)
  to   space 21824K,   0% used [0x00000000dc4b0000, 0x00000000dc4b0000, 0x00000000dda00000)
 concurrent mark-sweep generation total 393216K, used 0K [0x00000000dda00000, 0x00000000f5a00000, 0x00000000f5a00000)
 concurrent-mark-sweep perm gen total 26240K, used 26044K [0x00000000f5a00000, 0x00000000f73a0000, 0x0000000100000000)
2015-11-12T19:36:01.936-0600: 67.612: [GC2015-11-12T19:36:01.936-0600: 67.612: [ParNew
Desired survivor size 20112992 bytes, new threshold 8 (max 8)
- age   1:    1345520 bytes,    1345520 total
- age   2:     168544 bytes,    1514064 total
- age   3:     105152 bytes,    1619216 total
- age   4:     954544 bytes,    2573760 total
- age   5:    2010056 bytes,    4583816 total
- age   6:    4218488 bytes,    8802304 total
- age   7:    2130112 bytes,   10932416 total
: 100025K->14251K(109248K), 0.0173630 secs] 100025K->14251K(502464K), 0.0175160 secs] [Times: user=0.07 sys=0.00, real=0.02 secs] 
Heap after GC invocations=7 (full 0):
 par new generation   total 109248K, used 14251K [0x00000000d5a00000, 0x00000000dda00000, 0x00000000dda00000)
  eden space 87424K,   0% used [0x00000000d5a00000, 0x00000000d5a00000, 0x00000000daf60000)
  from space 21824K,  65% used [0x00000000dc4b0000, 0x00000000dd29aec0, 0x00000000dda00000)
  to   space 21824K,   0% used [0x00000000daf60000, 0x00000000daf60000, 0x00000000dc4b0000)
 concurrent mark-sweep generation total 393216K, used 0K [0x00000000dda00000, 0x00000000f5a00000, 0x00000000f5a00000)
 concurrent-mark-sweep perm gen total 26240K, used 26044K [0x00000000f5a00000, 0x00000000f73a0000, 0x0000000100000000)
}
2015-11-12T19:36:01.953-0600: 67.630: Total time for which application threads were stopped: 0.0178750 seconds, Stopping threads took: 0.0001500 seconds
2015-11-12T19:36:01.963-0600: 67.639: Total time for which application threads were stopped: 0.0001840 seconds, Stopping threads took: 0.0001020 seconds
2015-11-12T19:36:01.992-0600: 67.668: Total time for which application threads were stopped: 0.0004200 seconds, Stopping threads took: 0.0001690 seconds
2015-11-12T19:36:02.054-0600: 67.731: Total time for which application threads were stopped: 0.0036180 seconds, Stopping threads took: 0.0034940 seconds
2015-11-12T19:36:02.060-0600: 67.736: Total time for which application threads were stopped: 0.0000930 seconds, Stopping threads took: 0.0000380 seconds
2015-11-12T19:36:02.074-0600: 67.751: Total time for which application threads were stopped: 0.0000990 seconds, Stopping threads took: 0.0000410 seconds
2015-11-12T19:36:02.098-0600: 67.775: Total time for which application threads were stopped: 0.0001670 seconds, Stopping threads took: 0.0000510 seconds
2015-11-12T19:36:02.122-0600: 67.799: Total time for which application threads were stopped: 0.0010800 seconds, Stopping threads took: 0.0010160 seconds
2015-11-12T19:36:02.134-0600: 67.810: Total time for which application threads were stopped: 0.0020470 seconds, Stopping threads took: 0.0019790 seconds
2015-11-12T19:36:02.145-0600: 67.821: Total time for which application threads were stopped: 0.0002990 seconds, Stopping threads took: 0.0002360 seconds
2015-11-12T19:36:02.152-0600: 67.829: Total time for which application threads were stopped: 0.0000930 seconds, Stopping threads took: 0.0000380 seconds
2015-11-12T19:36:02.155-0600: 67.832: Total time for which application threads were stopped: 0.0001020 seconds, Stopping threads took: 0.0000370 seconds
2015-11-12T19:36:02.382-0600: 68.058: Total time for which application threads were stopped: 0.0002530 seconds, Stopping threads took: 0.0000530 seconds
2015-11-12T19:36:02.382-0600: 68.058: Total time for which application threads were stopped: 0.0000780 seconds, Stopping threads took: 0.0000430 seconds
2015-11-12T19:36:02.398-0600: 68.074: Total time for which application threads were stopped: 0.0005790 seconds, Stopping threads took: 0.0005150 seconds
2015-11-12T19:36:02.406-0600: 68.082: Total time for which application threads were stopped: 0.0001180 seconds, Stopping threads took: 0.0000520 seconds
2015-11-12T19:36:02.425-0600: 68.102: Total time for which application threads were stopped: 0.0001300 seconds, Stopping threads took: 0.0000730 seconds
2015-11-12T19:36:02.426-0600: 68.103: Total time for which application threads were stopped: 0.0000980 seconds, Stopping threads took: 0.0000600 seconds
2015-11-12T19:36:02.427-0600: 68.103: Total time for which application threads were stopped: 0.0000940 seconds, Stopping threads took: 0.0000610 seconds
2015-11-12T19:36:02.427-0600: 68.103: Total time for which application threads were stopped: 0.0000760 seconds, Stopping threads took: 0.0000430 seconds
2015-11-12T19:36:02.427-0600: 68.103: Total time for which application threads were stopped: 0.0000850 seconds, Stopping threads took: 0.0000550 seconds
2015-11-12T19:36:02.427-0600: 68.103: Total time for which application threads were stopped: 0.0000480 seconds, Stopping threads took: 0.0000190 seconds
2015-11-12T19:36:02.428-0600: 68.104: Total time for which application threads were stopped: 0.0000730 seconds, Stopping threads took: 0.0000410 seconds
2015-11-12T19:36:02.433-0600: 68.110: Total time for which application threads were stopped: 0.0001060 seconds, Stopping threads took: 0.0000580 seconds
2015-11-12T19:36:02.440-0600: 68.116: Total time for which application threads were stopped: 0.0001080 seconds, Stopping threads took: 0.0000540 seconds
2015-11-12T19:36:02.450-0600: 68.126: Total time for which application threads were stopped: 0.0001140 seconds, Stopping threads took: 0.0000480 seconds
2015-11-12T19:36:02.474-0600: 68.150: Total time for which application threads were stopped: 0.0000880 seconds, Stopping threads took: 0.0000270 seconds
2015-11-12T19:36:02.478-0600: 68.154: Total time for which application threads were stopped: 0.0001120 seconds, Stopping threads took: 0.0000310 seconds
2015-11-12T19:36:02.482-0600: 68.158: Total time for which application threads were stopped: 0.0001270 seconds, Stopping threads took: 0.0000740 seconds
2015-11-12T19:36:02.487-0600: 68.163: Total time for which application threads were stopped: 0.0000590 seconds, Stopping threads took: 0.0000250 seconds
2015-11-12T19:36:02.487-0600: 68.163: Total time for which application threads were stopped: 0.0000840 seconds, Stopping threads took: 0.0000490 seconds
2015-11-12T19:36:02.487-0600: 68.164: Total time for which application threads were stopped: 0.0001670 seconds, Stopping threads took: 0.0001180 seconds
2015-11-12T19:36:02.513-0600: 68.189: Total time for which application threads were stopped: 0.0002290 seconds, Stopping threads took: 0.0000870 seconds
2015-11-12T19:36:02.671-0600: 68.347: Total time for which application threads were stopped: 0.0002190 seconds, Stopping threads took: 0.0000580 seconds
2015-11-12T19:36:02.767-0600: 68.443: Total time for which application threads were stopped: 0.0001910 seconds, Stopping threads took: 0.0000980 seconds
2015-11-12T19:36:02.814-0600: 68.491: Total time for which application threads were stopped: 0.0021160 seconds, Stopping threads took: 0.0020590 seconds
2015-11-12T19:36:02.815-0600: 68.492: Total time for which application threads were stopped: 0.0000920 seconds, Stopping threads took: 0.0000340 seconds
2015-11-12T19:36:02.819-0600: 68.495: Total time for which application threads were stopped: 0.0001230 seconds, Stopping threads took: 0.0000510 seconds
2015-11-12T19:36:02.840-0600: 68.516: Total time for which application threads were stopped: 0.0001170 seconds, Stopping threads took: 0.0000610 seconds
2015-11-12T19:36:02.842-0600: 68.518: Total time for which application threads were stopped: 0.0000610 seconds, Stopping threads took: 0.0000180 seconds
2015-11-12T19:36:02.862-0600: 68.538: Total time for which application threads were stopped: 0.0000710 seconds, Stopping threads took: 0.0000220 seconds
2015-11-12T19:36:02.897-0600: 68.574: Total time for which application threads were stopped: 0.0001420 seconds, Stopping threads took: 0.0000380 seconds
2015-11-12T19:36:02.903-0600: 68.580: Total time for which application threads were stopped: 0.0017460 seconds, Stopping threads took: 0.0016800 seconds
2015-11-12T19:36:02.904-0600: 68.580: Total time for which application threads were stopped: 0.0001020 seconds, Stopping threads took: 0.0000630 seconds
2015-11-12T19:36:02.905-0600: 68.581: Total time for which application threads were stopped: 0.0000480 seconds, Stopping threads took: 0.0000140 seconds
2015-11-12T19:36:02.916-0600: 68.592: Total time for which application threads were stopped: 0.0001320 seconds, Stopping threads took: 0.0000680 seconds
2015-11-12T19:36:02.917-0600: 68.593: Total time for which application threads were stopped: 0.0000830 seconds, Stopping threads took: 0.0000350 seconds
2015-11-12T19:36:03.086-0600: 68.762: Total time for which application threads were stopped: 0.0001500 seconds, Stopping threads took: 0.0000600 seconds
2015-11-12T19:36:03.096-0600: 68.772: Total time for which application threads were stopped: 0.0001000 seconds, Stopping threads took: 0.0000300 seconds
2015-11-12T19:36:03.099-0600: 68.775: Total time for which application threads were stopped: 0.0001720 seconds, Stopping threads took: 0.0000340 seconds
{Heap before GC invocations=7 (full 0):
 par new generation   total 109248K, used 101675K [0x00000000d5a00000, 0x00000000dda00000, 0x00000000dda00000)
  eden space 87424K, 100% used [0x00000000d5a00000, 0x00000000daf60000, 0x00000000daf60000)
  from space 21824K,  65% used [0x00000000dc4b0000, 0x00000000dd29aec0, 0x00000000dda00000)
  to   space 21824K,   0% used [0x00000000daf60000, 0x00000000daf60000, 0x00000000dc4b0000)
 concurrent mark-sweep generation total 393216K, used 0K [0x00000000dda00000, 0x00000000f5a00000, 0x00000000f5a00000)
 concurrent-mark-sweep perm gen total 30464K, used 30298K [0x00000000f5a00000, 0x00000000f77c0000, 0x0000000100000000)
2015-11-12T19:36:03.105-0600: 68.782: [GC2015-11-12T19:36:03.105-0600: 68.782: [ParNew
Desired survivor size 20112992 bytes, new threshold 8 (max 8)
- age   1:    9685760 bytes,    9685760 total
- age   2:     241152 bytes,    9926912 total
- age   3:     168160 bytes,   10095072 total
- age   4:     105104 bytes,   10200176 total
- age   5:     124568 bytes,   10324744 total
- age   6:    1676824 bytes,   12001568 total
- age   7:    4209752 bytes,   16211320 total
- age   8:    2125944 bytes,   18337264 total
: 101675K->21824K(109248K), 0.0330430 secs] 101675K->21824K(502464K), 0.0332060 secs] [Times: user=0.12 sys=0.00, real=0.03 secs] 
Heap after GC invocations=8 (full 0):
 par new generation   total 109248K, used 21824K [0x00000000d5a00000, 0x00000000dda00000, 0x00000000dda00000)
  eden space 87424K,   0% used [0x00000000d5a00000, 0x00000000d5a00000, 0x00000000daf60000)
  from space 21824K, 100% used [0x00000000daf60000, 0x00000000dc4b0000, 0x00000000dc4b0000)
  to   space 21824K,   0% used [0x00000000dc4b0000, 0x00000000dc4b0000, 0x00000000dda00000)
 concurrent mark-sweep generation total 393216K, used 0K [0x00000000dda00000, 0x00000000f5a00000, 0x00000000f5a00000)
 concurrent-mark-sweep perm gen total 30464K, used 30298K [0x00000000f5a00000, 0x00000000f77c0000, 0x0000000100000000)
}
2015-11-12T19:36:03.139-0600: 68.815: Total time for which application threads were stopped: 0.0334260 seconds, Stopping threads took: 0.0000270 seconds
2015-11-12T19:36:03.144-0600: 68.820: Total time for which application threads were stopped: 0.0000730 seconds, Stopping threads took: 0.0000230 seconds
2015-11-12T19:36:03.150-0600: 68.827: Total time for which application threads were stopped: 0.0001300 seconds, Stopping threads took: 0.0000310 seconds
2015-11-12T19:36:03.162-0600: 68.838: Total time for which application threads were stopped: 0.0002730 seconds, Stopping threads took: 0.0000390 seconds
2015-11-12T19:36:03.172-0600: 68.848: Total time for which application threads were stopped: 0.0001850 seconds, Stopping threads took: 0.0000710 seconds
2015-11-12T19:36:03.187-0600: 68.863: Total time for which application threads were stopped: 0.0003030 seconds, Stopping threads took: 0.0001430 seconds
2015-11-12T19:36:03.209-0600: 68.885: Total time for which application threads were stopped: 0.0001380 seconds, Stopping threads took: 0.0000620 seconds
2015-11-12T19:36:03.239-0600: 68.916: Total time for which application threads were stopped: 0.0001570 seconds, Stopping threads took: 0.0000820 seconds
2015-11-12T19:36:03.290-0600: 68.966: Total time for which application threads were stopped: 0.0002420 seconds, Stopping threads took: 0.0001410 seconds
2015-11-12T19:36:03.290-0600: 68.967: Total time for which application threads were stopped: 0.0001090 seconds, Stopping threads took: 0.0000700 seconds
2015-11-12T19:36:03.313-0600: 68.989: Total time for which application threads were stopped: 0.0001850 seconds, Stopping threads took: 0.0000670 seconds
2015-11-12T19:36:03.333-0600: 69.009: Total time for which application threads were stopped: 0.0001440 seconds, Stopping threads took: 0.0000430 seconds
2015-11-12T19:36:03.402-0600: 69.078: Total time for which application threads were stopped: 0.0002380 seconds, Stopping threads took: 0.0000670 seconds
2015-11-12T19:36:03.419-0600: 69.095: Total time for which application threads were stopped: 0.0001620 seconds, Stopping threads took: 0.0000440 seconds
2015-11-12T19:36:03.459-0600: 69.136: Total time for which application threads were stopped: 0.0003340 seconds, Stopping threads took: 0.0001530 seconds
2015-11-12T19:36:03.473-0600: 69.149: Total time for which application threads were stopped: 0.0002220 seconds, Stopping threads took: 0.0000610 seconds
2015-11-12T19:36:19.424-0600: 85.100: Total time for which application threads were stopped: 0.0002080 seconds, Stopping threads took: 0.0000380 seconds
2015-11-12T19:36:19.861-0600: 85.537: Total time for which application threads were stopped: 0.0000850 seconds, Stopping threads took: 0.0000340 seconds
2015-11-12T19:36:19.891-0600: 85.567: Total time for which application threads were stopped: 0.0002490 seconds, Stopping threads took: 0.0000500 seconds
2015-11-12T19:36:19.892-0600: 85.568: Total time for which application threads were stopped: 0.0001060 seconds, Stopping threads took: 0.0000300 seconds
2015-11-12T19:36:19.892-0600: 85.568: Total time for which application threads were stopped: 0.0000730 seconds, Stopping threads took: 0.0000210 seconds
2015-11-12T19:36:19.894-0600: 85.570: Total time for which application threads were stopped: 0.0002310 seconds, Stopping threads took: 0.0001690 seconds
2015-11-12T19:36:19.894-0600: 85.570: Total time for which application threads were stopped: 0.0002180 seconds, Stopping threads took: 0.0001760 seconds
2015-11-12T19:36:19.945-0600: 85.621: Total time for which application threads were stopped: 0.0001590 seconds, Stopping threads took: 0.0000320 seconds
2015-11-12T19:36:19.979-0600: 85.655: Total time for which application threads were stopped: 0.0001790 seconds, Stopping threads took: 0.0000390 seconds
2015-11-12T19:36:22.451-0600: 88.128: Total time for which application threads were stopped: 0.0001960 seconds, Stopping threads took: 0.0000440 seconds
2015-11-12T19:36:22.462-0600: 88.139: Total time for which application threads were stopped: 0.0001370 seconds, Stopping threads took: 0.0000650 seconds
2015-11-12T19:36:22.501-0600: 88.177: Total time for which application threads were stopped: 0.0000820 seconds, Stopping threads took: 0.0000310 seconds
2015-11-12T19:36:22.515-0600: 88.191: Total time for which application threads were stopped: 0.0001380 seconds, Stopping threads took: 0.0000420 seconds
2015-11-12T19:36:24.903-0600: 90.579: Total time for which application threads were stopped: 0.0002620 seconds, Stopping threads took: 0.0000490 seconds
2015-11-12T19:36:24.924-0600: 90.600: Total time for which application threads were stopped: 0.0001240 seconds, Stopping threads took: 0.0000510 seconds
2015-11-12T19:36:24.957-0600: 90.633: Total time for which application threads were stopped: 0.0001130 seconds, Stopping threads took: 0.0000350 seconds
2015-11-12T19:36:24.968-0600: 90.645: Total time for which application threads were stopped: 0.0002780 seconds, Stopping threads took: 0.0000360 seconds
2015-11-12T19:36:26.047-0600: 91.724: Total time for which application threads were stopped: 0.0002110 seconds, Stopping threads took: 0.0000360 seconds
2015-11-12T19:36:26.048-0600: 91.725: Total time for which application threads were stopped: 0.0000820 seconds, Stopping threads took: 0.0000240 seconds
2015-11-12T19:36:26.096-0600: 91.773: Total time for which application threads were stopped: 0.0001020 seconds, Stopping threads took: 0.0000240 seconds
2015-11-12T19:36:26.153-0600: 91.829: Total time for which application threads were stopped: 0.0001630 seconds, Stopping threads took: 0.0000950 seconds
2015-11-12T19:36:26.223-0600: 91.899: Total time for which application threads were stopped: 0.0001130 seconds, Stopping threads took: 0.0000370 seconds
2015-11-12T19:36:26.286-0600: 91.963: Total time for which application threads were stopped: 0.0001360 seconds, Stopping threads took: 0.0000390 seconds
2015-11-12T19:36:26.289-0600: 91.965: Total time for which application threads were stopped: 0.0001090 seconds, Stopping threads took: 0.0000330 seconds
2015-11-12T19:36:26.291-0600: 91.967: Total time for which application threads were stopped: 0.0001180 seconds, Stopping threads took: 0.0000400 seconds
2015-11-12T19:36:26.295-0600: 91.971: Total time for which application threads were stopped: 0.0001230 seconds, Stopping threads took: 0.0000350 seconds
2015-11-12T19:36:26.299-0600: 91.975: Total time for which application threads were stopped: 0.0001340 seconds, Stopping threads took: 0.0000530 seconds
2015-11-12T19:36:26.322-0600: 91.999: Total time for which application threads were stopped: 0.0001710 seconds, Stopping threads took: 0.0000670 seconds
2015-11-12T19:36:26.330-0600: 92.006: Total time for which application threads were stopped: 0.0001420 seconds, Stopping threads took: 0.0000590 seconds
2015-11-12T19:36:26.331-0600: 92.007: Total time for which application threads were stopped: 0.0001150 seconds, Stopping threads took: 0.0000470 seconds
2015-11-12T19:36:26.332-0600: 92.008: Total time for which application threads were stopped: 0.0001190 seconds, Stopping threads took: 0.0000480 seconds
2015-11-12T19:36:26.332-0600: 92.009: Total time for which application threads were stopped: 0.0001110 seconds, Stopping threads took: 0.0000450 seconds
2015-11-12T19:36:26.334-0600: 92.010: Total time for which application threads were stopped: 0.0003150 seconds, Stopping threads took: 0.0000460 seconds
2015-11-12T19:36:26.335-0600: 92.011: Total time for which application threads were stopped: 0.0001970 seconds, Stopping threads took: 0.0000450 seconds
2015-11-12T19:36:26.337-0600: 92.013: Total time for which application threads were stopped: 0.0001280 seconds, Stopping threads took: 0.0000520 seconds
2015-11-12T19:36:26.339-0600: 92.015: Total time for which application threads were stopped: 0.0001150 seconds, Stopping threads took: 0.0000450 seconds
2015-11-12T19:36:26.339-0600: 92.016: Total time for which application threads were stopped: 0.0001080 seconds, Stopping threads took: 0.0000440 seconds
2015-11-12T19:36:26.340-0600: 92.016: Total time for which application threads were stopped: 0.0001050 seconds, Stopping threads took: 0.0000450 seconds
2015-11-12T19:36:26.341-0600: 92.017: Total time for which application threads were stopped: 0.0001000 seconds, Stopping threads took: 0.0000410 seconds
2015-11-12T19:36:26.345-0600: 92.021: Total time for which application threads were stopped: 0.0001260 seconds, Stopping threads took: 0.0000540 seconds
2015-11-12T19:36:26.346-0600: 92.022: Total time for which application threads were stopped: 0.0001050 seconds, Stopping threads took: 0.0000450 seconds
{Heap before GC invocations=8 (full 0):
 par new generation   total 109248K, used 109248K [0x00000000d5a00000, 0x00000000dda00000, 0x00000000dda00000)
  eden space 87424K, 100% used [0x00000000d5a00000, 0x00000000daf60000, 0x00000000daf60000)
  from space 21824K, 100% used [0x00000000daf60000, 0x00000000dc4b0000, 0x00000000dc4b0000)
  to   space 21824K,   0% used [0x00000000dc4b0000, 0x00000000dc4b0000, 0x00000000dda00000)
 concurrent mark-sweep generation total 393216K, used 0K [0x00000000dda00000, 0x00000000f5a00000, 0x00000000f5a00000)
 concurrent-mark-sweep perm gen total 32192K, used 32042K [0x00000000f5a00000, 0x00000000f7970000, 0x0000000100000000)
2015-11-12T19:36:26.679-0600: 92.355: [GC2015-11-12T19:36:26.679-0600: 92.355: [ParNew
Desired survivor size 20112992 bytes, new threshold 8 (max 8)
- age   1:    3712200 bytes,    3712200 total
- age   2:    6251984 bytes,    9964184 total
- age   3:     236232 bytes,   10200416 total
- age   4:     167672 bytes,   10368088 total
- age   5:     105024 bytes,   10473112 total
- age   6:     124136 bytes,   10597248 total
- age   7:    1606936 bytes,   12204184 total
- age   8:    4186144 bytes,   16390328 total
: 109248K->21824K(109248K), 0.1086800 secs] 109248K->24085K(502464K), 0.1088450 secs] [Times: user=0.17 sys=0.00, real=0.11 secs] 
Heap after GC invocations=9 (full 0):
 par new generation   total 109248K, used 21824K [0x00000000d5a00000, 0x00000000dda00000, 0x00000000dda00000)
  eden space 87424K,   0% used [0x00000000d5a00000, 0x00000000d5a00000, 0x00000000daf60000)
  from space 21824K, 100% used [0x00000000dc4b0000, 0x00000000dda00000, 0x00000000dda00000)
  to   space 21824K,   0% used [0x00000000daf60000, 0x00000000daf60000, 0x00000000dc4b0000)
 concurrent mark-sweep generation total 393216K, used 2261K [0x00000000dda00000, 0x00000000f5a00000, 0x00000000f5a00000)
 concurrent-mark-sweep perm gen total 32192K, used 32042K [0x00000000f5a00000, 0x00000000f7970000, 0x0000000100000000)
}
2015-11-12T19:36:26.788-0600: 92.464: Total time for which application threads were stopped: 0.1092900 seconds, Stopping threads took: 0.0000610 seconds
2015-11-12T19:36:26.799-0600: 92.475: Total time for which application threads were stopped: 0.0011950 seconds, Stopping threads took: 0.0011110 seconds
{Heap before GC invocations=9 (full 0):
 par new generation   total 109248K, used 109248K [0x00000000d5a00000, 0x00000000dda00000, 0x00000000dda00000)
  eden space 87424K, 100% used [0x00000000d5a00000, 0x00000000daf60000, 0x00000000daf60000)
  from space 21824K, 100% used [0x00000000dc4b0000, 0x00000000dda00000, 0x00000000dda00000)
  to   space 21824K,   0% used [0x00000000daf60000, 0x00000000daf60000, 0x00000000dc4b0000)
 concurrent mark-sweep generation total 393216K, used 2261K [0x00000000dda00000, 0x00000000f5a00000, 0x00000000f5a00000)
 concurrent-mark-sweep perm gen total 32192K, used 32052K [0x00000000f5a00000, 0x00000000f7970000, 0x0000000100000000)
2015-11-12T19:36:27.088-0600: 92.764: [GC2015-11-12T19:36:27.088-0600: 92.764: [ParNew
Desired survivor size 20112992 bytes, new threshold 8 (max 8)
- age   1:     224416 bytes,     224416 total
- age   2:    2131456 bytes,    2355872 total
- age   3:    6242856 bytes,    8598728 total
- age   4:     236168 bytes,    8834896 total
- age   5:     167672 bytes,    9002568 total
- age   6:     105024 bytes,    9107592 total
- age   7:     124136 bytes,    9231728 total
- age   8:    1606936 bytes,   10838664 total
: 109248K->14526K(109248K), 0.0558250 secs] 111509K->21105K(502464K), 0.0560290 secs] [Times: user=0.13 sys=0.00, real=0.06 secs] 
Heap after GC invocations=10 (full 0):
 par new generation   total 109248K, used 14526K [0x00000000d5a00000, 0x00000000dda00000, 0x00000000dda00000)
  eden space 87424K,   0% used [0x00000000d5a00000, 0x00000000d5a00000, 0x00000000daf60000)
  from space 21824K,  66% used [0x00000000daf60000, 0x00000000dbd8fa70, 0x00000000dc4b0000)
  to   space 21824K,   0% used [0x00000000dc4b0000, 0x00000000dc4b0000, 0x00000000dda00000)
 concurrent mark-sweep generation total 393216K, used 6578K [0x00000000dda00000, 0x00000000f5a00000, 0x00000000f5a00000)
 concurrent-mark-sweep perm gen total 32192K, used 32052K [0x00000000f5a00000, 0x00000000f7970000, 0x0000000100000000)
}
2015-11-12T19:36:27.144-0600: 92.821: Total time for which application threads were stopped: 0.0563180 seconds, Stopping threads took: 0.0000330 seconds
2015-11-12T19:36:27.145-0600: 92.821: Total time for which application threads were stopped: 0.0001330 seconds, Stopping threads took: 0.0000520 seconds
2015-11-12T19:36:27.407-0600: 93.083: Total time for which application threads were stopped: 0.0002810 seconds, Stopping threads took: 0.0000370 seconds
2015-11-12T19:36:27.699-0600: 93.375: Total time for which application threads were stopped: 0.0001940 seconds, Stopping threads took: 0.0000430 seconds
2015-11-12T19:36:27.770-0600: 93.447: Total time for which application threads were stopped: 0.0001090 seconds, Stopping threads took: 0.0000410 seconds
2015-11-12T19:36:27.794-0600: 93.470: Total time for which application threads were stopped: 0.0001310 seconds, Stopping threads took: 0.0000660 seconds
2015-11-12T19:36:27.806-0600: 93.482: Total time for which application threads were stopped: 0.0001370 seconds, Stopping threads took: 0.0000630 seconds
2015-11-12T19:36:27.882-0600: 93.559: Total time for which application threads were stopped: 0.0011600 seconds, Stopping threads took: 0.0010570 seconds
2015-11-12T19:36:27.884-0600: 93.561: Total time for which application threads were stopped: 0.0000890 seconds, Stopping threads took: 0.0000410 seconds
2015-11-12T19:36:27.884-0600: 93.561: Total time for which application threads were stopped: 0.0000360 seconds, Stopping threads took: 0.0000110 seconds
2015-11-12T19:36:27.884-0600: 93.561: Total time for which application threads were stopped: 0.0000750 seconds, Stopping threads took: 0.0000380 seconds
2015-11-12T19:36:27.885-0600: 93.561: Total time for which application threads were stopped: 0.0000570 seconds, Stopping threads took: 0.0000200 seconds
2015-11-12T19:36:27.885-0600: 93.561: Total time for which application threads were stopped: 0.0000870 seconds, Stopping threads took: 0.0000460 seconds
2015-11-12T19:36:27.885-0600: 93.561: Total time for which application threads were stopped: 0.0000830 seconds, Stopping threads took: 0.0000480 seconds
2015-11-12T19:36:27.885-0600: 93.561: Total time for which application threads were stopped: 0.0000870 seconds, Stopping threads took: 0.0000540 seconds
2015-11-12T19:36:27.885-0600: 93.561: Total time for which application threads were stopped: 0.0000630 seconds, Stopping threads took: 0.0000320 seconds
2015-11-12T19:36:27.885-0600: 93.562: Total time for which application threads were stopped: 0.0000510 seconds, Stopping threads took: 0.0000210 seconds
2015-11-12T19:36:27.885-0600: 93.562: Total time for which application threads were stopped: 0.0000470 seconds, Stopping threads took: 0.0000180 seconds
2015-11-12T19:36:27.886-0600: 93.562: Total time for which application threads were stopped: 0.0000730 seconds, Stopping threads took: 0.0000420 seconds
2015-11-12T19:36:27.886-0600: 93.562: Total time for which application threads were stopped: 0.0000960 seconds, Stopping threads took: 0.0000610 seconds
2015-11-12T19:36:27.886-0600: 93.562: Total time for which application threads were stopped: 0.0000470 seconds, Stopping threads took: 0.0000180 seconds
2015-11-12T19:36:27.911-0600: 93.587: Total time for which application threads were stopped: 0.0001950 seconds, Stopping threads took: 0.0000550 seconds
2015-11-12T19:36:27.915-0600: 93.591: Total time for which application threads were stopped: 0.0000810 seconds, Stopping threads took: 0.0000320 seconds
2015-11-12T19:36:27.915-0600: 93.591: Total time for which application threads were stopped: 0.0000510 seconds, Stopping threads took: 0.0000190 seconds
2015-11-12T19:36:27.916-0600: 93.592: Total time for which application threads were stopped: 0.0000950 seconds, Stopping threads took: 0.0000500 seconds
2015-11-12T19:36:27.916-0600: 93.592: Total time for which application threads were stopped: 0.0000760 seconds, Stopping threads took: 0.0000420 seconds
2015-11-12T19:36:27.940-0600: 93.617: Total time for which application threads were stopped: 0.0000970 seconds, Stopping threads took: 0.0000380 seconds
2015-11-12T19:36:27.954-0600: 93.631: Total time for which application threads were stopped: 0.0081120 seconds, Stopping threads took: 0.0080350 seconds
2015-11-12T19:36:27.955-0600: 93.631: Total time for which application threads were stopped: 0.0000630 seconds, Stopping threads took: 0.0000330 seconds
2015-11-12T19:36:27.955-0600: 93.631: Total time for which application threads were stopped: 0.0000520 seconds, Stopping threads took: 0.0000250 seconds
2015-11-12T19:36:27.955-0600: 93.631: Total time for which application threads were stopped: 0.0000500 seconds, Stopping threads took: 0.0000230 seconds
2015-11-12T19:36:27.955-0600: 93.631: Total time for which application threads were stopped: 0.0000530 seconds, Stopping threads took: 0.0000230 seconds
2015-11-12T19:36:27.955-0600: 93.631: Total time for which application threads were stopped: 0.0000490 seconds, Stopping threads took: 0.0000220 seconds
2015-11-12T19:36:27.955-0600: 93.631: Total time for which application threads were stopped: 0.0000490 seconds, Stopping threads took: 0.0000230 seconds
2015-11-12T19:36:27.955-0600: 93.631: Total time for which application threads were stopped: 0.0000490 seconds, Stopping threads took: 0.0000230 seconds
2015-11-12T19:36:27.955-0600: 93.631: Total time for which application threads were stopped: 0.0000520 seconds, Stopping threads took: 0.0000220 seconds
2015-11-12T19:36:27.955-0600: 93.632: Total time for which application threads were stopped: 0.0000540 seconds, Stopping threads took: 0.0000230 seconds
2015-11-12T19:36:27.955-0600: 93.632: Total time for which application threads were stopped: 0.0000490 seconds, Stopping threads took: 0.0000220 seconds
2015-11-12T19:36:27.955-0600: 93.632: Total time for which application threads were stopped: 0.0000490 seconds, Stopping threads took: 0.0000230 seconds
2015-11-12T19:36:27.956-0600: 93.632: Total time for which application threads were stopped: 0.0000490 seconds, Stopping threads took: 0.0000230 seconds
2015-11-12T19:36:27.956-0600: 93.632: Total time for which application threads were stopped: 0.0000510 seconds, Stopping threads took: 0.0000230 seconds
2015-11-12T19:36:27.956-0600: 93.632: Total time for which application threads were stopped: 0.0000500 seconds, Stopping threads took: 0.0000230 seconds
2015-11-12T19:36:27.956-0600: 93.632: Total time for which application threads were stopped: 0.0000490 seconds, Stopping threads took: 0.0000230 seconds
2015-11-12T19:36:27.956-0600: 93.632: Total time for which application threads were stopped: 0.0000490 seconds, Stopping threads took: 0.0000220 seconds
2015-11-12T19:36:27.956-0600: 93.632: Total time for which application threads were stopped: 0.0000860 seconds, Stopping threads took: 0.0000540 seconds
2015-11-12T19:36:27.956-0600: 93.633: Total time for which application threads were stopped: 0.0002510 seconds, Stopping threads took: 0.0000230 seconds
2015-11-12T19:36:27.973-0600: 93.649: Total time for which application threads were stopped: 0.0000770 seconds, Stopping threads took: 0.0000310 seconds
2015-11-12T19:36:27.973-0600: 93.650: Total time for which application threads were stopped: 0.0000400 seconds, Stopping threads took: 0.0000150 seconds
2015-11-12T19:36:27.987-0600: 93.663: Total time for which application threads were stopped: 0.0001310 seconds, Stopping threads took: 0.0000590 seconds
2015-11-12T19:36:28.025-0600: 93.701: Total time for which application threads were stopped: 0.0023510 seconds, Stopping threads took: 0.0021720 seconds
2015-11-12T19:36:28.033-0600: 93.709: Total time for which application threads were stopped: 0.0005040 seconds, Stopping threads took: 0.0004160 seconds
2015-11-12T19:36:28.035-0600: 93.711: Total time for which application threads were stopped: 0.0001310 seconds, Stopping threads took: 0.0000530 seconds
2015-11-12T19:36:28.035-0600: 93.712: Total time for which application threads were stopped: 0.0001150 seconds, Stopping threads took: 0.0000480 seconds
2015-11-12T19:36:28.036-0600: 93.712: Total time for which application threads were stopped: 0.0000840 seconds, Stopping threads took: 0.0000320 seconds
2015-11-12T19:36:28.036-0600: 93.712: Total time for which application threads were stopped: 0.0001010 seconds, Stopping threads took: 0.0000490 seconds
2015-11-12T19:36:28.036-0600: 93.712: Total time for which application threads were stopped: 0.0000840 seconds, Stopping threads took: 0.0000370 seconds
2015-11-12T19:36:28.036-0600: 93.712: Total time for which application threads were stopped: 0.0000820 seconds, Stopping threads took: 0.0000360 seconds
2015-11-12T19:36:28.037-0600: 93.713: Total time for which application threads were stopped: 0.0000770 seconds, Stopping threads took: 0.0000360 seconds
2015-11-12T19:36:28.037-0600: 93.714: Total time for which application threads were stopped: 0.0000880 seconds, Stopping threads took: 0.0000370 seconds
2015-11-12T19:36:28.038-0600: 93.714: Total time for which application threads were stopped: 0.0000710 seconds, Stopping threads took: 0.0000290 seconds
2015-11-12T19:36:28.038-0600: 93.714: Total time for which application threads were stopped: 0.0000920 seconds, Stopping threads took: 0.0000580 seconds
2015-11-12T19:36:28.038-0600: 93.714: Total time for which application threads were stopped: 0.0000680 seconds, Stopping threads took: 0.0000340 seconds
2015-11-12T19:36:28.038-0600: 93.714: Total time for which application threads were stopped: 0.0000730 seconds, Stopping threads took: 0.0000310 seconds
2015-11-12T19:36:28.046-0600: 93.722: Total time for which application threads were stopped: 0.0003180 seconds, Stopping threads took: 0.0000590 seconds
2015-11-12T19:36:28.158-0600: 93.834: Total time for which application threads were stopped: 0.0002240 seconds, Stopping threads took: 0.0000630 seconds
{Heap before GC invocations=10 (full 0):
 par new generation   total 109248K, used 101950K [0x00000000d5a00000, 0x00000000dda00000, 0x00000000dda00000)
  eden space 87424K, 100% used [0x00000000d5a00000, 0x00000000daf60000, 0x00000000daf60000)
  from space 21824K,  66% used [0x00000000daf60000, 0x00000000dbd8fa70, 0x00000000dc4b0000)
  to   space 21824K,   0% used [0x00000000dc4b0000, 0x00000000dc4b0000, 0x00000000dda00000)
 concurrent mark-sweep generation total 393216K, used 6578K [0x00000000dda00000, 0x00000000f5a00000, 0x00000000f5a00000)
 concurrent-mark-sweep perm gen total 32384K, used 32229K [0x00000000f5a00000, 0x00000000f79a0000, 0x0000000100000000)
2015-11-12T19:36:28.221-0600: 93.897: [GC2015-11-12T19:36:28.221-0600: 93.897: [ParNew
Desired survivor size 20112992 bytes, new threshold 8 (max 8)
- age   1:    3343976 bytes,    3343976 total
- age   2:      74360 bytes,    3418336 total
- age   3:    1518024 bytes,    4936360 total
- age   4:    4474592 bytes,    9410952 total
- age   5:     236088 bytes,    9647040 total
- age   6:     167672 bytes,    9814712 total
- age   7:     105024 bytes,    9919736 total
- age   8:     124136 bytes,   10043872 total
: 101950K->11183K(109248K), 0.0287240 secs] 108529K->19351K(502464K), 0.0289010 secs] [Times: user=0.10 sys=0.00, real=0.03 secs] 
Heap after GC invocations=11 (full 0):
 par new generation   total 109248K, used 11183K [0x00000000d5a00000, 0x00000000dda00000, 0x00000000dda00000)
  eden space 87424K,   0% used [0x00000000d5a00000, 0x00000000d5a00000, 0x00000000daf60000)
  from space 21824K,  51% used [0x00000000dc4b0000, 0x00000000dcf9bc68, 0x00000000dda00000)
  to   space 21824K,   0% used [0x00000000daf60000, 0x00000000daf60000, 0x00000000dc4b0000)
 concurrent mark-sweep generation total 393216K, used 8168K [0x00000000dda00000, 0x00000000f5a00000, 0x00000000f5a00000)
 concurrent-mark-sweep perm gen total 32384K, used 32229K [0x00000000f5a00000, 0x00000000f79a0000, 0x0000000100000000)
}
2015-11-12T19:36:28.250-0600: 93.926: Total time for which application threads were stopped: 0.0291840 seconds, Stopping threads took: 0.0000560 seconds
{Heap before GC invocations=11 (full 0):
 par new generation   total 109248K, used 98607K [0x00000000d5a00000, 0x00000000dda00000, 0x00000000dda00000)
  eden space 87424K, 100% used [0x00000000d5a00000, 0x00000000daf60000, 0x00000000daf60000)
  from space 21824K,  51% used [0x00000000dc4b0000, 0x00000000dcf9bc68, 0x00000000dda00000)
  to   space 21824K,   0% used [0x00000000daf60000, 0x00000000daf60000, 0x00000000dc4b0000)
 concurrent mark-sweep generation total 393216K, used 8168K [0x00000000dda00000, 0x00000000f5a00000, 0x00000000f5a00000)
 concurrent-mark-sweep perm gen total 32384K, used 32262K [0x00000000f5a00000, 0x00000000f79a0000, 0x0000000100000000)
2015-11-12T19:36:28.603-0600: 94.279: [GC2015-11-12T19:36:28.603-0600: 94.279: [ParNew
Desired survivor size 20112992 bytes, new threshold 8 (max 8)
- age   1:    1035112 bytes,    1035112 total
- age   2:    3010232 bytes,    4045344 total
- age   3:      74360 bytes,    4119704 total
- age   4:    1518008 bytes,    5637712 total
- age   5:    4429256 bytes,   10066968 total
- age   6:     236088 bytes,   10303056 total
- age   7:     167672 bytes,   10470728 total
- age   8:     105024 bytes,   10575752 total
: 98607K->15669K(109248K), 0.0253300 secs] 106775K->23964K(502464K), 0.0254940 secs] [Times: user=0.07 sys=0.00, real=0.02 secs] 
Heap after GC invocations=12 (full 0):
 par new generation   total 109248K, used 15669K [0x00000000d5a00000, 0x00000000dda00000, 0x00000000dda00000)
  eden space 87424K,   0% used [0x00000000d5a00000, 0x00000000d5a00000, 0x00000000daf60000)
  from space 21824K,  71% used [0x00000000daf60000, 0x00000000dbead5c8, 0x00000000dc4b0000)
  to   space 21824K,   0% used [0x00000000dc4b0000, 0x00000000dc4b0000, 0x00000000dda00000)
 concurrent mark-sweep generation total 393216K, used 8294K [0x00000000dda00000, 0x00000000f5a00000, 0x00000000f5a00000)
 concurrent-mark-sweep perm gen total 32384K, used 32262K [0x00000000f5a00000, 0x00000000f79a0000, 0x0000000100000000)
}
2015-11-12T19:36:28.629-0600: 94.305: Total time for which application threads were stopped: 0.0259700 seconds, Stopping threads took: 0.0000290 seconds
2015-11-12T19:36:28.629-0600: 94.305: Total time for which application threads were stopped: 0.0001130 seconds, Stopping threads took: 0.0000250 seconds
{Heap before GC invocations=12 (full 0):
 par new generation   total 109248K, used 103093K [0x00000000d5a00000, 0x00000000dda00000, 0x00000000dda00000)
  eden space 87424K, 100% used [0x00000000d5a00000, 0x00000000daf60000, 0x00000000daf60000)
  from space 21824K,  71% used [0x00000000daf60000, 0x00000000dbead5c8, 0x00000000dc4b0000)
  to   space 21824K,   0% used [0x00000000dc4b0000, 0x00000000dc4b0000, 0x00000000dda00000)
 concurrent mark-sweep generation total 393216K, used 8294K [0x00000000dda00000, 0x00000000f5a00000, 0x00000000f5a00000)
 concurrent-mark-sweep perm gen total 32384K, used 32284K [0x00000000f5a00000, 0x00000000f79a0000, 0x0000000100000000)
2015-11-12T19:36:28.875-0600: 94.552: [GC2015-11-12T19:36:28.876-0600: 94.552: [ParNew
Desired survivor size 20112992 bytes, new threshold 8 (max 8)
- age   1:     249488 bytes,     249488 total
- age   2:     827968 bytes,    1077456 total
- age   3:    3010232 bytes,    4087688 total
- age   4:      74360 bytes,    4162048 total
- age   5:    1518008 bytes,    5680056 total
- age   6:    4429256 bytes,   10109312 total
- age   7:     236088 bytes,   10345400 total
- age   8:     167672 bytes,   10513072 total
: 103093K->14461K(109248K), 0.0264250 secs] 111388K->22860K(502464K), 0.0265910 secs] [Times: user=0.09 sys=0.00, real=0.02 secs] 
Heap after GC invocations=13 (full 0):
 par new generation   total 109248K, used 14461K [0x00000000d5a00000, 0x00000000dda00000, 0x00000000dda00000)
  eden space 87424K,   0% used [0x00000000d5a00000, 0x00000000d5a00000, 0x00000000daf60000)
  from space 21824K,  66% used [0x00000000dc4b0000, 0x00000000dd2cf540, 0x00000000dda00000)
  to   space 21824K,   0% used [0x00000000daf60000, 0x00000000daf60000, 0x00000000dc4b0000)
 concurrent mark-sweep generation total 393216K, used 8398K [0x00000000dda00000, 0x00000000f5a00000, 0x00000000f5a00000)
 concurrent-mark-sweep perm gen total 32384K, used 32284K [0x00000000f5a00000, 0x00000000f79a0000, 0x0000000100000000)
}
2015-11-12T19:36:28.902-0600: 94.578: Total time for which application threads were stopped: 0.0268170 seconds, Stopping threads took: 0.0000340 seconds
2015-11-12T19:36:28.902-0600: 94.579: Total time for which application threads were stopped: 0.0001060 seconds, Stopping threads took: 0.0000480 seconds
2015-11-12T19:36:29.377-0600: 95.053: Total time for which application threads were stopped: 0.0002170 seconds, Stopping threads took: 0.0000360 seconds
2015-11-12T19:36:29.380-0600: 95.057: Total time for which application threads were stopped: 0.0001000 seconds, Stopping threads took: 0.0000350 seconds
2015-11-12T19:36:29.419-0600: 95.096: Total time for which application threads were stopped: 0.0000820 seconds, Stopping threads took: 0.0000300 seconds
2015-11-12T19:36:29.420-0600: 95.096: Total time for which application threads were stopped: 0.0000530 seconds, Stopping threads took: 0.0000200 seconds
2015-11-12T19:36:29.420-0600: 95.096: Total time for which application threads were stopped: 0.0000410 seconds, Stopping threads took: 0.0000160 seconds
2015-11-12T19:36:29.420-0600: 95.096: Total time for which application threads were stopped: 0.0000400 seconds, Stopping threads took: 0.0000150 seconds
2015-11-12T19:36:29.420-0600: 95.097: Total time for which application threads were stopped: 0.0000390 seconds, Stopping threads took: 0.0000140 seconds
2015-11-12T19:36:29.420-0600: 95.097: Total time for which application threads were stopped: 0.0000390 seconds, Stopping threads took: 0.0000140 seconds
2015-11-12T19:36:29.420-0600: 95.097: Total time for which application threads were stopped: 0.0000410 seconds, Stopping threads took: 0.0000170 seconds
2015-11-12T19:36:29.421-0600: 95.097: Total time for which application threads were stopped: 0.0000390 seconds, Stopping threads took: 0.0000150 seconds
2015-11-12T19:36:29.421-0600: 95.097: Total time for which application threads were stopped: 0.0000370 seconds, Stopping threads took: 0.0000140 seconds
2015-11-12T19:36:29.421-0600: 95.097: Total time for which application threads were stopped: 0.0000380 seconds, Stopping threads took: 0.0000140 seconds
2015-11-12T19:36:29.421-0600: 95.097: Total time for which application threads were stopped: 0.0000370 seconds, Stopping threads took: 0.0000140 seconds
2015-11-12T19:36:29.421-0600: 95.097: Total time for which application threads were stopped: 0.0000370 seconds, Stopping threads took: 0.0000140 seconds
2015-11-12T19:36:29.433-0600: 95.109: Total time for which application threads were stopped: 0.0002040 seconds, Stopping threads took: 0.0001340 seconds
2015-11-12T19:36:29.436-0600: 95.112: Total time for which application threads were stopped: 0.0000600 seconds, Stopping threads took: 0.0000280 seconds
2015-11-12T19:36:29.436-0600: 95.112: Total time for which application threads were stopped: 0.0000450 seconds, Stopping threads took: 0.0000120 seconds
2015-11-12T19:36:29.437-0600: 95.113: Total time for which application threads were stopped: 0.0000450 seconds, Stopping threads took: 0.0000140 seconds
2015-11-12T19:36:29.437-0600: 95.113: Total time for which application threads were stopped: 0.0000600 seconds, Stopping threads took: 0.0000390 seconds
2015-11-12T19:36:29.450-0600: 95.126: Total time for which application threads were stopped: 0.0001000 seconds, Stopping threads took: 0.0000400 seconds
2015-11-12T19:36:29.450-0600: 95.127: Total time for which application threads were stopped: 0.0000470 seconds, Stopping threads took: 0.0000170 seconds
2015-11-12T19:36:29.460-0600: 95.136: Total time for which application threads were stopped: 0.0000730 seconds, Stopping threads took: 0.0000320 seconds
2015-11-12T19:36:29.475-0600: 95.151: Total time for which application threads were stopped: 0.0001070 seconds, Stopping threads took: 0.0000540 seconds
2015-11-12T19:36:29.477-0600: 95.153: Total time for which application threads were stopped: 0.0000730 seconds, Stopping threads took: 0.0000220 seconds
2015-11-12T19:36:29.478-0600: 95.154: Total time for which application threads were stopped: 0.0000610 seconds, Stopping threads took: 0.0000170 seconds
2015-11-12T19:36:29.478-0600: 95.154: Total time for which application threads were stopped: 0.0000550 seconds, Stopping threads took: 0.0000150 seconds
2015-11-12T19:36:29.478-0600: 95.154: Total time for which application threads were stopped: 0.0000470 seconds, Stopping threads took: 0.0000140 seconds
2015-11-12T19:36:29.478-0600: 95.154: Total time for which application threads were stopped: 0.0000660 seconds, Stopping threads took: 0.0000310 seconds
2015-11-12T19:36:29.478-0600: 95.155: Total time for which application threads were stopped: 0.0000540 seconds, Stopping threads took: 0.0000150 seconds
2015-11-12T19:36:29.479-0600: 95.155: Total time for which application threads were stopped: 0.0000520 seconds, Stopping threads took: 0.0000140 seconds
2015-11-12T19:36:29.479-0600: 95.155: Total time for which application threads were stopped: 0.0000520 seconds, Stopping threads took: 0.0000150 seconds
2015-11-12T19:36:29.479-0600: 95.155: Total time for which application threads were stopped: 0.0000400 seconds, Stopping threads took: 0.0000110 seconds
2015-11-12T19:36:29.479-0600: 95.155: Total time for which application threads were stopped: 0.0000400 seconds, Stopping threads took: 0.0000110 seconds
2015-11-12T19:36:29.479-0600: 95.155: Total time for which application threads were stopped: 0.0000400 seconds, Stopping threads took: 0.0000110 seconds
2015-11-12T19:36:29.479-0600: 95.155: Total time for which application threads were stopped: 0.0000400 seconds, Stopping threads took: 0.0000120 seconds
2015-11-12T19:36:29.479-0600: 95.156: Total time for which application threads were stopped: 0.0000650 seconds, Stopping threads took: 0.0000300 seconds
2015-11-12T19:36:29.479-0600: 95.156: Total time for which application threads were stopped: 0.0000430 seconds, Stopping threads took: 0.0000120 seconds
2015-11-12T19:36:29.480-0600: 95.156: Total time for which application threads were stopped: 0.0000400 seconds, Stopping threads took: 0.0000110 seconds
2015-11-12T19:36:29.480-0600: 95.156: Total time for which application threads were stopped: 0.0000480 seconds, Stopping threads took: 0.0000170 seconds
2015-11-12T19:36:29.480-0600: 95.156: Total time for which application threads were stopped: 0.0000440 seconds, Stopping threads took: 0.0000140 seconds
2015-11-12T19:36:29.480-0600: 95.156: Total time for which application threads were stopped: 0.0000440 seconds, Stopping threads took: 0.0000140 seconds
2015-11-12T19:36:29.501-0600: 95.177: Total time for which application threads were stopped: 0.0004530 seconds, Stopping threads took: 0.0002410 seconds
2015-11-12T19:36:29.513-0600: 95.189: Total time for which application threads were stopped: 0.0003960 seconds, Stopping threads took: 0.0001890 seconds
2015-11-12T19:36:29.529-0600: 95.206: Total time for which application threads were stopped: 0.0002330 seconds, Stopping threads took: 0.0000320 seconds
2015-11-12T19:36:29.582-0600: 95.259: Total time for which application threads were stopped: 0.0001270 seconds, Stopping threads took: 0.0000420 seconds
2015-11-12T19:36:29.599-0600: 95.275: Total time for which application threads were stopped: 0.0001550 seconds, Stopping threads took: 0.0000890 seconds
2015-11-12T19:36:29.630-0600: 95.307: Total time for which application threads were stopped: 0.0001450 seconds, Stopping threads took: 0.0000770 seconds
2015-11-12T19:36:29.776-0600: 95.453: Total time for which application threads were stopped: 0.0001440 seconds, Stopping threads took: 0.0000290 seconds
2015-11-12T19:36:29.777-0600: 95.453: Total time for which application threads were stopped: 0.0000630 seconds, Stopping threads took: 0.0000150 seconds
2015-11-12T19:36:29.780-0600: 95.457: Total time for which application threads were stopped: 0.0003160 seconds, Stopping threads took: 0.0001710 seconds
2015-11-12T19:36:29.864-0600: 95.540: Total time for which application threads were stopped: 0.0002590 seconds, Stopping threads took: 0.0001240 seconds
2015-11-12T19:36:29.888-0600: 95.564: Total time for which application threads were stopped: 0.0004540 seconds, Stopping threads took: 0.0000690 seconds
2015-11-12T19:36:29.928-0600: 95.604: Total time for which application threads were stopped: 0.0000980 seconds, Stopping threads took: 0.0000310 seconds
2015-11-12T19:36:29.933-0600: 95.609: Total time for which application threads were stopped: 0.0001000 seconds, Stopping threads took: 0.0000520 seconds
2015-11-12T19:36:29.975-0600: 95.651: Total time for which application threads were stopped: 0.0001130 seconds, Stopping threads took: 0.0000510 seconds
2015-11-12T19:36:29.991-0600: 95.667: Total time for which application threads were stopped: 0.0002340 seconds, Stopping threads took: 0.0000680 seconds
2015-11-12T19:36:30.027-0600: 95.703: Total time for which application threads were stopped: 0.0002330 seconds, Stopping threads took: 0.0000650 seconds
2015-11-12T19:36:30.036-0600: 95.712: Total time for which application threads were stopped: 0.0003400 seconds, Stopping threads took: 0.0001650 seconds
2015-11-12T19:36:30.335-0600: 96.011: Total time for which application threads were stopped: 0.0002030 seconds, Stopping threads took: 0.0000450 seconds
2015-11-12T19:36:30.341-0600: 96.017: Total time for which application threads were stopped: 0.0001690 seconds, Stopping threads took: 0.0000910 seconds
2015-11-12T19:36:30.350-0600: 96.026: Total time for which application threads were stopped: 0.0003770 seconds, Stopping threads took: 0.0003110 seconds
2015-11-12T19:36:30.365-0600: 96.042: Total time for which application threads were stopped: 0.0031290 seconds, Stopping threads took: 0.0030600 seconds
2015-11-12T19:36:30.367-0600: 96.043: Total time for which application threads were stopped: 0.0001020 seconds, Stopping threads took: 0.0000380 seconds
2015-11-12T19:36:30.398-0600: 96.074: Total time for which application threads were stopped: 0.0005460 seconds, Stopping threads took: 0.0001510 seconds
2015-11-12T19:36:30.402-0600: 96.079: Total time for which application threads were stopped: 0.0003690 seconds, Stopping threads took: 0.0001520 seconds
2015-11-12T19:36:30.416-0600: 96.092: Total time for which application threads were stopped: 0.0001800 seconds, Stopping threads took: 0.0000490 seconds
2015-11-12T19:36:33.726-0600: 99.402: Total time for which application threads were stopped: 0.0001830 seconds, Stopping threads took: 0.0000330 seconds
2015-11-12T19:36:33.772-0600: 99.448: Total time for which application threads were stopped: 0.0001440 seconds, Stopping threads took: 0.0000560 seconds
2015-11-12T19:36:33.774-0600: 99.451: Total time for which application threads were stopped: 0.0001390 seconds, Stopping threads took: 0.0000430 seconds
2015-11-12T19:36:33.777-0600: 99.453: Total time for which application threads were stopped: 0.0000910 seconds, Stopping threads took: 0.0000330 seconds
2015-11-12T19:36:33.803-0600: 99.479: Total time for which application threads were stopped: 0.0001130 seconds, Stopping threads took: 0.0000620 seconds
2015-11-12T19:36:33.805-0600: 99.481: Total time for which application threads were stopped: 0.0000780 seconds, Stopping threads took: 0.0000220 seconds
2015-11-12T19:36:33.844-0600: 99.520: Total time for which application threads were stopped: 0.0001390 seconds, Stopping threads took: 0.0000800 seconds
2015-11-12T19:36:33.844-0600: 99.521: Total time for which application threads were stopped: 0.0000850 seconds, Stopping threads took: 0.0000470 seconds
2015-11-12T19:36:33.845-0600: 99.522: Total time for which application threads were stopped: 0.0000970 seconds, Stopping threads took: 0.0000580 seconds
2015-11-12T19:36:33.849-0600: 99.526: Total time for which application threads were stopped: 0.0000870 seconds, Stopping threads took: 0.0000340 seconds
2015-11-12T19:36:33.850-0600: 99.526: Total time for which application threads were stopped: 0.0000830 seconds, Stopping threads took: 0.0000460 seconds
2015-11-12T19:36:33.851-0600: 99.527: Total time for which application threads were stopped: 0.0000820 seconds, Stopping threads took: 0.0000430 seconds
2015-11-12T19:36:33.851-0600: 99.527: Total time for which application threads were stopped: 0.0000720 seconds, Stopping threads took: 0.0000400 seconds
2015-11-12T19:36:33.851-0600: 99.528: Total time for which application threads were stopped: 0.0000860 seconds, Stopping threads took: 0.0000510 seconds
2015-11-12T19:36:33.853-0600: 99.529: Total time for which application threads were stopped: 0.0001170 seconds, Stopping threads took: 0.0000660 seconds
2015-11-12T19:36:33.853-0600: 99.529: Total time for which application threads were stopped: 0.0000600 seconds, Stopping threads took: 0.0000240 seconds
2015-11-12T19:36:33.854-0600: 99.530: Total time for which application threads were stopped: 0.0000730 seconds, Stopping threads took: 0.0000410 seconds
2015-11-12T19:36:33.854-0600: 99.530: Total time for which application threads were stopped: 0.0000490 seconds, Stopping threads took: 0.0000210 seconds
2015-11-12T19:36:33.855-0600: 99.531: Total time for which application threads were stopped: 0.0000890 seconds, Stopping threads took: 0.0000480 seconds
2015-11-12T19:36:33.856-0600: 99.532: Total time for which application threads were stopped: 0.0000420 seconds, Stopping threads took: 0.0000150 seconds
2015-11-12T19:36:33.857-0600: 99.534: Total time for which application threads were stopped: 0.0000580 seconds, Stopping threads took: 0.0000280 seconds
2015-11-12T19:36:33.858-0600: 99.534: Total time for which application threads were stopped: 0.0000410 seconds, Stopping threads took: 0.0000150 seconds
2015-11-12T19:36:33.858-0600: 99.535: Total time for which application threads were stopped: 0.0000400 seconds, Stopping threads took: 0.0000140 seconds
2015-11-12T19:36:37.378-0600: 103.054: Total time for which application threads were stopped: 0.0006070 seconds, Stopping threads took: 0.0000740 seconds
2015-11-12T19:36:37.444-0600: 103.121: Total time for which application threads were stopped: 0.0045750 seconds, Stopping threads took: 0.0043280 seconds
2015-11-12T19:36:37.451-0600: 103.127: Total time for which application threads were stopped: 0.0000890 seconds, Stopping threads took: 0.0000340 seconds
2015-11-12T19:36:38.434-0600: 104.110: Total time for which application threads were stopped: 0.0002710 seconds, Stopping threads took: 0.0000440 seconds
2015-11-12T19:36:38.439-0600: 104.115: Total time for which application threads were stopped: 0.0001320 seconds, Stopping threads took: 0.0000460 seconds
2015-11-12T19:36:38.855-0600: 104.531: Total time for which application threads were stopped: 0.0001540 seconds, Stopping threads took: 0.0000510 seconds
2015-11-12T19:36:38.861-0600: 104.537: Total time for which application threads were stopped: 0.0001710 seconds, Stopping threads took: 0.0000580 seconds
2015-11-12T19:37:03.294-0600: 128.970: Total time for which application threads were stopped: 0.0003960 seconds, Stopping threads took: 0.0000770 seconds
2015-11-12T19:37:05.216-0600: 130.892: Total time for which application threads were stopped: 0.0002910 seconds, Stopping threads took: 0.0000470 seconds
2015-11-12T19:37:05.222-0600: 130.898: Total time for which application threads were stopped: 0.0001070 seconds, Stopping threads took: 0.0000490 seconds
2015-11-12T19:37:10.243-0600: 135.919: Total time for which application threads were stopped: 0.0003450 seconds, Stopping threads took: 0.0000710 seconds
2015-11-12T19:37:10.245-0600: 135.922: Total time for which application threads were stopped: 0.0001