OpenJDK 64-Bit Server VM (24.85-b03) for linux-amd64 JRE (1.7.0_85-b01), built on Oct 22 2015 06:46:50 by "buildd" with gcc 4.8.2
Memory: 4k page, physical 3972464k(1313080k free), swap 1048572k(1048572k free)
CommandLine flags: -XX:CMSFullGCsBeforeCompaction=1 -XX:CMSInitiatingOccupancyFraction=50 -XX:CMSMaxAbortablePrecleanTime=6000 -XX:+CMSParallelRemarkEnabled -XX:+CMSScavengeBeforeRemark -XX:CMSTriggerPermRatio=80 -XX:ConcGCThreads=4 -XX:InitialHeapSize=536870912 -XX:MaxHeapSize=536870912 -XX:MaxTenuringThreshold=8 -XX:NewRatio=3 -XX:OldPLABSize=16 -XX:ParallelGCThreads=4 -XX:+ParallelRefProcEnabled -XX:PretenureSizeThreshold=67108864 -XX:+PrintGC -XX:+PrintGCApplicationStoppedTime -XX:+PrintGCDateStamps -XX:+PrintGCDetails -XX:+PrintGCTimeStamps -XX:+PrintHeapAtGC -XX:+PrintTenuringDistribution -XX:SurvivorRatio=4 -XX:TargetSurvivorRatio=90 -XX:ThreadStackSize=256 -XX:+UseCMSInitiatingOccupancyOnly -XX:+UseCompressedOops -XX:+UseConcMarkSweepGC -XX:+UseParNewGC 
2015-11-12T19:36:21.291-0600: 1.037: Total time for which application threads were stopped: 0.0001600 seconds, Stopping threads took: 0.0000450 seconds
{Heap before GC invocations=0 (full 0):
 par new generation   total 109248K, used 87424K [0x00000000d5a00000, 0x00000000dda00000, 0x00000000dda00000)
  eden space 87424K, 100% used [0x00000000d5a00000, 0x00000000daf60000, 0x00000000daf60000)
  from space 21824K,   0% used [0x00000000daf60000, 0x00000000daf60000, 0x00000000dc4b0000)
  to   space 21824K,   0% used [0x00000000dc4b0000, 0x00000000dc4b0000, 0x00000000dda00000)
 concurrent mark-sweep generation total 393216K, used 0K [0x00000000dda00000, 0x00000000f5a00000, 0x00000000f5a00000)
 concurrent-mark-sweep perm gen total 21248K, used 10290K [0x00000000f5a00000, 0x00000000f6ec0000, 0x0000000100000000)
2015-11-12T19:36:21.352-0600: 1.098: [GC2015-11-12T19:36:21.352-0600: 1.098: [ParNew
Desired survivor size 20112992 bytes, new threshold 8 (max 8)
- age   1:    5364520 bytes,    5364520 total
: 87424K->5303K(109248K), 0.0120750 secs] 87424K->5303K(502464K), 0.0122180 secs] [Times: user=0.02 sys=0.02, real=0.01 secs] 
Heap after GC invocations=1 (full 0):
 par new generation   total 109248K, used 5303K [0x00000000d5a00000, 0x00000000dda00000, 0x00000000dda00000)
  eden space 87424K,   0% used [0x00000000d5a00000, 0x00000000d5a00000, 0x00000000daf60000)
  from space 21824K,  24% used [0x00000000dc4b0000, 0x00000000dc9ddff8, 0x00000000dda00000)
  to   space 21824K,   0% used [0x00000000daf60000, 0x00000000daf60000, 0x00000000dc4b0000)
 concurrent mark-sweep generation total 393216K, used 0K [0x00000000dda00000, 0x00000000f5a00000, 0x00000000f5a00000)
 concurrent-mark-sweep perm gen total 21248K, used 10290K [0x00000000f5a00000, 0x00000000f6ec0000, 0x0000000100000000)
}
2015-11-12T19:36:21.364-0600: 1.110: Total time for which application threads were stopped: 0.0124100 seconds, Stopping threads took: 0.0000250 seconds
2015-11-12T19:36:21.937-0600: 1.682: Total time for which application threads were stopped: 0.0001740 seconds, Stopping threads took: 0.0000290 seconds
2015-11-12T19:36:22.155-0600: 1.900: Total time for which application threads were stopped: 0.0001370 seconds, Stopping threads took: 0.0000270 seconds
2015-11-12T19:36:23.155-0600: 2.901: Total time for which application threads were stopped: 0.0002890 seconds, Stopping threads took: 0.0000680 seconds
2015-11-12T19:36:24.344-0600: 4.090: Total time for which application threads were stopped: 0.0010220 seconds, Stopping threads took: 0.0000660 seconds
2015-11-12T19:36:24.755-0600: 4.500: Total time for which application threads were stopped: 0.0001980 seconds, Stopping threads took: 0.0000390 seconds
2015-11-12T19:36:24.845-0600: 4.591: Total time for which application threads were stopped: 0.0003540 seconds, Stopping threads took: 0.0000350 seconds
2015-11-12T19:36:24.849-0600: 4.595: Total time for which application threads were stopped: 0.0001540 seconds, Stopping threads took: 0.0000770 seconds
2015-11-12T19:36:24.850-0600: 4.595: Total time for which application threads were stopped: 0.0001140 seconds, Stopping threads took: 0.0000190 seconds
2015-11-12T19:36:24.885-0600: 4.630: Total time for which application threads were stopped: 0.0001330 seconds, Stopping threads took: 0.0000770 seconds
2015-11-12T19:36:24.885-0600: 4.630: Total time for which application threads were stopped: 0.0001110 seconds, Stopping threads took: 0.0000450 seconds
2015-11-12T19:36:24.934-0600: 4.679: Total time for which application threads were stopped: 0.0001600 seconds, Stopping threads took: 0.0000340 seconds
2015-11-12T19:36:25.060-0600: 4.805: Total time for which application threads were stopped: 0.0001020 seconds, Stopping threads took: 0.0000630 seconds
2015-11-12T19:36:25.062-0600: 4.808: Total time for which application threads were stopped: 0.0018780 seconds, Stopping threads took: 0.0018370 seconds
2015-11-12T19:36:25.074-0600: 4.820: Total time for which application threads were stopped: 0.0014370 seconds, Stopping threads took: 0.0013750 seconds
2015-11-12T19:36:25.163-0600: 4.908: Total time for which application threads were stopped: 0.0002350 seconds, Stopping threads took: 0.0000570 seconds
{Heap before GC invocations=1 (full 0):
 par new generation   total 109248K, used 92727K [0x00000000d5a00000, 0x00000000dda00000, 0x00000000dda00000)
  eden space 87424K, 100% used [0x00000000d5a00000, 0x00000000daf60000, 0x00000000daf60000)
  from space 21824K,  24% used [0x00000000dc4b0000, 0x00000000dc9ddff8, 0x00000000dda00000)
  to   space 21824K,   0% used [0x00000000daf60000, 0x00000000daf60000, 0x00000000dc4b0000)
 concurrent mark-sweep generation total 393216K, used 0K [0x00000000dda00000, 0x00000000f5a00000, 0x00000000f5a00000)
 concurrent-mark-sweep perm gen total 21248K, used 20531K [0x00000000f5a00000, 0x00000000f6ec0000, 0x0000000100000000)
2015-11-12T19:36:25.265-0600: 5.010: [GC2015-11-12T19:36:25.265-0600: 5.011: [ParNew
Desired survivor size 20112992 bytes, new threshold 8 (max 8)
- age   1:   10529512 bytes,   10529512 total
- age   2:    2140168 bytes,   12669680 total
: 92727K->14581K(109248K), 0.0256440 secs] 92727K->14581K(502464K), 0.0258100 secs] [Times: user=0.09 sys=0.00, real=0.03 secs] 
Heap after GC invocations=2 (full 0):
 par new generation   total 109248K, used 14581K [0x00000000d5a00000, 0x00000000dda00000, 0x00000000dda00000)
  eden space 87424K,   0% used [0x00000000d5a00000, 0x00000000d5a00000, 0x00000000daf60000)
  from space 21824K,  66% used [0x00000000daf60000, 0x00000000dbd9d458, 0x00000000dc4b0000)
  to   space 21824K,   0% used [0x00000000dc4b0000, 0x00000000dc4b0000, 0x00000000dda00000)
 concurrent mark-sweep generation total 393216K, used 0K [0x00000000dda00000, 0x00000000f5a00000, 0x00000000f5a00000)
 concurrent-mark-sweep perm gen total 21248K, used 20531K [0x00000000f5a00000, 0x00000000f6ec0000, 0x0000000100000000)
}
2015-11-12T19:36:25.291-0600: 5.036: Total time for which application threads were stopped: 0.0260680 seconds, Stopping threads took: 0.0000700 seconds
2015-11-12T19:36:25.307-0600: 5.053: Total time for which application threads were stopped: 0.0001580 seconds, Stopping threads took: 0.0001020 seconds
2015-11-12T19:36:25.307-0600: 5.053: Total time for which application threads were stopped: 0.0000920 seconds, Stopping threads took: 0.0000630 seconds
2015-11-12T19:36:25.308-0600: 5.053: Total time for which application threads were stopped: 0.0007050 seconds, Stopping threads took: 0.0006760 seconds
2015-11-12T19:36:25.308-0600: 5.054: Total time for which application threads were stopped: 0.0000870 seconds, Stopping threads took: 0.0000600 seconds
2015-11-12T19:36:25.308-0600: 5.054: Total time for which application threads were stopped: 0.0000690 seconds, Stopping threads took: 0.0000450 seconds
2015-11-12T19:36:25.318-0600: 5.064: Total time for which application threads were stopped: 0.0040950 seconds, Stopping threads took: 0.0040350 seconds
2015-11-12T19:36:25.318-0600: 5.064: Total time for which application threads were stopped: 0.0000690 seconds, Stopping threads took: 0.0000410 seconds
2015-11-12T19:36:25.322-0600: 5.068: Total time for which application threads were stopped: 0.0038200 seconds, Stopping threads took: 0.0037750 seconds
2015-11-12T19:36:25.322-0600: 5.068: Total time for which application threads were stopped: 0.0000730 seconds, Stopping threads took: 0.0000450 seconds
2015-11-12T19:36:25.326-0600: 5.072: Total time for which application threads were stopped: 0.0037710 seconds, Stopping threads took: 0.0037210 seconds
2015-11-12T19:36:25.328-0600: 5.074: Total time for which application threads were stopped: 0.0019010 seconds, Stopping threads took: 0.0018610 seconds
2015-11-12T19:36:25.334-0600: 5.080: Total time for which application threads were stopped: 0.0040840 seconds, Stopping threads took: 0.0040260 seconds
2015-11-12T19:36:25.341-0600: 5.086: Total time for which application threads were stopped: 0.0025800 seconds, Stopping threads took: 0.0025340 seconds
2015-11-12T19:36:25.341-0600: 5.087: Total time for which application threads were stopped: 0.0000830 seconds, Stopping threads took: 0.0000550 seconds
2015-11-12T19:36:25.341-0600: 5.087: Total time for which application threads were stopped: 0.0000590 seconds, Stopping threads took: 0.0000370 seconds
2015-11-12T19:36:25.341-0600: 5.087: Total time for which application threads were stopped: 0.0000580 seconds, Stopping threads took: 0.0000370 seconds
2015-11-12T19:36:25.341-0600: 5.087: Total time for which application threads were stopped: 0.0000400 seconds, Stopping threads took: 0.0000180 seconds
2015-11-12T19:36:25.341-0600: 5.087: Total time for which application threads were stopped: 0.0000550 seconds, Stopping threads took: 0.0000320 seconds
2015-11-12T19:36:25.342-0600: 5.088: Total time for which application threads were stopped: 0.0007360 seconds, Stopping threads took: 0.0007080 seconds
2015-11-12T19:36:25.342-0600: 5.088: Total time for which application threads were stopped: 0.0001420 seconds, Stopping threads took: 0.0000340 seconds
2015-11-12T19:36:25.343-0600: 5.088: Total time for which application threads were stopped: 0.0000560 seconds, Stopping threads took: 0.0000260 seconds
2015-11-12T19:36:25.343-0600: 5.088: Total time for which application threads were stopped: 0.0000520 seconds, Stopping threads took: 0.0000250 seconds
2015-11-12T19:36:25.344-0600: 5.089: Total time for which application threads were stopped: 0.0000520 seconds, Stopping threads took: 0.0000320 seconds
2015-11-12T19:36:25.344-0600: 5.090: Total time for which application threads were stopped: 0.0000550 seconds, Stopping threads took: 0.0000360 seconds
2015-11-12T19:36:25.466-0600: 5.212: Total time for which application threads were stopped: 0.0001840 seconds, Stopping threads took: 0.0000390 seconds
2015-11-12T19:36:25.467-0600: 5.212: Total time for which application threads were stopped: 0.0000610 seconds, Stopping threads took: 0.0000240 seconds
2015-11-12T19:36:25.467-0600: 5.212: Total time for which application threads were stopped: 0.0000420 seconds, Stopping threads took: 0.0000150 seconds
2015-11-12T19:36:25.468-0600: 5.213: Total time for which application threads were stopped: 0.0000660 seconds, Stopping threads took: 0.0000210 seconds
2015-11-12T19:36:25.468-0600: 5.214: Total time for which application threads were stopped: 0.0000470 seconds, Stopping threads took: 0.0000180 seconds
2015-11-12T19:36:25.468-0600: 5.214: Total time for which application threads were stopped: 0.0000390 seconds, Stopping threads took: 0.0000140 seconds
2015-11-12T19:36:25.469-0600: 5.214: Total time for which application threads were stopped: 0.0000630 seconds, Stopping threads took: 0.0000220 seconds
2015-11-12T19:36:25.469-0600: 5.215: Total time for which application threads were stopped: 0.0000480 seconds, Stopping threads took: 0.0000170 seconds
2015-11-12T19:36:25.469-0600: 5.215: Total time for which application threads were stopped: 0.0000390 seconds, Stopping threads took: 0.0000140 seconds
2015-11-12T19:36:25.470-0600: 5.215: Total time for which application threads were stopped: 0.0000630 seconds, Stopping threads took: 0.0000220 seconds
2015-11-12T19:36:25.471-0600: 5.216: Total time for which application threads were stopped: 0.0000480 seconds, Stopping threads took: 0.0000170 seconds
2015-11-12T19:36:25.471-0600: 5.216: Total time for which application threads were stopped: 0.0000390 seconds, Stopping threads took: 0.0000140 seconds
2015-11-12T19:36:25.471-0600: 5.217: Total time for which application threads were stopped: 0.0000630 seconds, Stopping threads took: 0.0000210 seconds
2015-11-12T19:36:25.472-0600: 5.217: Total time for which application threads were stopped: 0.0000510 seconds, Stopping threads took: 0.0000210 seconds
2015-11-12T19:36:25.472-0600: 5.217: Total time for which application threads were stopped: 0.0000410 seconds, Stopping threads took: 0.0000160 seconds
2015-11-12T19:36:25.473-0600: 5.218: Total time for which application threads were stopped: 0.0001360 seconds, Stopping threads took: 0.0000220 seconds
2015-11-12T19:36:25.475-0600: 5.220: Total time for which application threads were stopped: 0.0001290 seconds, Stopping threads took: 0.0000680 seconds
2015-11-12T19:36:25.477-0600: 5.223: Total time for which application threads were stopped: 0.0001920 seconds, Stopping threads took: 0.0001190 seconds
2015-11-12T19:36:25.478-0600: 5.224: Total time for which application threads were stopped: 0.0001210 seconds, Stopping threads took: 0.0000720 seconds
2015-11-12T19:36:25.478-0600: 5.224: Total time for which application threads were stopped: 0.0000570 seconds, Stopping threads took: 0.0000270 seconds
2015-11-12T19:36:25.482-0600: 5.228: Total time for which application threads were stopped: 0.0033310 seconds, Stopping threads took: 0.0032850 seconds
2015-11-12T19:36:25.484-0600: 5.230: Total time for which application threads were stopped: 0.0000910 seconds, Stopping threads took: 0.0000340 seconds
2015-11-12T19:36:25.485-0600: 5.230: Total time for which application threads were stopped: 0.0000560 seconds, Stopping threads took: 0.0000280 seconds
2015-11-12T19:36:25.485-0600: 5.231: Total time for which application threads were stopped: 0.0001040 seconds, Stopping threads took: 0.0000560 seconds
2015-11-12T19:36:25.487-0600: 5.232: Total time for which application threads were stopped: 0.0001570 seconds, Stopping threads took: 0.0000990 seconds
2015-11-12T19:36:25.487-0600: 5.233: Total time for which application threads were stopped: 0.0000780 seconds, Stopping threads took: 0.0000380 seconds
2015-11-12T19:36:25.488-0600: 5.233: Total time for which application threads were stopped: 0.0001030 seconds, Stopping threads took: 0.0000500 seconds
2015-11-12T19:36:25.488-0600: 5.234: Total time for which application threads were stopped: 0.0000880 seconds, Stopping threads took: 0.0000470 seconds
2015-11-12T19:36:25.489-0600: 5.234: Total time for which application threads were stopped: 0.0000710 seconds, Stopping threads took: 0.0000360 seconds
2015-11-12T19:36:25.489-0600: 5.235: Total time for which application threads were stopped: 0.0000830 seconds, Stopping threads took: 0.0000390 seconds
2015-11-12T19:36:25.491-0600: 5.236: Total time for which application threads were stopped: 0.0006060 seconds, Stopping threads took: 0.0005540 seconds
2015-11-12T19:36:25.491-0600: 5.237: Total time for which application threads were stopped: 0.0000550 seconds, Stopping threads took: 0.0000220 seconds
2015-11-12T19:36:25.492-0600: 5.237: Total time for which application threads were stopped: 0.0000930 seconds, Stopping threads took: 0.0000490 seconds
2015-11-12T19:36:25.510-0600: 5.256: Total time for which application threads were stopped: 0.0003380 seconds, Stopping threads took: 0.0002770 seconds
2015-11-12T19:36:25.510-0600: 5.256: Total time for which application threads were stopped: 0.0001090 seconds, Stopping threads took: 0.0000410 seconds
2015-11-12T19:36:25.511-0600: 5.256: Total time for which application threads were stopped: 0.0003030 seconds, Stopping threads took: 0.0002520 seconds
2015-11-12T19:36:25.514-0600: 5.259: Total time for which application threads were stopped: 0.0002760 seconds, Stopping threads took: 0.0000950 seconds
2015-11-12T19:36:25.522-0600: 5.268: Total time for which application threads were stopped: 0.0008370 seconds, Stopping threads took: 0.0007650 seconds
2015-11-12T19:36:25.554-0600: 5.299: Total time for which application threads were stopped: 0.0009580 seconds, Stopping threads took: 0.0008340 seconds
2015-11-12T19:36:25.602-0600: 5.348: Total time for which application threads were stopped: 0.0010260 seconds, Stopping threads took: 0.0008750 seconds
2015-11-12T19:36:25.632-0600: 5.377: Total time for which application threads were stopped: 0.0001720 seconds, Stopping threads took: 0.0000780 seconds
2015-11-12T19:36:25.718-0600: 5.463: Total time for which application threads were stopped: 0.0002520 seconds, Stopping threads took: 0.0000730 seconds
2015-11-12T19:36:25.719-0600: 5.464: Total time for which application threads were stopped: 0.0001480 seconds, Stopping threads took: 0.0000890 seconds
2015-11-12T19:36:25.719-0600: 5.465: Total time for which application threads were stopped: 0.0000870 seconds, Stopping threads took: 0.0000400 seconds
2015-11-12T19:36:25.721-0600: 5.466: Total time for which application threads were stopped: 0.0001390 seconds, Stopping threads took: 0.0000900 seconds
2015-11-12T19:36:25.721-0600: 5.466: Total time for which application threads were stopped: 0.0000610 seconds, Stopping threads took: 0.0000260 seconds
2015-11-12T19:36:25.763-0600: 5.508: Total time for which application threads were stopped: 0.0001600 seconds, Stopping threads took: 0.0001010 seconds
2015-11-12T19:36:25.797-0600: 5.543: Total time for which application threads were stopped: 0.0001830 seconds, Stopping threads took: 0.0001150 seconds
2015-11-12T19:36:25.827-0600: 5.573: Total time for which application threads were stopped: 0.0001640 seconds, Stopping threads took: 0.0001010 seconds
2015-11-12T19:36:25.973-0600: 5.719: Total time for which application threads were stopped: 0.0001980 seconds, Stopping threads took: 0.0000440 seconds
2015-11-12T19:36:26.011-0600: 5.756: Total time for which application threads were stopped: 0.0001790 seconds, Stopping threads took: 0.0001060 seconds
2015-11-12T19:36:26.014-0600: 5.760: Total time for which application threads were stopped: 0.0001030 seconds, Stopping threads took: 0.0000400 seconds
2015-11-12T19:36:26.017-0600: 5.763: Total time for which application threads were stopped: 0.0001120 seconds, Stopping threads took: 0.0000430 seconds
2015-11-12T19:36:26.018-0600: 5.763: Total time for which application threads were stopped: 0.0000950 seconds, Stopping threads took: 0.0000420 seconds
2015-11-12T19:36:26.022-0600: 5.768: Total time for which application threads were stopped: 0.0001230 seconds, Stopping threads took: 0.0000560 seconds
{Heap before GC invocations=2 (full 0):
 par new generation   total 109248K, used 102005K [0x00000000d5a00000, 0x00000000dda00000, 0x00000000dda00000)
  eden space 87424K, 100% used [0x00000000d5a00000, 0x00000000daf60000, 0x00000000daf60000)
  from space 21824K,  66% used [0x00000000daf60000, 0x00000000dbd9d458, 0x00000000dc4b0000)
  to   space 21824K,   0% used [0x00000000dc4b0000, 0x00000000dc4b0000, 0x00000000dda00000)
 concurrent mark-sweep generation total 393216K, used 0K [0x00000000dda00000, 0x00000000f5a00000, 0x00000000f5a00000)
 concurrent-mark-sweep perm gen total 22784K, used 22643K [0x00000000f5a00000, 0x00000000f7040000, 0x0000000100000000)
2015-11-12T19:36:26.032-0600: 5.778: [GC2015-11-12T19:36:26.033-0600: 5.778: [ParNew
Desired survivor size 20112992 bytes, new threshold 8 (max 8)
- age   1:    3770288 bytes,    3770288 total
- age   2:    4191152 bytes,    7961440 total
- age   3:    2135448 bytes,   10096888 total
: 102005K->15203K(109248K), 0.0359050 secs] 102005K->15203K(502464K), 0.0360490 secs] [Times: user=0.10 sys=0.00, real=0.03 secs] 
Heap after GC invocations=3 (full 0):
 par new generation   total 109248K, used 15203K [0x00000000d5a00000, 0x00000000dda00000, 0x00000000dda00000)
  eden space 87424K,   0% used [0x00000000d5a00000, 0x00000000d5a00000, 0x00000000daf60000)
  from space 21824K,  69% used [0x00000000dc4b0000, 0x00000000dd388d60, 0x00000000dda00000)
  to   space 21824K,   0% used [0x00000000daf60000, 0x00000000daf60000, 0x00000000dc4b0000)
 concurrent mark-sweep generation total 393216K, used 0K [0x00000000dda00000, 0x00000000f5a00000, 0x00000000f5a00000)
 concurrent-mark-sweep perm gen total 22784K, used 22643K [0x00000000f5a00000, 0x00000000f7040000, 0x0000000100000000)
}
2015-11-12T19:36:26.069-0600: 5.814: Total time for which application threads were stopped: 0.0362710 seconds, Stopping threads took: 0.0000380 seconds
2015-11-12T19:36:26.073-0600: 5.819: Total time for which application threads were stopped: 0.0026340 seconds, Stopping threads took: 0.0025640 seconds
2015-11-12T19:36:26.075-0600: 5.820: Total time for which application threads were stopped: 0.0005380 seconds, Stopping threads took: 0.0004870 seconds
2015-11-12T19:36:26.075-0600: 5.821: Total time for which application threads were stopped: 0.0000490 seconds, Stopping threads took: 0.0000240 seconds
2015-11-12T19:36:26.076-0600: 5.821: Total time for which application threads were stopped: 0.0006220 seconds, Stopping threads took: 0.0005810 seconds
2015-11-12T19:36:26.076-0600: 5.821: Total time for which application threads were stopped: 0.0001470 seconds, Stopping threads took: 0.0001170 seconds
2015-11-12T19:36:26.078-0600: 5.824: Total time for which application threads were stopped: 0.0024180 seconds, Stopping threads took: 0.0023750 seconds
2015-11-12T19:36:26.082-0600: 5.828: Total time for which application threads were stopped: 0.0014120 seconds, Stopping threads took: 0.0013540 seconds
2015-11-12T19:36:26.083-0600: 5.828: Total time for which application threads were stopped: 0.0000780 seconds, Stopping threads took: 0.0000480 seconds
2015-11-12T19:36:26.092-0600: 5.838: Total time for which application threads were stopped: 0.0021910 seconds, Stopping threads took: 0.0021230 seconds
2015-11-12T19:36:26.093-0600: 5.838: Total time for which application threads were stopped: 0.0000730 seconds, Stopping threads took: 0.0000330 seconds
2015-11-12T19:36:26.093-0600: 5.838: Total time for which application threads were stopped: 0.0002790 seconds, Stopping threads took: 0.0002350 seconds
2015-11-12T19:36:26.093-0600: 5.839: Total time for which application threads were stopped: 0.0000630 seconds, Stopping threads took: 0.0000380 seconds
2015-11-12T19:36:26.093-0600: 5.839: Total time for which application threads were stopped: 0.0000680 seconds, Stopping threads took: 0.0000380 seconds
2015-11-12T19:36:26.094-0600: 5.840: Total time for which application threads were stopped: 0.0011790 seconds, Stopping threads took: 0.0011350 seconds
2015-11-12T19:36:26.094-0600: 5.840: Total time for which application threads were stopped: 0.0000860 seconds, Stopping threads took: 0.0000430 seconds
2015-11-12T19:36:26.096-0600: 5.842: Total time for which application threads were stopped: 0.0000840 seconds, Stopping threads took: 0.0000330 seconds
2015-11-12T19:36:26.096-0600: 5.842: Total time for which application threads were stopped: 0.0000780 seconds, Stopping threads took: 0.0000470 seconds
2015-11-12T19:36:26.096-0600: 5.842: Total time for which application threads were stopped: 0.0000740 seconds, Stopping threads took: 0.0000460 seconds
2015-11-12T19:36:26.097-0600: 5.843: Total time for which application threads were stopped: 0.0007700 seconds, Stopping threads took: 0.0007290 seconds
2015-11-12T19:36:26.098-0600: 5.843: Total time for which application threads were stopped: 0.0002510 seconds, Stopping threads took: 0.0000550 seconds
2015-11-12T19:36:26.098-0600: 5.844: Total time for which application threads were stopped: 0.0003660 seconds, Stopping threads took: 0.0003150 seconds
2015-11-12T19:36:26.099-0600: 5.844: Total time for which application threads were stopped: 0.0000590 seconds, Stopping threads took: 0.0000170 seconds
2015-11-12T19:36:26.103-0600: 5.849: Total time for which application threads were stopped: 0.0001860 seconds, Stopping threads took: 0.0001220 seconds
2015-11-12T19:36:26.105-0600: 5.851: Total time for which application threads were stopped: 0.0000780 seconds, Stopping threads took: 0.0000390 seconds
2015-11-12T19:36:26.108-0600: 5.853: Total time for which application threads were stopped: 0.0001410 seconds, Stopping threads took: 0.0000950 seconds
2015-11-12T19:36:26.125-0600: 5.871: Total time for which application threads were stopped: 0.0001500 seconds, Stopping threads took: 0.0000760 seconds
2015-11-12T19:36:26.155-0600: 5.900: Total time for which application threads were stopped: 0.0001210 seconds, Stopping threads took: 0.0000550 seconds
2015-11-12T19:36:26.178-0600: 5.923: Total time for which application threads were stopped: 0.0002040 seconds, Stopping threads took: 0.0000720 seconds
2015-11-12T19:36:26.241-0600: 5.986: Total time for which application threads were stopped: 0.0068270 seconds, Stopping threads took: 0.0067480 seconds
2015-11-12T19:36:26.339-0600: 6.084: Total time for which application threads were stopped: 0.0004040 seconds, Stopping threads took: 0.0002740 seconds
2015-11-12T19:36:26.363-0600: 6.109: Total time for which application threads were stopped: 0.0001340 seconds, Stopping threads took: 0.0000630 seconds
2015-11-12T19:36:26.364-0600: 6.109: Total time for which application threads were stopped: 0.0000730 seconds, Stopping threads took: 0.0000300 seconds
2015-11-12T19:36:26.364-0600: 6.109: Total time for which application threads were stopped: 0.0000700 seconds, Stopping threads took: 0.0000300 seconds
2015-11-12T19:36:26.392-0600: 6.138: Total time for which application threads were stopped: 0.0001650 seconds, Stopping threads took: 0.0000820 seconds
2015-11-12T19:36:26.423-0600: 6.169: Total time for which application threads were stopped: 0.0001410 seconds, Stopping threads took: 0.0000690 seconds
2015-11-12T19:36:26.444-0600: 6.190: Total time for which application threads were stopped: 0.0001120 seconds, Stopping threads took: 0.0000640 seconds
{Heap before GC invocations=3 (full 0):
 par new generation   total 109248K, used 102627K [0x00000000d5a00000, 0x00000000dda00000, 0x00000000dda00000)
  eden space 87424K, 100% used [0x00000000d5a00000, 0x00000000daf60000, 0x00000000daf60000)
  from space 21824K,  69% used [0x00000000dc4b0000, 0x00000000dd388d60, 0x00000000dda00000)
  to   space 21824K,   0% used [0x00000000daf60000, 0x00000000daf60000, 0x00000000dc4b0000)
 concurrent mark-sweep generation total 393216K, used 0K [0x00000000dda00000, 0x00000000f5a00000, 0x00000000f5a00000)
 concurrent-mark-sweep perm gen total 23552K, used 23525K [0x00000000f5a00000, 0x00000000f7100000, 0x0000000100000000)
2015-11-12T19:36:26.461-0600: 6.207: [GC2015-11-12T19:36:26.461-0600: 6.207: [ParNew
Desired survivor size 20112992 bytes, new threshold 8 (max 8)
- age   1:     878640 bytes,     878640 total
- age   2:    1870544 bytes,    2749184 total
- age   3:    4162592 bytes,    6911776 total
- age   4:    2135448 bytes,    9047224 total
: 102627K->11247K(109248K), 0.0465870 secs] 102627K->11247K(502464K), 0.0467540 secs] [Times: user=0.12 sys=0.00, real=0.05 secs] 
Heap after GC invocations=4 (full 0):
 par new generation   total 109248K, used 11247K [0x00000000d5a00000, 0x00000000dda00000, 0x00000000dda00000)
  eden space 87424K,   0% used [0x00000000d5a00000, 0x00000000d5a00000, 0x00000000daf60000)
  from space 21824K,  51% used [0x00000000daf60000, 0x00000000dba5be70, 0x00000000dc4b0000)
  to   space 21824K,   0% used [0x00000000dc4b0000, 0x00000000dc4b0000, 0x00000000dda00000)
 concurrent mark-sweep generation total 393216K, used 0K [0x00000000dda00000, 0x00000000f5a00000, 0x00000000f5a00000)
 concurrent-mark-sweep perm gen total 23552K, used 23525K [0x00000000f5a00000, 0x00000000f7100000, 0x0000000100000000)
}
2015-11-12T19:36:26.508-0600: 6.254: Total time for which application threads were stopped: 0.0470180 seconds, Stopping threads took: 0.0000660 seconds
{Heap before GC invocations=4 (full 0):
 par new generation   total 109248K, used 98671K [0x00000000d5a00000, 0x00000000dda00000, 0x00000000dda00000)
  eden space 87424K, 100% used [0x00000000d5a00000, 0x00000000daf60000, 0x00000000daf60000)
  from space 21824K,  51% used [0x00000000daf60000, 0x00000000dba5be70, 0x00000000dc4b0000)
  to   space 21824K,   0% used [0x00000000dc4b0000, 0x00000000dc4b0000, 0x00000000dda00000)
 concurrent mark-sweep generation total 393216K, used 0K [0x00000000dda00000, 0x00000000f5a00000, 0x00000000f5a00000)
 concurrent-mark-sweep perm gen total 23744K, used 23691K [0x00000000f5a00000, 0x00000000f7130000, 0x0000000100000000)
2015-11-12T19:36:26.784-0600: 6.530: [GC2015-11-12T19:36:26.784-0600: 6.530: [ParNew
Desired survivor size 20112992 bytes, new threshold 8 (max 8)
- age   1:     674688 bytes,     674688 total
- age   2:     125664 bytes,     800352 total
- age   3:    1870360 bytes,    2670712 total
- age   4:    4162568 bytes,    6833280 total
- age   5:    2135448 bytes,    8968728 total
: 98671K->13783K(109248K), 0.0435800 secs] 98671K->13783K(502464K), 0.0437420 secs] [Times: user=0.08 sys=0.00, real=0.04 secs] 
Heap after GC invocations=5 (full 0):
 par new generation   total 109248K, used 13783K [0x00000000d5a00000, 0x00000000dda00000, 0x00000000dda00000)
  eden space 87424K,   0% used [0x00000000d5a00000, 0x00000000d5a00000, 0x00000000daf60000)
  from space 21824K,  63% used [0x00000000dc4b0000, 0x00000000dd225ce0, 0x00000000dda00000)
  to   space 21824K,   0% used [0x00000000daf60000, 0x00000000daf60000, 0x00000000dc4b0000)
 concurrent mark-sweep generation total 393216K, used 0K [0x00000000dda00000, 0x00000000f5a00000, 0x00000000f5a00000)
 concurrent-mark-sweep perm gen total 23744K, used 23691K [0x00000000f5a00000, 0x00000000f7130000, 0x0000000100000000)
}
2015-11-12T19:36:26.828-0600: 6.574: Total time for which application threads were stopped: 0.0440380 seconds, Stopping threads took: 0.0000330 seconds
{Heap before GC invocations=5 (full 0):
 par new generation   total 109248K, used 101207K [0x00000000d5a00000, 0x00000000dda00000, 0x00000000dda00000)
  eden space 87424K, 100% used [0x00000000d5a00000, 0x00000000daf60000, 0x00000000daf60000)
  from space 21824K,  63% used [0x00000000dc4b0000, 0x00000000dd225ce0, 0x00000000dda00000)
  to   space 21824K,   0% used [0x00000000daf60000, 0x00000000daf60000, 0x00000000dc4b0000)
 concurrent mark-sweep generation total 393216K, used 0K [0x00000000dda00000, 0x00000000f5a00000, 0x00000000f5a00000)
 concurrent-mark-sweep perm gen total 24512K, used 24335K [0x00000000f5a00000, 0x00000000f71f0000, 0x0000000100000000)
2015-11-12T19:36:27.055-0600: 6.801: [GC2015-11-12T19:36:27.055-0600: 6.801: [ParNew
Desired survivor size 20112992 bytes, new threshold 8 (max 8)
- age   1:     598616 bytes,     598616 total
- age   2:     115640 bytes,     714256 total
- age   3:     125568 bytes,     839824 total
- age   4:    1870360 bytes,    2710184 total
- age   5:    4162568 bytes,    6872752 total
- age   6:    2135448 bytes,    9008200 total
: 101207K->10396K(109248K), 0.0241770 secs] 101207K->10396K(502464K), 0.0243160 secs] [Times: user=0.07 sys=0.00, real=0.02 secs] 
Heap after GC invocations=6 (full 0):
 par new generation   total 109248K, used 10396K [0x00000000d5a00000, 0x00000000dda00000, 0x00000000dda00000)
  eden space 87424K,   0% used [0x00000000d5a00000, 0x00000000d5a00000, 0x00000000daf60000)
  from space 21824K,  47% used [0x00000000daf60000, 0x00000000db987290, 0x00000000dc4b0000)
  to   space 21824K,   0% used [0x00000000dc4b0000, 0x00000000dc4b0000, 0x00000000dda00000)
 concurrent mark-sweep generation total 393216K, used 0K [0x00000000dda00000, 0x00000000f5a00000, 0x00000000f5a00000)
 concurrent-mark-sweep perm gen total 24512K, used 24335K [0x00000000f5a00000, 0x00000000f71f0000, 0x0000000100000000)
}
2015-11-12T19:36:27.080-0600: 6.825: Total time for which application threads were stopped: 0.0245690 seconds, Stopping threads took: 0.0000710 seconds
2015-11-12T19:36:27.317-0600: 7.063: Total time for which application threads were stopped: 0.0002240 seconds, Stopping threads took: 0.0000370 seconds
2015-11-12T19:36:27.327-0600: 7.072: Total time for which application threads were stopped: 0.0001480 seconds, Stopping threads took: 0.0000660 seconds
2015-11-12T19:36:27.347-0600: 7.092: Total time for which application threads were stopped: 0.0001200 seconds, Stopping threads took: 0.0000540 seconds
2015-11-12T19:36:27.360-0600: 7.105: Total time for which application threads were stopped: 0.0001230 seconds, Stopping threads took: 0.0000570 seconds
2015-11-12T19:36:27.364-0600: 7.110: Total time for which application threads were stopped: 0.0001290 seconds, Stopping threads took: 0.0000640 seconds
2015-11-12T19:36:27.366-0600: 7.112: Total time for which application threads were stopped: 0.0016400 seconds, Stopping threads took: 0.0015600 seconds
2015-11-12T19:36:27.392-0600: 7.138: Total time for which application threads were stopped: 0.0001280 seconds, Stopping threads took: 0.0000380 seconds
2015-11-12T19:36:27.411-0600: 7.157: Total time for which application threads were stopped: 0.0001150 seconds, Stopping threads took: 0.0000380 seconds
2015-11-12T19:36:27.424-0600: 7.169: Total time for which application threads were stopped: 0.0001460 seconds, Stopping threads took: 0.0000680 seconds
2015-11-12T19:36:27.426-0600: 7.171: Total time for which application threads were stopped: 0.0001690 seconds, Stopping threads took: 0.0001230 seconds
2015-11-12T19:36:27.433-0600: 7.179: Total time for which application threads were stopped: 0.0030440 seconds, Stopping threads took: 0.0029680 seconds
2015-11-12T19:36:27.436-0600: 7.181: Total time for which application threads were stopped: 0.0001090 seconds, Stopping threads took: 0.0000600 seconds
2015-11-12T19:36:27.614-0600: 7.360: Total time for which application threads were stopped: 0.0014400 seconds, Stopping threads took: 0.0012860 seconds
2015-11-12T19:36:27.630-0600: 7.375: Total time for which application threads were stopped: 0.0001810 seconds, Stopping threads took: 0.0001040 seconds
2015-11-12T19:36:27.690-0600: 7.436: Total time for which application threads were stopped: 0.0007070 seconds, Stopping threads took: 0.0006320 seconds
2015-11-12T19:36:27.776-0600: 7.521: Total time for which application threads were stopped: 0.0002540 seconds, Stopping threads took: 0.0000350 seconds
2015-11-12T19:36:27.791-0600: 7.536: Total time for which application threads were stopped: 0.0004970 seconds, Stopping threads took: 0.0003650 seconds
2015-11-12T19:36:27.809-0600: 7.555: Total time for which application threads were stopped: 0.0002310 seconds, Stopping threads took: 0.0001570 seconds
2015-11-12T19:36:27.852-0600: 7.598: Total time for which application threads were stopped: 0.0002130 seconds, Stopping threads took: 0.0000580 seconds
2015-11-12T19:36:27.872-0600: 7.617: Total time for which application threads were stopped: 0.0001760 seconds, Stopping threads took: 0.0000480 seconds
2015-11-12T19:36:27.882-0600: 7.627: Total time for which application threads were stopped: 0.0001050 seconds, Stopping threads took: 0.0000520 seconds
2015-11-12T19:36:27.895-0600: 7.640: Total time for which application threads were stopped: 0.0002630 seconds, Stopping threads took: 0.0001900 seconds
2015-11-12T19:36:27.906-0600: 7.652: Total time for which application threads were stopped: 0.0036000 seconds, Stopping threads took: 0.0035370 seconds
2015-11-12T19:36:27.910-0600: 7.656: Total time for which application threads were stopped: 0.0001210 seconds, Stopping threads took: 0.0000490 seconds
{Heap before GC invocations=6 (full 0):
 par new generation   total 109248K, used 97820K [0x00000000d5a00000, 0x00000000dda00000, 0x00000000dda00000)
  eden space 87424K, 100% used [0x00000000d5a00000, 0x00000000daf60000, 0x00000000daf60000)
  from space 21824K,  47% used [0x00000000daf60000, 0x00000000db987290, 0x00000000dc4b0000)
  to   space 21824K,   0% used [0x00000000dc4b0000, 0x00000000dc4b0000, 0x00000000dda00000)
 concurrent mark-sweep generation total 393216K, used 0K [0x00000000dda00000, 0x00000000f5a00000, 0x00000000f5a00000)
 concurrent-mark-sweep perm gen total 25664K, used 25627K [0x00000000f5a00000, 0x00000000f7310000, 0x0000000100000000)
2015-11-12T19:36:27.938-0600: 7.683: [GC2015-11-12T19:36:27.938-0600: 7.683: [ParNew
Desired survivor size 20112992 bytes, new threshold 8 (max 8)
- age   1:    2340520 bytes,    2340520 total
- age   2:     164640 bytes,    2505160 total
- age   3:     114632 bytes,    2619792 total
- age   4:     124208 bytes,    2744000 total
- age   5:     776248 bytes,    3520248 total
- age   6:    4161992 bytes,    7682240 total
- age   7:    2135448 bytes,    9817688 total
: 97820K->11456K(109248K), 0.0331910 secs] 97820K->11456K(502464K), 0.0333640 secs] [Times: user=0.10 sys=0.00, real=0.04 secs] 
Heap after GC invocations=7 (full 0):
 par new generation   total 109248K, used 11456K [0x00000000d5a00000, 0x00000000dda00000, 0x00000000dda00000)
  eden space 87424K,   0% used [0x00000000d5a00000, 0x00000000d5a00000, 0x00000000daf60000)
  from space 21824K,  52% used [0x00000000dc4b0000, 0x00000000dcfe0100, 0x00000000dda00000)
  to   space 21824K,   0% used [0x00000000daf60000, 0x00000000daf60000, 0x00000000dc4b0000)
 concurrent mark-sweep generation total 393216K, used 0K [0x00000000dda00000, 0x00000000f5a00000, 0x00000000f5a00000)
 concurrent-mark-sweep perm gen total 25664K, used 25627K [0x00000000f5a00000, 0x00000000f7310000, 0x0000000100000000)
}
2015-11-12T19:36:27.971-0600: 7.717: Total time for which application threads were stopped: 0.0408830 seconds, Stopping threads took: 0.0073210 seconds
2015-11-12T19:36:28.138-0600: 7.884: Total time for which application threads were stopped: 0.0001910 seconds, Stopping threads took: 0.0000490 seconds
2015-11-12T19:36:28.315-0600: 8.060: Total time for which application threads were stopped: 0.0001000 seconds, Stopping threads took: 0.0000310 seconds
2015-11-12T19:36:28.375-0600: 8.121: Total time for which application threads were stopped: 0.0019970 seconds, Stopping threads took: 0.0017710 seconds
2015-11-12T19:36:28.381-0600: 8.127: Total time for which application threads were stopped: 0.0010750 seconds, Stopping threads took: 0.0010110 seconds
2015-11-12T19:36:28.381-0600: 8.127: Total time for which application threads were stopped: 0.0000700 seconds, Stopping threads took: 0.0000350 seconds
2015-11-12T19:36:28.382-0600: 8.127: Total time for which application threads were stopped: 0.0000750 seconds, Stopping threads took: 0.0000370 seconds
2015-11-12T19:36:28.384-0600: 8.130: Total time for which application threads were stopped: 0.0001250 seconds, Stopping threads took: 0.0000680 seconds
2015-11-12T19:36:28.403-0600: 8.148: Total time for which application threads were stopped: 0.0013570 seconds, Stopping threads took: 0.0012590 seconds
2015-11-12T19:36:28.410-0600: 8.156: Total time for which application threads were stopped: 0.0000990 seconds, Stopping threads took: 0.0000330 seconds
2015-11-12T19:36:28.412-0600: 8.157: Total time for which application threads were stopped: 0.0001200 seconds, Stopping threads took: 0.0000630 seconds
2015-11-12T19:36:28.414-0600: 8.160: Total time for which application threads were stopped: 0.0000630 seconds, Stopping threads took: 0.0000300 seconds
2015-11-12T19:36:28.425-0600: 8.171: Total time for which application threads were stopped: 0.0000890 seconds, Stopping threads took: 0.0000280 seconds
2015-11-12T19:36:28.425-0600: 8.171: Total time for which application threads were stopped: 0.0000570 seconds, Stopping threads took: 0.0000230 seconds
2015-11-12T19:36:28.427-0600: 8.173: Total time for which application threads were stopped: 0.0000660 seconds, Stopping threads took: 0.0000250 seconds
2015-11-12T19:36:28.428-0600: 8.174: Total time for which application threads were stopped: 0.0000900 seconds, Stopping threads took: 0.0000450 seconds
2015-11-12T19:36:28.430-0600: 8.175: Total time for which application threads were stopped: 0.0000690 seconds, Stopping threads took: 0.0000290 seconds
2015-11-12T19:36:28.430-0600: 8.176: Total time for which application threads were stopped: 0.0000840 seconds, Stopping threads took: 0.0000430 seconds
2015-11-12T19:36:28.433-0600: 8.178: Total time for which application threads were stopped: 0.0001180 seconds, Stopping threads took: 0.0000610 seconds
2015-11-12T19:36:28.434-0600: 8.179: Total time for which application threads were stopped: 0.0000820 seconds, Stopping threads took: 0.0000270 seconds
2015-11-12T19:36:28.434-0600: 8.180: Total time for which application threads were stopped: 0.0000640 seconds, Stopping threads took: 0.0000250 seconds
2015-11-12T19:36:28.434-0600: 8.180: Total time for which application threads were stopped: 0.0000820 seconds, Stopping threads took: 0.0000400 seconds
2015-11-12T19:36:28.435-0600: 8.181: Total time for which application threads were stopped: 0.0001640 seconds, Stopping threads took: 0.0000380 seconds
2015-11-12T19:36:28.516-0600: 8.261: Total time for which application threads were stopped: 0.0000960 seconds, Stopping threads took: 0.0000320 seconds
2015-11-12T19:36:28.593-0600: 8.338: Total time for which application threads were stopped: 0.0001070 seconds, Stopping threads took: 0.0000410 seconds
2015-11-12T19:36:28.699-0600: 8.445: Total time for which application threads were stopped: 0.0001270 seconds, Stopping threads took: 0.0000600 seconds
2015-11-12T19:36:28.748-0600: 8.494: Total time for which application threads were stopped: 0.0001800 seconds, Stopping threads took: 0.0000620 seconds
2015-11-12T19:36:28.750-0600: 8.495: Total time for which application threads were stopped: 0.0001090 seconds, Stopping threads took: 0.0000290 seconds
2015-11-12T19:36:28.782-0600: 8.528: Total time for which application threads were stopped: 0.0044920 seconds, Stopping threads took: 0.0043940 seconds
2015-11-12T19:36:28.784-0600: 8.529: Total time for which application threads were stopped: 0.0000820 seconds, Stopping threads took: 0.0000300 seconds
2015-11-12T19:36:28.786-0600: 8.532: Total time for which application threads were stopped: 0.0001310 seconds, Stopping threads took: 0.0000690 seconds
2015-11-12T19:36:28.786-0600: 8.532: Total time for which application threads were stopped: 0.0000870 seconds, Stopping threads took: 0.0000440 seconds
2015-11-12T19:36:28.797-0600: 8.542: Total time for which application threads were stopped: 0.0000710 seconds, Stopping threads took: 0.0000240 seconds
2015-11-12T19:36:28.821-0600: 8.566: Total time for which application threads were stopped: 0.0001110 seconds, Stopping threads took: 0.0000570 seconds
2015-11-12T19:36:28.824-0600: 8.570: Total time for which application threads were stopped: 0.0001280 seconds, Stopping threads took: 0.0000620 seconds
2015-11-12T19:36:28.826-0600: 8.572: Total time for which application threads were stopped: 0.0001250 seconds, Stopping threads took: 0.0000420 seconds
2015-11-12T19:36:28.842-0600: 8.587: Total time for which application threads were stopped: 0.0026050 seconds, Stopping threads took: 0.0025270 seconds
2015-11-12T19:36:28.843-0600: 8.588: Total time for which application threads were stopped: 0.0001480 seconds, Stopping threads took: 0.0000740 seconds
2015-11-12T19:36:29.057-0600: 8.802: Total time for which application threads were stopped: 0.0002780 seconds, Stopping threads took: 0.0000370 seconds
2015-11-12T19:36:29.068-0600: 8.813: Total time for which application threads were stopped: 0.0001080 seconds, Stopping threads took: 0.0000320 seconds
2015-11-12T19:36:29.073-0600: 8.819: Total time for which application threads were stopped: 0.0001870 seconds, Stopping threads took: 0.0000500 seconds
2015-11-12T19:36:29.105-0600: 8.850: Total time for which application threads were stopped: 0.0001360 seconds, Stopping threads took: 0.0000720 seconds
2015-11-12T19:36:29.125-0600: 8.871: Total time for which application threads were stopped: 0.0001310 seconds, Stopping threads took: 0.0000740 seconds
2015-11-12T19:36:29.142-0600: 8.888: Total time for which application threads were stopped: 0.0059010 seconds, Stopping threads took: 0.0057250 seconds
2015-11-12T19:36:29.193-0600: 8.939: Total time for which application threads were stopped: 0.0002660 seconds, Stopping threads took: 0.0000650 seconds
2015-11-12T19:36:29.206-0600: 8.951: Total time for which application threads were stopped: 0.0004020 seconds, Stopping threads took: 0.0003280 seconds
2015-11-12T19:36:29.268-0600: 9.014: Total time for which application threads were stopped: 0.0013390 seconds, Stopping threads took: 0.0012380 seconds
2015-11-12T19:36:29.275-0600: 9.021: Total time for which application threads were stopped: 0.0006020 seconds, Stopping threads took: 0.0005440 seconds
2015-11-12T19:36:29.602-0600: 9.348: Total time for which application threads were stopped: 0.0001860 seconds, Stopping threads took: 0.0000310 seconds
2015-11-12T19:36:29.603-0600: 9.349: Total time for which application threads were stopped: 0.0003590 seconds, Stopping threads took: 0.0003140 seconds
2015-11-12T19:36:29.605-0600: 9.350: Total time for which application threads were stopped: 0.0000590 seconds, Stopping threads took: 0.0000370 seconds
2015-11-12T19:36:29.605-0600: 9.350: Total time for which application threads were stopped: 0.0000510 seconds, Stopping threads took: 0.0000240 seconds
2015-11-12T19:36:29.605-0600: 9.351: Total time for which application threads were stopped: 0.0000520 seconds, Stopping threads took: 0.0000170 seconds
2015-11-12T19:36:29.605-0600: 9.351: Total time for which application threads were stopped: 0.0000510 seconds, Stopping threads took: 0.0000200 seconds
2015-11-12T19:36:29.606-0600: 9.351: Total time for which application threads were stopped: 0.0000520 seconds, Stopping threads took: 0.0000210 seconds
2015-11-12T19:36:29.606-0600: 9.351: Total time for which application threads were stopped: 0.0000470 seconds, Stopping threads took: 0.0000290 seconds
2015-11-12T19:36:29.606-0600: 9.352: Total time for which application threads were stopped: 0.0000660 seconds, Stopping threads took: 0.0000340 seconds
2015-11-12T19:36:29.606-0600: 9.352: Total time for which application threads were stopped: 0.0000610 seconds, Stopping threads took: 0.0000330 seconds
2015-11-12T19:36:29.607-0600: 9.353: Total time for which application threads were stopped: 0.0000640 seconds, Stopping threads took: 0.0000170 seconds
2015-11-12T19:36:29.631-0600: 9.377: Total time for which application threads were stopped: 0.0000840 seconds, Stopping threads took: 0.0000400 seconds
2015-11-12T19:36:29.632-0600: 9.377: Total time for which application threads were stopped: 0.0000620 seconds, Stopping threads took: 0.0000300 seconds
2015-11-12T19:36:29.636-0600: 9.382: Total time for which application threads were stopped: 0.0003260 seconds, Stopping threads took: 0.0001700 seconds
{Heap before GC invocations=7 (full 0):
 par new generation   total 109248K, used 98880K [0x00000000d5a00000, 0x00000000dda00000, 0x00000000dda00000)
  eden space 87424K, 100% used [0x00000000d5a00000, 0x00000000daf60000, 0x00000000daf60000)
  from space 21824K,  52% used [0x00000000dc4b0000, 0x00000000dcfe0100, 0x00000000dda00000)
  to   space 21824K,   0% used [0x00000000daf60000, 0x00000000daf60000, 0x00000000dc4b0000)
 concurrent mark-sweep generation total 393216K, used 0K [0x00000000dda00000, 0x00000000f5a00000, 0x00000000f5a00000)
 concurrent-mark-sweep perm gen total 30272K, used 30079K [0x00000000f5a00000, 0x00000000f7790000, 0x0000000100000000)
2015-11-12T19:36:29.650-0600: 9.395: [GC2015-11-12T19:36:29.650-0600: 9.396: [ParNew
Desired survivor size 20112992 bytes, new threshold 8 (max 8)
- age   1:    9710600 bytes,    9710600 total
- age   2:     468160 bytes,   10178760 total
- age   3:     164400 bytes,   10343160 total
- age   4:     114504 bytes,   10457664 total
- age   5:     119888 bytes,   10577552 total
- age   6:     698920 bytes,   11276472 total
- age   7:    4089144 bytes,   15365616 total
- age   8:    2133792 bytes,   17499408 total
: 98880K->21824K(109248K), 0.0260210 secs] 98880K->21901K(502464K), 0.0261580 secs] [Times: user=0.09 sys=0.01, real=0.03 secs] 
Heap after GC invocations=8 (full 0):
 par new generation   total 109248K, used 21824K [0x00000000d5a00000, 0x00000000dda00000, 0x00000000dda00000)
  eden space 87424K,   0% used [0x00000000d5a00000, 0x00000000d5a00000, 0x00000000daf60000)
  from space 21824K, 100% used [0x00000000daf60000, 0x00000000dc4b0000, 0x00000000dc4b0000)
  to   space 21824K,   0% used [0x00000000dc4b0000, 0x00000000dc4b0000, 0x00000000dda00000)
 concurrent mark-sweep generation total 393216K, used 77K [0x00000000dda00000, 0x00000000f5a00000, 0x00000000f5a00000)
 concurrent-mark-sweep perm gen total 30272K, used 30079K [0x00000000f5a00000, 0x00000000f7790000, 0x0000000100000000)
}
2015-11-12T19:36:29.676-0600: 9.422: Total time for which application threads were stopped: 0.0301610 seconds, Stopping threads took: 0.0038080 seconds
2015-11-12T19:36:29.692-0600: 9.437: Total time for which application threads were stopped: 0.0001880 seconds, Stopping threads took: 0.0000290 seconds
2015-11-12T19:36:29.752-0600: 9.498: Total time for which application threads were stopped: 0.0000920 seconds, Stopping threads took: 0.0000290 seconds
2015-11-12T19:36:29.772-0600: 9.518: Total time for which application threads were stopped: 0.0002310 seconds, Stopping threads took: 0.0001510 seconds
2015-11-12T19:36:30.297-0600: 10.042: Total time for which application threads were stopped: 0.0002980 seconds, Stopping threads took: 0.0000580 seconds
2015-11-12T19:36:30.303-0600: 10.048: Total time for which application threads were stopped: 0.0001260 seconds, Stopping threads took: 0.0000540 seconds
2015-11-12T19:36:30.306-0600: 10.052: Total time for which application threads were stopped: 0.0001390 seconds, Stopping threads took: 0.0000310 seconds
2015-11-12T19:36:30.307-0600: 10.052: Total time for which application threads were stopped: 0.0000940 seconds, Stopping threads took: 0.0000490 seconds
2015-11-12T19:36:30.324-0600: 10.069: Total time for which application threads were stopped: 0.0002720 seconds, Stopping threads took: 0.0002210 seconds
2015-11-12T19:36:30.324-0600: 10.070: Total time for which application threads were stopped: 0.0000870 seconds, Stopping threads took: 0.0000430 seconds
2015-11-12T19:36:30.326-0600: 10.071: Total time for which application threads were stopped: 0.0010010 seconds, Stopping threads took: 0.0009580 seconds
2015-11-12T19:36:30.326-0600: 10.072: Total time for which application threads were stopped: 0.0001820 seconds, Stopping threads took: 0.0001190 seconds
2015-11-12T19:36:30.367-0600: 10.113: Total time for which application threads were stopped: 0.0000900 seconds, Stopping threads took: 0.0000310 seconds
2015-11-12T19:36:31.391-0600: 11.137: Total time for which application threads were stopped: 0.0008500 seconds, Stopping threads took: 0.0004210 seconds
2015-11-12T19:36:34.816-0600: 14.561: Total time for which application threads were stopped: 0.0004150 seconds, Stopping threads took: 0.0001140 seconds
2015-11-12T19:36:34.816-0600: 14.562: Total time for which application threads were stopped: 0.0002180 seconds, Stopping threads took: 0.0001450 seconds
2015-11-12T19:36:37.373-0600: 17.118: Total time for which application threads were stopped: 0.0003380 seconds, Stopping threads took: 0.0000770 seconds
2015-11-12T19:36:37.394-0600: 17.139: Total time for which application threads were stopped: 0.0000640 seconds, Stopping threads took: 0.0000250 seconds
2015-11-12T19:36:37.394-0600: 17.140: Total time for which application threads were stopped: 0.0000420 seconds, Stopping threads took: 0.0000160 seconds
2015-11-12T19:36:37.395-0600: 17.140: Total time for which application threads were stopped: 0.0000390 seconds, Stopping threads took: 0.0000150 seconds
2015-11-12T19:36:37.407-0600: 17.153: Total time for which application threads were stopped: 0.0001250 seconds, Stopping threads took: 0.0000450 seconds
2015-11-12T19:36:38.404-0600: 18.149: Total time for which application threads were stopped: 0.0001630 seconds, Stopping threads took: 0.0000340 seconds
2015-11-12T19:36:38.404-0600: 18.149: Total time for which application