INFO  - 2015-11-13 01:36:20.663; [   ] org.eclipse.jetty.util.log.Log; Logging initialized @342ms
INFO  - 2015-11-13 01:36:20.897; [   ] org.eclipse.jetty.server.Server; jetty-9.2.11.v20150529
WARN  - 2015-11-13 01:36:20.917; [   ] org.eclipse.jetty.server.handler.RequestLogHandler; !RequestLog
INFO  - 2015-11-13 01:36:20.920; [   ] org.eclipse.jetty.deploy.providers.ScanningAppProvider; Deployment monitor [file:/home/rr/Documents/idb4/solr-5.3.1/server/contexts/] at interval 0
INFO  - 2015-11-13 01:36:21.441; [   ] org.eclipse.jetty.webapp.StandardDescriptorProcessor; NO JSP Support for /solr, did not find org.apache.jasper.servlet.JspServlet
WARN  - 2015-11-13 01:36:21.458; [   ] org.eclipse.jetty.security.ConstraintSecurityHandler; ServletContext@o.e.j.w.WebAppContext@21f182d2{/solr,file:/home/rr/Documents/idb4/solr-5.3.1/server/solr-webapp/webapp/,STARTING}{/home/rr/Documents/idb4/solr-5.3.1/server/solr-webapp/webapp} has uncovered http methods for path: /
INFO  - 2015-11-13 01:36:21.469; [   ] org.apache.solr.servlet.SolrDispatchFilter; SolrDispatchFilter.init(): WebAppClassLoader=1981329038@7618ae8e
INFO  - 2015-11-13 01:36:21.491; [   ] org.apache.solr.core.SolrResourceLoader; JNDI not configured for solr (NoInitialContextEx)
INFO  - 2015-11-13 01:36:21.492; [   ] org.apache.solr.core.SolrResourceLoader; using system property solr.solr.home: /home/rr/Documents/idb4/solr-5.3.1/example/cloud/node2/solr
INFO  - 2015-11-13 01:36:21.495; [   ] org.apache.solr.core.SolrResourceLoader; new SolrResourceLoader for directory: '/home/rr/Documents/idb4/solr-5.3.1/example/cloud/node2/solr/'
INFO  - 2015-11-13 01:36:21.675; [   ] org.apache.solr.common.cloud.SolrZkClient; Using default ZkCredentialsProvider
INFO  - 2015-11-13 01:36:21.700; [   ] org.apache.solr.common.cloud.ConnectionManager; Waiting for client to connect to ZooKeeper
INFO  - 2015-11-13 01:36:21.737; [   ] org.apache.solr.common.cloud.ConnectionManager; Watcher org.apache.solr.common.cloud.ConnectionManager@1df9cfd0 name:ZooKeeperConnection Watcher:localhost:9983 got event WatchedEvent state:SyncConnected type:None path:null path:null type:None
INFO  - 2015-11-13 01:36:21.737; [   ] org.apache.solr.common.cloud.ConnectionManager; Client is connected to ZooKeeper
INFO  - 2015-11-13 01:36:21.738; [   ] org.apache.solr.common.cloud.SolrZkClient; Using default ZkACLProvider
INFO  - 2015-11-13 01:36:21.747; [   ] org.apache.solr.servlet.SolrDispatchFilter; Loading solr.xml from SolrHome (not found in ZooKeeper)
INFO  - 2015-11-13 01:36:21.756; [   ] org.apache.solr.core.SolrXmlConfig; Loading container configuration from /home/rr/Documents/idb4/solr-5.3.1/example/cloud/node2/solr/solr.xml
INFO  - 2015-11-13 01:36:21.846; [   ] org.apache.solr.core.CorePropertiesLocator; Config-defined core root directory: /home/rr/Documents/idb4/solr-5.3.1/example/cloud/node2/solr
INFO  - 2015-11-13 01:36:21.872; [   ] org.apache.solr.core.CoreContainer; New CoreContainer 1833051538
INFO  - 2015-11-13 01:36:21.873; [   ] org.apache.solr.core.CoreContainer; Loading cores into CoreContainer [instanceDir=/home/rr/Documents/idb4/solr-5.3.1/example/cloud/node2/solr/]
INFO  - 2015-11-13 01:36:21.873; [   ] org.apache.solr.core.CoreContainer; loading shared library: /home/rr/Documents/idb4/solr-5.3.1/example/cloud/node2/solr/lib
WARN  - 2015-11-13 01:36:21.874; [   ] org.apache.solr.core.SolrResourceLoader; Can't find (or read) directory to add to classloader: lib (resolved as: /home/rr/Documents/idb4/solr-5.3.1/example/cloud/node2/solr/lib).
INFO  - 2015-11-13 01:36:21.898; [   ] org.apache.solr.handler.component.HttpShardHandlerFactory; created with socketTimeout : 600000,connTimeout : 60000,maxConnectionsPerHost : 20,maxConnections : 10000,corePoolSize : 0,maximumPoolSize : 2147483647,maxThreadIdleTime : 5,sizeOfQueue : -1,fairnessPolicy : false,useRetries : false,
INFO  - 2015-11-13 01:36:22.187; [   ] org.apache.solr.update.UpdateShardHandler; Creating UpdateShardHandler HTTP client with params: socketTimeout=600000&connTimeout=60000&retry=true
INFO  - 2015-11-13 01:36:22.190; [   ] org.apache.solr.logging.LogWatcher; SLF4J impl is org.slf4j.impl.Log4jLoggerFactory
INFO  - 2015-11-13 01:36:22.191; [   ] org.apache.solr.logging.LogWatcher; Registering Log Listener [Log4j (org.slf4j.impl.Log4jLoggerFactory)]
INFO  - 2015-11-13 01:36:22.192; [   ] org.apache.solr.core.ZkContainer; Zookeeper client=localhost:9983
INFO  - 2015-11-13 01:36:22.204; [   ] org.apache.solr.common.cloud.ConnectionManager; Waiting for client to connect to ZooKeeper
INFO  - 2015-11-13 01:36:22.215; [   ] org.apache.solr.common.cloud.ConnectionManager; Watcher org.apache.solr.common.cloud.ConnectionManager@799bb43f name:ZooKeeperConnection Watcher:localhost:9983 got event WatchedEvent state:SyncConnected type:None path:null path:null type:None
INFO  - 2015-11-13 01:36:22.215; [   ] org.apache.solr.common.cloud.ConnectionManager; Client is connected to ZooKeeper
INFO  - 2015-11-13 01:36:22.318; [   ] org.apache.solr.common.cloud.ZkStateReader; Updating cluster state from ZooKeeper... 
INFO  - 2015-11-13 01:36:24.440; [   ] org.apache.solr.cloud.ZkController; Register node as live in ZooKeeper:/live_nodes/127.0.1.1:7574_solr
INFO  - 2015-11-13 01:36:24.452; [   ] org.apache.solr.common.cloud.SolrZkClient; makePath: /live_nodes/127.0.1.1:7574_solr
INFO  - 2015-11-13 01:36:24.464; [   ] org.apache.solr.cloud.Overseer; Overseer (id=null) closing
INFO  - 2015-11-13 01:36:24.479; [   ] org.apache.solr.cloud.LeaderElector; Joined leadership election with path: /overseer_elect/election/94855397137252354-127.0.1.1:7574_solr-n_0000000005
INFO  - 2015-11-13 01:36:24.491; [   ] org.apache.solr.cloud.LeaderElector; Watching path /overseer_elect/election/94855397137252352-127.0.1.1:8983_solr-n_0000000004 to know if I could be the leader
INFO  - 2015-11-13 01:36:24.760; [   ] org.apache.solr.core.CoreContainer; Security conf doesn't exist. Skipping setup for authorization module.
INFO  - 2015-11-13 01:36:24.761; [   ] org.apache.solr.core.CoreContainer; No authentication plugin used.
INFO  - 2015-11-13 01:36:24.806; [   ] org.apache.solr.core.CorePropertiesLocator; Looking for core definitions underneath /home/rr/Documents/idb4/solr-5.3.1/example/cloud/node2/solr
INFO  - 2015-11-13 01:36:24.837; [   ] org.apache.solr.core.CoreDescriptor; Created CoreDescriptor: {name=gettingstarted_shard1_replica1, config=solrconfig.xml, transient=false, schema=schema.xml, loadOnStartup=true, configSetProperties=configsetprops.json, instanceDir=/home/rr/Documents/idb4/solr-5.3.1/example/cloud/node2/solr/gettingstarted_shard1_replica1, collection=gettingstarted, absoluteInstDir=/home/rr/Documents/idb4/solr-5.3.1/example/cloud/node2/solr/gettingstarted_shard1_replica1/, coreNodeName=core_node3, numShards=2, dataDir=data/, shard=shard1}
INFO  - 2015-11-13 01:36:24.838; [   ] org.apache.solr.core.CorePropertiesLocator; Found core gettingstarted_shard1_replica1 in /home/rr/Documents/idb4/solr-5.3.1/example/cloud/node2/solr/gettingstarted_shard1_replica1/
INFO  - 2015-11-13 01:36:24.839; [   ] org.apache.solr.core.CoreDescriptor; Created CoreDescriptor: {name=gettingstarted_shard2_replica1, config=solrconfig.xml, transient=false, schema=schema.xml, loadOnStartup=true, configSetProperties=configsetprops.json, instanceDir=/home/rr/Documents/idb4/solr-5.3.1/example/cloud/node2/solr/gettingstarted_shard2_replica1, collection=gettingstarted, absoluteInstDir=/home/rr/Documents/idb4/solr-5.3.1/example/cloud/node2/solr/gettingstarted_shard2_replica1/, coreNodeName=core_node4, numShards=2, dataDir=data/, shard=shard2}
INFO  - 2015-11-13 01:36:24.840; [   ] org.apache.solr.core.CorePropertiesLocator; Found core gettingstarted_shard2_replica1 in /home/rr/Documents/idb4/solr-5.3.1/example/cloud/node2/solr/gettingstarted_shard2_replica1/
INFO  - 2015-11-13 01:36:24.840; [   ] org.apache.solr.core.CorePropertiesLocator; Found 2 core definitions
INFO  - 2015-11-13 01:36:24.847; [   ] org.apache.solr.servlet.SolrDispatchFilter; user.dir=/home/rr/Documents/idb4/solr-5.3.1/server
INFO  - 2015-11-13 01:36:24.849; [   ] org.apache.solr.servlet.SolrDispatchFilter; SolrDispatchFilter.init() done
INFO  - 2015-11-13 01:36:24.850; [c:gettingstarted s:shard1 r:core_node3 x:gettingstarted_shard1_replica1] org.apache.solr.cloud.ZkController; publishing state=down
INFO  - 2015-11-13 01:36:24.850; [c:gettingstarted s:shard2 r:core_node4 x:gettingstarted_shard2_replica1] org.apache.solr.cloud.ZkController; publishing state=down
INFO  - 2015-11-13 01:36:24.869; [c:gettingstarted s:shard1 r:core_node3 x:gettingstarted_shard1_replica1] org.apache.solr.cloud.ZkController; Registering watch for external collection gettingstarted
INFO  - 2015-11-13 01:36:24.869; [c:gettingstarted s:shard1 r:core_node3 x:gettingstarted_shard1_replica1] org.apache.solr.common.cloud.ZkStateReader; addZkWatch gettingstarted
INFO  - 2015-11-13 01:36:24.873; [c:gettingstarted s:shard2 r:core_node4 x:gettingstarted_shard2_replica1] org.apache.solr.cloud.ZkController; Registering watch for external collection gettingstarted
INFO  - 2015-11-13 01:36:24.873; [   ] org.eclipse.jetty.server.handler.ContextHandler; Started o.e.j.w.WebAppContext@21f182d2{/solr,file:/home/rr/Documents/idb4/solr-5.3.1/server/solr-webapp/webapp/,AVAILABLE}{/home/rr/Documents/idb4/solr-5.3.1/server/solr-webapp/webapp}
INFO  - 2015-11-13 01:36:24.882; [c:gettingstarted s:shard1 r:core_node3 x:gettingstarted_shard1_replica1] org.apache.solr.common.cloud.ZkStateReader; Updating collection state at /collections/gettingstarted/state.json from ZooKeeper... 
INFO  - 2015-11-13 01:36:24.884; [   ] org.eclipse.jetty.server.AbstractConnector; Started ServerConnector@7440f7c6{HTTP/1.1}{0.0.0.0:7574}
INFO  - 2015-11-13 01:36:24.885; [   ] org.eclipse.jetty.server.Server; Started @4565ms
INFO  - 2015-11-13 01:36:24.892; [c:gettingstarted s:shard1 r:core_node3 x:gettingstarted_shard1_replica1] org.apache.solr.common.cloud.ZkStateReader; Updating data for gettingstarted to ver 45 
INFO  - 2015-11-13 01:36:24.892; [c:gettingstarted s:shard1 r:core_node3 x:gettingstarted_shard1_replica1] org.apache.solr.cloud.ZkController; waiting to find shard id in clusterstate for gettingstarted_shard1_replica1
INFO  - 2015-11-13 01:36:24.893; [c:gettingstarted s:shard1 r:core_node3 x:gettingstarted_shard1_replica1] org.apache.solr.cloud.ZkController; Check for collection zkNode:gettingstarted
INFO  - 2015-11-13 01:36:24.894; [c:gettingstarted s:shard2 r:core_node4 x:gettingstarted_shard2_replica1] org.apache.solr.cloud.ZkController; waiting to find shard id in clusterstate for gettingstarted_shard2_replica1
INFO  - 2015-11-13 01:36:24.895; [c:gettingstarted s:shard2 r:core_node4 x:gettingstarted_shard2_replica1] org.apache.solr.cloud.ZkController; Check for collection zkNode:gettingstarted
INFO  - 2015-11-13 01:36:24.900; [c:gettingstarted s:shard1 r:core_node3 x:gettingstarted_shard1_replica1] org.apache.solr.cloud.ZkController; Collection zkNode exists
INFO  - 2015-11-13 01:36:24.900; [c:gettingstarted s:shard1 r:core_node3 x:gettingstarted_shard1_replica1] org.apache.solr.common.cloud.ZkStateReader; Load collection config from:/collections/gettingstarted
INFO  - 2015-11-13 01:36:24.902; [c:gettingstarted s:shard2 r:core_node4 x:gettingstarted_shard2_replica1] org.apache.solr.cloud.ZkController; Collection zkNode exists
INFO  - 2015-11-13 01:36:24.902; [c:gettingstarted s:shard2 r:core_node4 x:gettingstarted_shard2_replica1] org.apache.solr.common.cloud.ZkStateReader; Load collection config from:/collections/gettingstarted
INFO  - 2015-11-13 01:36:24.907; [c:gettingstarted s:shard1 r:core_node3 x:gettingstarted_shard1_replica1] org.apache.solr.common.cloud.ZkStateReader; path=/collections/gettingstarted configName=gettingstarted specified config exists in ZooKeeper
INFO  - 2015-11-13 01:36:24.908; [c:gettingstarted s:shard1 r:core_node3 x:gettingstarted_shard1_replica1] org.apache.solr.core.SolrResourceLoader; new SolrResourceLoader for directory: '/home/rr/Documents/idb4/solr-5.3.1/example/cloud/node2/solr/gettingstarted_shard1_replica1/'
INFO  - 2015-11-13 01:36:24.908; [c:gettingstarted s:shard2 r:core_node4 x:gettingstarted_shard2_replica1] org.apache.solr.common.cloud.ZkStateReader; path=/collections/gettingstarted configName=gettingstarted specified config exists in ZooKeeper
INFO  - 2015-11-13 01:36:24.909; [c:gettingstarted s:shard2 r:core_node4 x:gettingstarted_shard2_replica1] org.apache.solr.core.SolrResourceLoader; new SolrResourceLoader for directory: '/home/rr/Documents/idb4/solr-5.3.1/example/cloud/node2/solr/gettingstarted_shard2_replica1/'
INFO  - 2015-11-13 01:36:24.947; [c:gettingstarted s:shard2 r:core_node4 x:gettingstarted_shard2_replica1] org.apache.solr.core.Config; loaded config solrconfig.xml with version 0 
INFO  - 2015-11-13 01:36:24.948; [c:gettingstarted s:shard1 r:core_node3 x:gettingstarted_shard1_replica1] org.apache.solr.core.Config; loaded config solrconfig.xml with version 0 
INFO  - 2015-11-13 01:36:24.951; [   ] org.apache.solr.common.cloud.ZkStateReader$8; A cluster state change: WatchedEvent state:SyncConnected type:NodeDataChanged path:/collections/gettingstarted/state.json for collection gettingstarted has occurred - updating... (live nodes size: 2)
INFO  - 2015-11-13 01:36:24.955; [   ] org.apache.solr.common.cloud.ZkStateReader; Updating data for gettingstarted to ver 46 
INFO  - 2015-11-13 01:36:25.055; [c:gettingstarted s:shard1 r:core_node3 x:gettingstarted_shard1_replica1] org.apache.solr.core.SolrConfig; config overlay loaded . version : 1 
INFO  - 2015-11-13 01:36:25.060; [c:gettingstarted s:shard2 r:core_node4 x:gettingstarted_shard2_replica1] org.apache.solr.core.SolrConfig; config overlay loaded . version : 1 
INFO  - 2015-11-13 01:36:25.073; [c:gettingstarted s:shard1 r:core_node3 x:gettingstarted_shard1_replica1] org.apache.solr.core.RequestParams; conf resource params.json loaded . version : 0 
INFO  - 2015-11-13 01:36:25.073; [c:gettingstarted s:shard2 r:core_node4 x:gettingstarted_shard2_replica1] org.apache.solr.core.RequestParams; conf resource params.json loaded . version : 0 
INFO  - 2015-11-13 01:36:25.076; [c:gettingstarted s:shard2 r:core_node4 x:gettingstarted_shard2_replica1] org.apache.solr.core.RequestParams; request params refreshed to version 0
INFO  - 2015-11-13 01:36:25.076; [c:gettingstarted s:shard1 r:core_node3 x:gettingstarted_shard1_replica1] org.apache.solr.core.RequestParams; request params refreshed to version 0
INFO  - 2015-11-13 01:36:25.077; [c:gettingstarted s:shard2 r:core_node4 x:gettingstarted_shard2_replica1] org.apache.solr.core.SolrConfig; current version of requestparams : 0
INFO  - 2015-11-13 01:36:25.077; [c:gettingstarted s:shard1 r:core_node3 x:gettingstarted_shard1_replica1] org.apache.solr.core.SolrConfig; current version of requestparams : 0
INFO  - 2015-11-13 01:36:25.095; [c:gettingstarted s:shard1 r:core_node3 x:gettingstarted_shard1_replica1] org.apache.solr.core.SolrConfig; Adding specified lib dirs to ClassLoader
INFO  - 2015-11-13 01:36:25.095; [c:gettingstarted s:shard2 r:core_node4 x:gettingstarted_shard2_replica1] org.apache.solr.core.SolrConfig; Adding specified lib dirs to ClassLoader
INFO  - 2015-11-13 01:36:25.101; [c:gettingstarted s:shard2 r:core_node4 x:gettingstarted_shard2_replica1] org.apache.solr.core.SolrResourceLoader; Adding 'file:/home/rr/Documents/idb4/solr-5.3.1/contrib/extraction/lib/apache-mime4j-core-0.7.2.jar' to classloader
INFO  - 2015-11-13 01:36:25.101; [c:gettingstarted s:shard1 r:core_node3 x:gettingstarted_shard1_replica1] org.apache.solr.core.SolrResourceLoader; Adding 'file:/home/rr/Documents/idb4/solr-5.3.1/contrib/extraction/lib/apache-mime4j-core-0.7.2.jar' to classloader
INFO  - 2015-11-13 01:36:25.101; [c:gettingstarted s:shard2 r:core_node4 x:gettingstarted_shard2_replica1] org.apache.solr.core.SolrResourceLoader; Adding 'file:/home/rr/Documents/idb4/solr-5.3.1/contrib/extraction/lib/xz-1.5.jar' to classloader
INFO  - 2015-11-13 01:36:25.102; [c:gettingstarted s:shard1 r:core_node3 x:gettingstarted_shard1_replica1] org.apache.solr.core.SolrResourceLoader; Adding 'file:/home/rr/Documents/idb4/solr-5.3.1/contrib/extraction/lib/xz-1.5.jar' to classloader
INFO  - 2015-11-13 01:36:25.102; [c:gettingstarted s:shard2 r:core_node4 x:gettingstarted_shard2_replica1] org.apache.solr.core.SolrResourceLoader; Adding 'file:/home/rr/Documents/idb4/solr-5.3.1/contrib/extraction/lib/isoparser-1.0.2.jar' to classloader
INFO  - 2015-11-13 01:36:25.102; [c:gettingstarted s:shard1 r:core_node3 x:gettingstarted_shard1_replica1] org.apache.solr.core.SolrResourceLoader; Adding 'file:/home/rr/Documents/idb4/solr-5.3.1/contrib/extraction/lib/isoparser-1.0.2.jar' to classloader
INFO  - 2015-11-13 01:36:25.102; [c:gettingstarted s:shard2 r:core_node4 x:gettingstarted_shard2_replica1] org.apache.solr.core.SolrResourceLoader; Adding 'file:/home/rr/Documents/idb4/solr-5.3.1/contrib/extraction/lib/tika-java7-1.7.jar' to classloader
INFO  - 2015-11-13 01:36:25.103; [c:gettingstarted s:shard1 r:core_node3 x:gettingstarted_shard1_replica1] org.apache.solr.core.SolrResourceLoader; Adding 'file:/home/rr/Documents/idb4/solr-5.3.1/contrib/extraction/lib/tika-java7-1.7.jar' to classloader
INFO  - 2015-11-13 01:36:25.103; [c:gettingstarted s:shard2 r:core_node4 x:gettingstarted_shard2_replica1] org.apache.solr.core.SolrResourceLoader; Adding 'file:/home/rr/Documents/idb4/solr-5.3.1/contrib/extraction/lib/bcprov-jdk15-1.45.jar' to classloader
INFO  - 2015-11-13 01:36:25.103; [c:gettingstarted s:shard1 r:core_node3 x:gettingstarted_shard1_replica1] org.apache.solr.core.SolrResourceLoader; Adding 'file:/home/rr/Documents/idb4/solr-5.3.1/contrib/extraction/lib/bcprov-jdk15-1.45.jar' to classloader
INFO  - 2015-11-13 01:36:25.104; [c:gettingstarted s:shard2 r:core_node4 x:gettingstarted_shard2_replica1] org.apache.solr.core.SolrResourceLoader; Adding 'file:/home/rr/Documents/idb4/solr-5.3.1/contrib/extraction/lib/apache-mime4j-dom-0.7.2.jar' to classloader
INFO  - 2015-11-13 01:36:25.104; [c:gettingstarted s:shard1 r:core_node3 x:gettingstarted_shard1_replica1] org.apache.solr.core.SolrResourceLoader; Adding 'file:/home/rr/Documents/idb4/solr-5.3.1/contrib/extraction/lib/apache-mime4j-dom-0.7.2.jar' to classloader
INFO  - 2015-11-13 01:36:25.104; [c:gettingstarted s:shard2 r:core_node4 x:gettingstarted_shard2_replica1] org.apache.solr.core.SolrResourceLoader; Adding 'file:/home/rr/Documents/idb4/solr-5.3.1/contrib/extraction/lib/poi-scratchpad-3.11.jar' to classloader
INFO  - 2015-11-13 01:36:25.105; [c:gettingstarted s:shard1 r:core_node3 x:gettingstarted_shard1_replica1] org.apache.solr.core.SolrResourceLoader; Adding 'file:/home/rr/Documents/idb4/solr-5.3.1/contrib/extraction/lib/poi-scratchpad-3.11.jar' to classloader
INFO  - 2015-11-13 01:36:25.105; [c:gettingstarted s:shard2 r:core_node4 x:gettingstarted_shard2_replica1] org.apache.solr.core.SolrResourceLoader; Adding 'file:/home/rr/Documents/idb4/solr-5.3.1/contrib/extraction/lib/vorbis-java-tika-0.6.jar' to classloader
INFO  - 2015-11-13 01:36:25.105; [c:gettingstarted s:shard1 r:core_node3 x:gettingstarted_shard1_replica1] org.apache.solr.core.SolrResourceLoader; Adding 'file:/home/rr/Documents/idb4/solr-5.3.1/contrib/extraction/lib/vorbis-java-tika-0.6.jar' to classloader
INFO  - 2015-11-13 01:36:25.105; [c:gettingstarted s:shard2 r:core_node4 x:gettingstarted_shard2_replica1] org.apache.solr.core.SolrResourceLoader; Adding 'file:/home/rr/Documents/idb4/solr-5.3.1/contrib/extraction/lib/metadata-extractor-2.6.2.jar' to classloader
INFO  - 2015-11-13 01:36:25.106; [c:gettingstarted s:shard1 r:core_node3 x:gettingstarted_shard1_replica1] org.apache.solr.core.SolrResourceLoader; Adding 'file:/home/rr/Documents/idb4/solr-5.3.1/contrib/extraction/lib/metadata-extractor-2.6.2.jar' to classloader
INFO  - 2015-11-13 01:36:25.106; [c:gettingstarted s:shard2 r:core_node4 x:gettingstarted_shard2_replica1] org.apache.solr.core.SolrResourceLoader; Adding 'file:/home/rr/Documents/idb4/solr-5.3.1/contrib/extraction/lib/xercesImpl-2.9.1.jar' to classloader
INFO  - 2015-11-13 01:36:25.106; [c:gettingstarted s:shard1 r:core_node3 x:gettingstarted_shard1_replica1] org.apache.solr.core.SolrResourceLoader; Adding 'file:/home/rr/Documents/idb4/solr-5.3.1/contrib/extraction/lib/xercesImpl-2.9.1.jar' to classloader
INFO  - 2015-11-13 01:36:25.107; [c:gettingstarted s:shard2 r:core_node4 x:gettingstarted_shard2_replica1] org.apache.solr.core.SolrResourceLoader; Adding 'file:/home/rr/Documents/idb4/solr-5.3.1/contrib/extraction/lib/bcmail-jdk15-1.45.jar' to classloader
INFO  - 2015-11-13 01:36:25.107; [c:gettingstarted s:shard1 r:core_node3 x:gettingstarted_shard1_replica1] org.apache.solr.core.SolrResourceLoader; Adding 'file:/home/rr/Documents/idb4/solr-5.3.1/contrib/extraction/lib/bcmail-jdk15-1.45.jar' to classloader
INFO  - 2015-11-13 01:36:25.107; [c:gettingstarted s:shard2 r:core_node4 x:gettingstarted_shard2_replica1] org.apache.solr.core.SolrResourceLoader; Adding 'file:/home/rr/Documents/idb4/solr-5.3.1/contrib/extraction/lib/poi-3.11.jar' to classloader
INFO  - 2015-11-13 01:36:25.107; [c:gettingstarted s:shard1 r:core_node3 x:gettingstarted_shard1_replica1] org.apache.solr.core.SolrResourceLoader; Adding 'file:/home/rr/Documents/idb4/solr-5.3.1/contrib/extraction/lib/poi-3.11.jar' to classloader
INFO  - 2015-11-13 01:36:25.108; [c:gettingstarted s:shard2 r:core_node4 x:gettingstarted_shard2_replica1] org.apache.solr.core.SolrResourceLoader; Adding 'file:/home/rr/Documents/idb4/solr-5.3.1/contrib/extraction/lib/boilerpipe-1.1.0.jar' to classloader
INFO  - 2015-11-13 01:36:25.108; [c:gettingstarted s:shard1 r:core_node3 x:gettingstarted_shard1_replica1] org.apache.solr.core.SolrResourceLoader; Adding 'file:/home/rr/Documents/idb4/solr-5.3.1/contrib/extraction/lib/boilerpipe-1.1.0.jar' to classloader
INFO  - 2015-11-13 01:36:25.109; [c:gettingstarted s:shard2 r:core_node4 x:gettingstarted_shard2_replica1] org.apache.solr.core.SolrResourceLoader; Adding 'file:/home/rr/Documents/idb4/solr-5.3.1/contrib/extraction/lib/xmpcore-5.1.2.jar' to classloader
INFO  - 2015-11-13 01:36:25.110; [c:gettingstarted s:shard1 r:core_node3 x:gettingstarted_shard1_replica1] org.apache.solr.core.SolrResourceLoader; Adding 'file:/home/rr/Documents/idb4/solr-5.3.1/contrib/extraction/lib/xmpcore-5.1.2.jar' to classloader
INFO  - 2015-11-13 01:36:25.110; [c:gettingstarted s:shard2 r:core_node4 x:gettingstarted_shard2_replica1] org.apache.solr.core.SolrResourceLoader; Adding 'file:/home/rr/Documents/idb4/solr-5.3.1/contrib/extraction/lib/jempbox-1.8.8.jar' to classloader
INFO  - 2015-11-13 01:36:25.110; [c:gettingstarted s:shard1 r:core_node3 x:gettingstarted_shard1_replica1] org.apache.solr.core.SolrResourceLoader; Adding 'file:/home/rr/Documents/idb4/solr-5.3.1/contrib/extraction/lib/jempbox-1.8.8.jar' to classloader
INFO  - 2015-11-13 01:36:25.111; [c:gettingstarted s:shard2 r:core_node4 x:gettingstarted_shard2_replica1] org.apache.solr.core.SolrResourceLoader; Adding 'file:/home/rr/Documents/idb4/solr-5.3.1/contrib/extraction/lib/icu4j-54.1.jar' to classloader
INFO  - 2015-11-13 01:36:25.111; [c:gettingstarted s:shard1 r:core_node3 x:gettingstarted_shard1_replica1] org.apache.solr.core.SolrResourceLoader; Adding 'file:/home/rr/Documents/idb4/solr-5.3.1/contrib/extraction/lib/icu4j-54.1.jar' to classloader
INFO  - 2015-11-13 01:36:25.111; [c:gettingstarted s:shard2 r:core_node4 x:gettingstarted_shard2_replica1] org.apache.solr.core.SolrResourceLoader; Adding 'file:/home/rr/Documents/idb4/solr-5.3.1/contrib/extraction/lib/pdfbox-1.8.8.jar' to classloader
INFO  - 2015-11-13 01:36:25.111; [c:gettingstarted s:shard1 r:core_node3 x:gettingstarted_shard1_replica1] org.apache.solr.core.SolrResourceLoader; Adding 'file:/home/rr/Documents/idb4/solr-5.3.1/contrib/extraction/lib/pdfbox-1.8.8.jar' to classloader
INFO  - 2015-11-13 01:36:25.112; [c:gettingstarted s:shard2 r:core_node4 x:gettingstarted_shard2_replica1] org.apache.solr.core.SolrResourceLoader; Adding 'file:/home/rr/Documents/idb4/solr-5.3.1/contrib/extraction/lib/java-libpst-0.8.1.jar' to classloader
INFO  - 2015-11-13 01:36:25.112; [c:gettingstarted s:shard1 r:core_node3 x:gettingstarted_shard1_replica1] org.apache.solr.core.SolrResourceLoader; Adding 'file:/home/rr/Documents/idb4/solr-5.3.1/contrib/extraction/lib/java-libpst-0.8.1.jar' to classloader
INFO  - 2015-11-13 01:36:25.112; [c:gettingstarted s:shard2 r:core_node4 x:gettingstarted_shard2_replica1] org.apache.solr.core.SolrResourceLoader; Adding 'file:/home/rr/Documents/idb4/solr-5.3.1/contrib/extraction/lib/fontbox-1.8.8.jar' to classloader
INFO  - 2015-11-13 01:36:25.113; [c:gettingstarted s:shard1 r:core_node3 x:gettingstarted_shard1_replica1] org.apache.solr.core.SolrResourceLoader; Adding 'file:/home/rr/Documents/idb4/solr-5.3.1/contrib/extraction/lib/fontbox-1.8.8.jar' to classloader
INFO  - 2015-11-13 01:36:25.113; [c:gettingstarted s:shard2 r:core_node4 x:gettingstarted_shard2_replica1] org.apache.solr.core.SolrResourceLoader; Adding 'file:/home/rr/Documents/idb4/solr-5.3.1/contrib/extraction/lib/tika-core-1.7.jar' to classloader
INFO  - 2015-11-13 01:36:25.113; [c:gettingstarted s:shard1 r:core_node3 x:gettingstarted_shard1_replica1] org.apache.solr.core.SolrResourceLoader; Adding 'file:/home/rr/Documents/idb4/solr-5.3.1/contrib/extraction/lib/tika-core-1.7.jar' to classloader
INFO  - 2015-11-13 01:36:25.113; [c:gettingstarted s:shard2 r:core_node4 x:gettingstarted_shard2_replica1] org.apache.solr.core.SolrResourceLoader; Adding 'file:/home/rr/Documents/idb4/solr-5.3.1/contrib/extraction/lib/tika-xmp-1.7.jar' to classloader
INFO  - 2015-11-13 01:36:25.114; [c:gettingstarted s:shard1 r:core_node3 x:gettingstarted_shard1_replica1] org.apache.solr.core.SolrResourceLoader; Adding 'file:/home/rr/Documents/idb4/solr-5.3.1/contrib/extraction/lib/tika-xmp-1.7.jar' to classloader
INFO  - 2015-11-13 01:36:25.114; [c:gettingstarted s:shard2 r:core_node4 x:gettingstarted_shard2_replica1] org.apache.solr.core.SolrResourceLoader; Adding 'file:/home/rr/Documents/idb4/solr-5.3.1/contrib/extraction/lib/poi-ooxml-schemas-3.11.jar' to classloader
INFO  - 2015-11-13 01:36:25.114; [c:gettingstarted s:shard1 r:core_node3 x:gettingstarted_shard1_replica1] org.apache.solr.core.SolrResourceLoader; Adding 'file:/home/rr/Documents/idb4/solr-5.3.1/contrib/extraction/lib/poi-ooxml-schemas-3.11.jar' to classloader
INFO  - 2015-11-13 01:36:25.115; [c:gettingstarted s:shard2 r:core_node4 x:gettingstarted_shard2_replica1] org.apache.solr.core.SolrResourceLoader; Adding 'file:/home/rr/Documents/idb4/solr-5.3.1/contrib/extraction/lib/aspectjrt-1.8.0.jar' to classloader
INFO  - 2015-11-13 01:36:25.115; [c:gettingstarted s:shard1 r:core_node3 x:gettingstarted_shard1_replica1] org.apache.solr.core.SolrResourceLoader; Adding 'file:/home/rr/Documents/idb4/solr-5.3.1/contrib/extraction/lib/aspectjrt-1.8.0.jar' to classloader
INFO  - 2015-11-13 01:36:25.115; [c:gettingstarted s:shard2 r:core_node4 x:gettingstarted_shard2_replica1] org.apache.solr.core.SolrResourceLoader; Adding 'file:/home/rr/Documents/idb4/solr-5.3.1/contrib/extraction/lib/rome-1.0.jar' to classloader
INFO  - 2015-11-13 01:36:25.115; [c:gettingstarted s:shard1 r:core_node3 x:gettingstarted_shard1_replica1] org.apache.solr.core.SolrResourceLoader; Adding 'file:/home/rr/Documents/idb4/solr-5.3.1/contrib/extraction/lib/rome-1.0.jar' to classloader
INFO  - 2015-11-13 01:36:25.116; [c:gettingstarted s:shard2 r:core_node4 x:gettingstarted_shard2_replica1] org.apache.solr.core.SolrResourceLoader; Adding 'file:/home/rr/Documents/idb4/solr-5.3.1/contrib/extraction/lib/commons-compress-1.8.1.jar' to classloader
INFO  - 2015-11-13 01:36:25.116; [c:gettingstarted s:shard1 r:core_node3 x:gettingstarted_shard1_replica1] org.apache.solr.core.SolrResourceLoader; Adding 'file:/home/rr/Documents/idb4/solr-5.3.1/contrib/extraction/lib/commons-compress-1.8.1.jar' to classloader
INFO  - 2015-11-13 01:36:25.116; [c:gettingstarted s:shard2 r:core_node4 x:gettingstarted_shard2_replica1] org.apache.solr.core.SolrResourceLoader; Adding 'file:/home/rr/Documents/idb4/solr-5.3.1/contrib/extraction/lib/poi-ooxml-3.11.jar' to classloader
INFO  - 2015-11-13 01:36:25.117; [c:gettingstarted s:shard1 r:core_node3 x:gettingstarted_shard1_replica1] org.apache.solr.core.SolrResourceLoader; Adding 'file:/home/rr/Documents/idb4/solr-5.3.1/contrib/extraction/lib/poi-ooxml-3.11.jar' to classloader
INFO  - 2015-11-13 01:36:25.117; [c:gettingstarted s:shard2 r:core_node4 x:gettingstarted_shard2_replica1] org.apache.solr.core.SolrResourceLoader; Adding 'file:/home/rr/Documents/idb4/solr-5.3.1/contrib/extraction/lib/vorbis-java-core-0.6.jar' to classloader
INFO  - 2015-11-13 01:36:25.117; [c:gettingstarted s:shard1 r:core_node3 x:gettingstarted_shard1_replica1] org.apache.solr.core.SolrResourceLoader; Adding 'file:/home/rr/Documents/idb4/solr-5.3.1/contrib/extraction/lib/vorbis-java-core-0.6.jar' to classloader
INFO  - 2015-11-13 01:36:25.118; [c:gettingstarted s:shard2 r:core_node4 x:gettingstarted_shard2_replica1] org.apache.solr.core.SolrResourceLoader; Adding 'file:/home/rr/Documents/idb4/solr-5.3.1/contrib/extraction/lib/jdom-1.0.jar' to classloader
INFO  - 2015-11-13 01:36:25.118; [c:gettingstarted s:shard1 r:core_node3 x:gettingstarted_shard1_replica1] org.apache.solr.core.SolrResourceLoader; Adding 'file:/home/rr/Documents/idb4/solr-5.3.1/contrib/extraction/lib/jdom-1.0.jar' to classloader
INFO  - 2015-11-13 01:36:25.118; [c:gettingstarted s:shard2 r:core_node4 x:gettingstarted_shard2_replica1] org.apache.solr.core.SolrResourceLoader; Adding 'file:/home/rr/Documents/idb4/solr-5.3.1/contrib/extraction/lib/tagsoup-1.2.1.jar' to classloader
INFO  - 2015-11-13 01:36:25.118; [c:gettingstarted s:shard1 r:core_node3 x:gettingstarted_shard1_replica1] org.apache.solr.core.SolrResourceLoader; Adding 'file:/home/rr/Documents/idb4/solr-5.3.1/contrib/extraction/lib/tagsoup-1.2.1.jar' to classloader
INFO  - 2015-11-13 01:36:25.119; [c:gettingstarted s:shard2 r:core_node4 x:gettingstarted_shard2_replica1] org.apache.solr.core.SolrResourceLoader; Adding 'file:/home/rr/Documents/idb4/solr-5.3.1/contrib/extraction/lib/juniversalchardet-1.0.3.jar' to classloader
INFO  - 2015-11-13 01:36:25.119; [c:gettingstarted s:shard1 r:core_node3 x:gettingstarted_shard1_replica1] org.apache.solr.core.SolrResourceLoader; Adding 'file:/home/rr/Documents/idb4/solr-5.3.1/contrib/extraction/lib/juniversalchardet-1.0.3.jar' to classloader
INFO  - 2015-11-13 01:36:25.119; [c:gettingstarted s:shard2 r:core_node4 x:gettingstarted_shard2_replica1] org.apache.solr.core.SolrResourceLoader; Adding 'file:/home/rr/Documents/idb4/solr-5.3.1/contrib/extraction/lib/xmlbeans-2.6.0.jar' to classloader
INFO  - 2015-11-13 01:36:25.120; [c:gettingstarted s:shard1 r:core_node3 x:gettingstarted_shard1_replica1] org.apache.solr.core.SolrResourceLoader; Adding 'file:/home/rr/Documents/idb4/solr-5.3.1/contrib/extraction/lib/xmlbeans-2.6.0.jar' to classloader
INFO  - 2015-11-13 01:36:25.120; [c:gettingstarted s:shard2 r:core_node4 x:gettingstarted_shard2_replica1] org.apache.solr.core.SolrResourceLoader; Adding 'file:/home/rr/Documents/idb4/solr-5.3.1/contrib/extraction/lib/jmatio-1.0.jar' to classloader
INFO  - 2015-11-13 01:36:25.120; [c:gettingstarted s:shard1 r:core_node3 x:gettingstarted_shard1_replica1] org.apache.solr.core.SolrResourceLoader; Adding 'file:/home/rr/Documents/idb4/solr-5.3.1/contrib/extraction/lib/jmatio-1.0.jar' to classloader
INFO  - 2015-11-13 01:36:25.121; [c:gettingstarted s:shard2 r:core_node4 x:gettingstarted_shard2_replica1] org.apache.solr.core.SolrResourceLoader; Adding 'file:/home/rr/Documents/idb4/solr-5.3.1/contrib/extraction/lib/tika-parsers-1.7.jar' to classloader
INFO  - 2015-11-13 01:36:25.121; [c:gettingstarted s:shard1 r:core_node3 x:gettingstarted_shard1_replica1] org.apache.solr.core.SolrResourceLoader; Adding 'file:/home/rr/Documents/idb4/solr-5.3.1/contrib/extraction/lib/tika-parsers-1.7.jar' to classloader
INFO  - 2015-11-13 01:36:25.123; [c:gettingstarted s:shard2 r:core_node4 x:gettingstarted_shard2_replica1] org.apache.solr.core.SolrResourceLoader; Adding 'file:/home/rr/Documents/idb4/solr-5.3.1/dist/solr-cell-5.3.1.jar' to classloader
INFO  - 2015-11-13 01:36:25.123; [c:gettingstarted s:shard1 r:core_node3 x:gettingstarted_shard1_replica1] org.apache.solr.core.SolrResourceLoader; Adding 'file:/home/rr/Documents/idb4/solr-5.3.1/dist/solr-cell-5.3.1.jar' to classloader
INFO  - 2015-11-13 01:36:25.125; [c:gettingstarted s:shard2 r:core_node4 x:gettingstarted_shard2_replica1] org.apache.solr.core.SolrResourceLoader; Adding 'file:/home/rr/Documents/idb4/solr-5.3.1/contrib/clustering/lib/jackson-core-asl-1.9.13.jar' to classloader
INFO  - 2015-11-13 01:36:25.125; [c:gettingstarted s:shard1 r:core_node3 x:gettingstarted_shard1_replica1] org.apache.solr.core.SolrResourceLoader; Adding 'file:/home/rr/Documents/idb4/solr-5.3.1/contrib/clustering/lib/jackson-core-asl-1.9.13.jar' to classloader
INFO  - 2015-11-13 01:36:25.125; [c:gettingstarted s:shard2 r:core_node4 x:gettingstarted_shard2_replica1] org.apache.solr.core.SolrResourceLoader; Adding 'file:/home/rr/Documents/idb4/solr-5.3.1/contrib/clustering/lib/simple-xml-2.7.jar' to classloader
INFO  - 2015-11-13 01:36:25.126; [c:gettingstarted s:shard1 r:core_node3 x:gettingstarted_shard1_replica1] org.apache.solr.core.SolrResourceLoader; Adding 'file:/home/rr/Documents/idb4/solr-5.3.1/contrib/clustering/lib/simple-xml-2.7.jar' to classloader
INFO  - 2015-11-13 01:36:25.126; [c:gettingstarted s:shard2 r:core_node4 x:gettingstarted_shard2_replica1] org.apache.solr.core.SolrResourceLoader; Adding 'file:/home/rr/Documents/idb4/solr-5.3.1/contrib/clustering/lib/carrot2-mini-3.9.0.jar' to classloader
INFO  - 2015-11-13 01:36:25.126; [c:gettingstarted s:shard1 r:core_node3 x:gettingstarted_shard1_replica1] org.apache.solr.core.SolrResourceLoader; Adding 'file:/home/rr/Documents/idb4/solr-5.3.1/contrib/clustering/lib/carrot2-mini-3.9.0.jar' to classloader
INFO  - 2015-11-13 01:36:25.127; [c:gettingstarted s:shard2 r:core_node4 x:gettingstarted_shard2_replica1] org.apache.solr.core.SolrResourceLoader; Adding 'file:/home/rr/Documents/idb4/solr-5.3.1/contrib/clustering/lib/mahout-math-0.6.jar' to classloader
INFO  - 2015-11-13 01:36:25.127; [c:gettingstarted s:shard1 r:core_node3 x:gettingstarted_shard1_replica1] org.apache.solr.core.SolrResourceLoader; Adding 'file:/home/rr/Documents/idb4/solr-5.3.1/contrib/clustering/lib/mahout-math-0.6.jar' to classloader
INFO  - 2015-11-13 01:36:25.127; [c:gettingstarted s:shard2 r:core_node4 x:gettingstarted_shard2_replica1] org.apache.solr.core.SolrResourceLoader; Adding 'file:/home/rr/Documents/idb4/solr-5.3.1/contrib/clustering/lib/mahout-collections-1.0.jar' to classloader
INFO  - 2015-11-13 01:36:25.127; [c:gettingstarted s:shard1 r:core_node3 x:gettingstarted_shard1_replica1] org.apache.solr.core.SolrResourceLoader; Adding 'file:/home/rr/Documents/idb4/solr-5.3.1/contrib/clustering/lib/mahout-collections-1.0.jar' to classloader
INFO  - 2015-11-13 01:36:25.128; [c:gettingstarted s:shard2 r:core_node4 x:gettingstarted_shard2_replica1] org.apache.solr.core.SolrResourceLoader; Adding 'file:/home/rr/Documents/idb4/solr-5.3.1/contrib/clustering/lib/attributes-binder-1.2.1.jar' to classloader
INFO  - 2015-11-13 01:36:25.128; [c:gettingstarted s:shard1 r:core_node3 x:gettingstarted_shard1_replica1] org.apache.solr.core.SolrResourceLoader; Adding 'file:/home/rr/Documents/idb4/solr-5.3.1/contrib/clustering/lib/attributes-binder-1.2.1.jar' to classloader
INFO  - 2015-11-13 01:36:25.128; [c:gettingstarted s:shard2 r:core_node4 x:gettingstarted_shard2_replica1] org.apache.solr.core.SolrResourceLoader; Adding 'file:/home/rr/Documents/idb4/solr-5.3.1/contrib/clustering/lib/jackson-mapper-asl-1.9.13.jar' to classloader
INFO  - 2015-11-13 01:36:25.129; [c:gettingstarted s:shard1 r:core_node3 x:gettingstarted_shard1_replica1] org.apache.solr.core.SolrResourceLoader; Adding 'file:/home/rr/Documents/idb4/solr-5.3.1/contrib/clustering/lib/jackson-mapper-asl-1.9.13.jar' to classloader
INFO  - 2015-11-13 01:36:25.129; [c:gettingstarted s:shard2 r:core_node4 x:gettingstarted_shard2_replica1] org.apache.solr.core.SolrResourceLoader; Adding 'file:/home/rr/Documents/idb4/solr-5.3.1/contrib/clustering/lib/hppc-0.5.2.jar' to classloader
INFO  - 2015-11-13 01:36:25.129; [c:gettingstarted s:shard1 r:core_node3 x:gettingstarted_shard1_replica1] org.apache.solr.core.SolrResourceLoader; Adding 'file:/home/rr/Documents/idb4/solr-5.3.1/contrib/clustering/lib/hppc-0.5.2.jar' to classloader
INFO  - 2015-11-13 01:36:25.131; [c:gettingstarted s:shard2 r:core_node4 x:gettingstarted_shard2_replica1] org.apache.solr.core.SolrResourceLoader; Adding 'file:/home/rr/Documents/idb4/solr-5.3.1/dist/solr-clustering-5.3.1.jar' to classloader
INFO  - 2015-11-13 01:36:25.131; [c:gettingstarted s:shard1 r:core_node3 x:gettingstarted_shard1_replica1] org.apache.solr.core.SolrResourceLoader; Adding 'file:/home/rr/Documents/idb4/solr-5.3.1/dist/solr-clustering-5.3.1.jar' to classloader
INFO  - 2015-11-13 01:36:25.132; [c:gettingstarted s:shard2 r:core_node4 x:gettingstarted_shard2_replica1] org.apache.solr.core.SolrResourceLoader; Adding 'file:/home/rr/Documents/idb4/solr-5.3.1/contrib/langid/lib/jsonic-1.2.7.jar' to classloader
INFO  - 2015-11-13 01:36:25.132; [c:gettingstarted s:shard1 r:core_node3 x:gettingstarted_shard1_replica1] org.apache.solr.core.SolrResourceLoader; Adding 'file:/home/rr/Documents/idb4/solr-5.3.1/contrib/langid/lib/jsonic-1.2.7.jar' to classloader
INFO  - 2015-11-13 01:36:25.133; [c:gettingstarted s:shard2 r:core_node4 x:gettingstarted_shard2_replica1] org.apache.solr.core.SolrResourceLoader; Adding 'file:/home/rr/Documents/idb4/solr-5.3.1/contrib/langid/lib/langdetect-1.1-20120112.jar' to classloader
INFO  - 2015-11-13 01:36:25.133; [c:gettingstarted s:shard1 r:core_node3 x:gettingstarted_shard1_replica1] org.apache.solr.core.SolrResourceLoader; Adding 'file:/home/rr/Documents/idb4/solr-5.3.1/contrib/langid/lib/langdetect-1.1-20120112.jar' to classloader
INFO  - 2015-11-13 01:36:25.134; [c:gettingstarted s:shard2 r:core_node4 x:gettingstarted_shard2_replica1] org.apache.solr.core.SolrResourceLoader; Adding 'file:/home/rr/Documents/idb4/solr-5.3.1/dist/solr-langid-5.3.1.jar' to classloader
INFO  - 2015-11-13 01:36:25.135; [c:gettingstarted s:shard1 r:core_node3 x:gettingstarted_shard1_replica1] org.apache.solr.core.SolrResourceLoader; Adding 'file:/home/rr/Documents/idb4/solr-5.3.1/dist/solr-langid-5.3.1.jar' to classloader
INFO  - 2015-11-13 01:36:25.136; [c:gettingstarted s:shard2 r:core_node4 x:gettingstarted_shard2_replica1] org.apache.solr.core.SolrResourceLoader; Adding 'file:/home/rr/Documents/idb4/solr-5.3.1/contrib/velocity/lib/velocity-1.7.jar' to classloader
INFO  - 2015-11-13 01:36:25.136; [c:gettingstarted s:shard1 r:core_node3 x:gettingstarted_shard1_replica1] org.apache.solr.core.SolrResourceLoader; Adding 'file:/home/rr/Documents/idb4/solr-5.3.1/contrib/velocity/lib/velocity-1.7.jar' to classloader
INFO  - 2015-11-13 01:36:25.136; [c:gettingstarted s:shard2 r:core_node4 x:gettingstarted_shard2_replica1] org.apache.solr.core.SolrResourceLoader; Adding 'file:/home/rr/Documents/idb4/solr-5.3.1/contrib/velocity/lib/commons-collections-3.2.1.jar' to classloader
INFO  - 2015-11-13 01:36:25.136; [c:gettingstarted s:shard1 r:core_node3 x:gettingstarted_shard1_replica1] org.apache.solr.core.SolrResourceLoader; Adding 'file:/home/rr/Documents/idb4/solr-5.3.1/contrib/velocity/lib/commons-collections-3.2.1.jar' to classloader
INFO  - 2015-11-13 01:36:25.137; [c:gettingstarted s:shard2 r:core_node4 x:gettingstarted_shard2_replica1] org.apache.solr.core.SolrResourceLoader; Adding 'file:/home/rr/Documents/idb4/solr-5.3.1/contrib/velocity/lib/commons-beanutils-1.8.3.jar' to classloader
INFO  - 2015-11-13 01:36:25.137; [c:gettingstarted s:shard1 r:core_node3 x:gettingstarted_shard1_replica1] org.apache.solr.core.SolrResourceLoader; Adding 'file:/home/rr/Documents/idb4/solr-5.3.1/contrib/velocity/lib/commons-beanutils-1.8.3.jar' to classloader
INFO  - 2015-11-13 01:36:25.137; [c:gettingstarted s:shard2 r:core_node4 x:gettingstarted_shard2_replica1] org.apache.solr.core.SolrResourceLoader; Adding 'file:/home/rr/Documents/idb4/solr-5.3.1/contrib/velocity/lib/velocity-tools-2.0.jar' to classloader
INFO  - 2015-11-13 01:36:25.138; [c:gettingstarted s:shard1 r:core_node3 x:gettingstarted_shard1_replica1] org.apache.solr.core.SolrResourceLoader; Adding 'file:/home/rr/Documents/idb4/solr-5.3.1/contrib/velocity/lib/velocity-tools-2.0.jar' to classloader
INFO  - 2015-11-13 01:36:25.139; [c:gettingstarted s:shard2 r:core_node4 x:gettingstarted_shard2_replica1] org.apache.solr.core.SolrResourceLoader; Adding 'file:/home/rr/Documents/idb4/solr-5.3.1/dist/solr-velocity-5.3.1.jar' to classloader
INFO  - 2015-11-13 01:36:25.139; [c:gettingstarted s:shard1 r:core_node3 x:gettingstarted_shard1_replica1] org.apache.solr.core.SolrResourceLoader; Adding 'file:/home/rr/Documents/idb4/solr-5.3.1/dist/solr-velocity-5.3.1.jar' to classloader
INFO  - 2015-11-13 01:36:25.444; [c:gettingstarted s:shard1 r:core_node3 x:gettingstarted_shard1_replica1] org.apache.solr.core.SolrConfig; Using Lucene MatchVersion: 5.3.1
INFO  - 2015-11-13 01:36:25.445; [c:gettingstarted s:shard2 r:core_node4 x:gettingstarted_shard2_replica1] org.apache.solr.core.SolrConfig; Using Lucene MatchVersion: 5.3.1
INFO  - 2015-11-13 01:36:25.721; [   ] org.apache.solr.servlet.HttpSolrCall; [admin] webapp=null path=/admin/info/system params={wt=json} status=0 QTime=26 
INFO  - 2015-11-13 01:36:25.761; [c:gettingstarted s:shard2 r:core_node4 x:gettingstarted_shard2_replica1] org.apache.solr.core.SolrConfig; Loaded SolrConfig: solrconfig.xml
INFO  - 2015-11-13 01:36:25.774; [c:gettingstarted s:shard1 r:core_node3 x:gettingstarted_shard1_replica1] org.apache.solr.core.SolrConfig; Loaded SolrConfig: solrconfig.xml
INFO  - 2015-11-13 01:36:25.793; [   ] org.apache.solr.handler.admin.CollectionsHandler; Invoked Collection Action :clusterstatus with params action=CLUSTERSTATUS&wt=json 
INFO  - 2015-11-13 01:36:25.797; [c:gettingstarted s:shard2 r:core_node4 x:gettingstarted_shard2_replica1] org.apache.solr.schema.IndexSchema; Reading Solr Schema from /configs/gettingstarted/managed-schema
INFO  - 2015-11-13 01:36:25.797; [c:gettingstarted s:shard1 r:core_node3 x:gettingstarted_shard1_replica1] org.apache.solr.schema.IndexSchema; Reading Solr Schema from /configs/gettingstarted/managed-schema
INFO  - 2015-11-13 01:36:25.804; [   ] org.apache.solr.common.cloud.ZkStateReader; Updating data for gettingstarted to ver 46 
INFO  - 2015-11-13 01:36:25.807; [   ] org.apache.solr.common.cloud.ZkStateReader; Load collection config from:/collections/gettingstarted
INFO  - 2015-11-13 01:36:25.810; [   ] org.apache.solr.common.cloud.ZkStateReader; path=/collections/gettingstarted configName=gettingstarted specified config exists in ZooKeeper
INFO  - 2015-11-13 01:36:25.813; [   ] org.apache.solr.servlet.HttpSolrCall; [admin] webapp=null path=/admin/collections params={action=CLUSTERSTATUS&wt=json} status=0 QTime=50 
INFO  - 2015-11-13 01:36:25.963; [c:gettingstarted s:shard1 r:core_node3 x:gettingstarted_shard1_replica1] org.apache.solr.schema.IndexSchema; [gettingstarted_shard1_replica1] Schema name=example-data-driven-schema
INFO  - 2015-11-13 01:36:25.997; [c:gettingstarted s:shard2 r:core_node4 x:gettingstarted_shard2_replica1] org.apache.solr.schema.IndexSchema; [gettingstarted_shard2_replica1] Schema name=example-data-driven-schema
INFO  - 2015-11-13 01:36:27.234; [c:gettingstarted s:shard2 r:core_node4 x:gettingstarted_shard2_replica1] org.apache.solr.schema.IndexSchema; unique key field: id
INFO  - 2015-11-13 01:36:27.339; [c:gettingstarted s:shard1 r:core_node3 x:gettingstarted_shard1_replica1] org.apache.solr.schema.IndexSchema; unique key field: id
INFO  - 2015-11-13 01:36:27.909; [c:gettingstarted s:shard2 r:core_node4 x:gettingstarted_shard2_replica1] org.apache.solr.schema.FileExchangeRateProvider; Reloading exchange rates from file currency.xml
INFO  - 2015-11-13 01:36:27.910; [c:gettingstarted s:shard1 r:core_node3 x:gettingstarted_shard1_replica1] org.apache.solr.schema.FileExchangeRateProvider; Reloading exchange rates from file currency.xml
INFO  - 2015-11-13 01:36:27.978; [c:gettingstarted s:shard1 r:core_node3 x:gettingstarted_shard1_replica1] org.apache.solr.schema.FileExchangeRateProvider; Reloading exchange rates from file currency.xml
INFO  - 2015-11-13 01:36:27.980; [c:gettingstarted s:shard2 r:core_node4 x:gettingstarted_shard2_replica1] org.apache.solr.schema.FileExchangeRateProvider; Reloading exchange rates from file currency.xml
INFO  - 2015-11-13 01:36:28.313; [c:gettingstarted s:shard1 r:core_node3 x:gettingstarted_shard1_replica1] org.apache.solr.core.ConfigSetProperties; Did not find ConfigSet properties, assuming default properties: Can't find resource 'configsetprops.json' in classpath or '/configs/gettingstarted', cwd=/home/rr/Documents/idb4/solr-5.3.1/server
INFO  - 2015-11-13 01:36:28.314; [c:gettingstarted s:shard1 r:core_node3 x:gettingstarted_shard1_replica1] org.apache.solr.core.CoreContainer; Creating SolrCore 'gettingstarted_shard1_replica1' using configuration from collection gettingstarted
INFO  - 2015-11-13 01:36:28.315; [c:gettingstarted s:shard1 r:core_node3 x:gettingstarted_shard1_replica1] org.apache.solr.core.SolrCore; solr.NRTCachingDirectoryFactory
INFO  - 2015-11-13 01:36:28.335; [c:gettingstarted s:shard1 r:core_node3 x:gettingstarted_shard1_replica1] org.apache.solr.core.SolrCore; [[gettingstarted_shard1_replica1] ] Opening new SolrCore at [/home/rr/Documents/idb4/solr-5.3.1/example/cloud/node2/solr/gettingstarted_shard1_replica1/], dataDir=[null]
INFO  - 2015-11-13 01:36:28.339; [c:gettingstarted s:shard1 r:core_node3 x:gettingstarted_shard1_replica1] org.apache.solr.core.JmxMonitoredMap; No JMX servers found, not exposing Solr information with JMX.
INFO  - 2015-11-13 01:36:28.345; [c:gettingstarted s:shard1 r:core_node3 x:gettingstarted_shard1_replica1] org.apache.solr.core.SolrCore; [[gettingstarted_shard1_replica1] ] Added SolrEventListener for newSearcher: [org.apache.solr.core.QuerySenderListener{queries=[]}]
INFO  - 2015-11-13 01:36:28.346; [c:gettingstarted s:shard1 r:core_node3 x:gettingstarted_shard1_replica1] org.apache.solr.core.SolrCore; [[gettingstarted_shard1_replica1] ] Added SolrEventListener for firstSearcher: [org.apache.solr.core.QuerySenderListener{queries=[]}]
INFO  - 2015-11-13 01:36:28.366; [c:gettingstarted s:shard1 r:core_node3 x:gettingstarted_shard1_replica1] org.apache.solr.core.CachingDirectoryFactory; return new directory for /home/rr/Documents/idb4/solr-5.3.1/example/cloud/node2/solr/gettingstarted_shard1_replica1/data
INFO  - 2015-11-13 01:36:28.368; [c:gettingstarted s:shard1 r:core_node3 x:gettingstarted_shard1_replica1] org.apache.solr.core.SolrCore; New index directory detected: old=null new=/home/rr/Documents/idb4/solr-5.3.1/example/cloud/node2/solr/gettingstarted_shard1_replica1/data/index/
INFO  - 2015-11-13 01:36:28.369; [c:gettingstarted s:shard1 r:core_node3 x:gettingstarted_shard1_replica1] org.apache.solr.core.CachingDirectoryFactory; return new directory for /home/rr/Documents/idb4/solr-5.3.1/example/cloud/node2/solr/gettingstarted_shard1_replica1/data/index
INFO  - 2015-11-13 01:36:28.373; [c:gettingstarted s:shard2 r:core_node4 x:gettingstarted_shard2_replica1] org.apache.solr.core.ConfigSetProperties; Did not find ConfigSet properties, assuming default properties: Can't find resource 'configsetprops.json' in classpath or '/configs/gettingstarted', cwd=/home/rr/Documents/idb4/solr-5.3.1/server
INFO  - 2015-11-13 01:36:28.376; [c:gettingstarted s:shard2 r:core_node4 x:gettingstarted_shard2_replica1] org.apache.solr.core.CoreContainer; Creating SolrCore 'gettingstarted_shard2_replica1' using configuration from collection gettingstarted
INFO  - 2015-11-13 01:36:28.376; [c:gettingstarted s:shard2 r:core_node4 x:gettingstarted_shard2_replica1] org.apache.solr.core.SolrCore; solr.NRTCachingDirectoryFactory
INFO  - 2015-11-13 01:36:28.380; [c:gettingstarted s:shard2 r:core_node4 x:gettingstarted_shard2_replica1] org.apache.solr.core.SolrCore; [[gettingstarted_shard2_replica1] ] Opening new SolrCore at [/home/rr/Documents/idb4/solr-5.3.1/example/cloud/node2/solr/gettingstarted_shard2_replica1/], dataDir=[null]
INFO  - 2015-11-13 01:36:28.381; [c:gettingstarted s:shard2 r:core_node4 x:gettingstarted_shard2_replica1] org.apache.solr.core.JmxMonitoredMap; No JMX servers found, not exposing Solr information with JMX.
INFO  - 2015-11-13 01:36:28.383; [c:gettingstarted s:shard2 r:core_node4 x:gettingstarted_shard2_replica1] org.apache.solr.core.SolrCore; [[gettingstarted_shard2_replica1] ] Added SolrEventListener for newSearcher: [org.apache.solr.core.QuerySenderListener{queries=[]}]
INFO  - 2015-11-13 01:36:28.384; [c:gettingstarted s:shard2 r:core_node4 x:gettingstarted_shard2_replica1] org.apache.solr.core.SolrCore; [[gettingstarted_shard2_replica1] ] Added SolrEventListener for firstSearcher: [org.apache.solr.core.QuerySenderListener{queries=[]}]
INFO  - 2015-11-13 01:36:28.384; [c:gettingstarted s:shard2 r:core_node4 x:gettingstarted_shard2_replica1] org.apache.solr.core.CachingDirectoryFactory; return new directory for /home/rr/Documents/idb4/solr-5.3.1/example/cloud/node2/solr/gettingstarted_shard2_replica1/data
INFO  - 2015-11-13 01:36:28.385; [c:gettingstarted s:shard2 r:core_node4 x:gettingstarted_shard2_replica1] org.apache.solr.core.SolrCore; New index directory detected: old=null new=/home/rr/Documents/idb4/solr-5.3.1/example/cloud/node2/solr/gettingstarted_shard2_replica1/data/index/
INFO  - 2015-11-13 01:36:28.386; [c:gettingstarted s:shard2 r:core_node4 x:gettingstarted_shard2_replica1] org.apache.solr.core.CachingDirectoryFactory; return new directory for /home/rr/Documents/idb4/solr-5.3.1/example/cloud/node2/solr/gettingstarted_shard2_replica1/data/index
INFO  - 2015-11-13 01:36:28.400; [c:gettingstarted s:shard2 r:core_node4 x:gettingstarted_shard2_replica1] org.apache.solr.core.SolrCore$12; Looking for old index directories to cleanup for core gettingstarted_shard2_replica1 in /home/rr/Documents/idb4/solr-5.3.1/example/cloud/node2/solr/gettingstarted_shard2_replica1/data/
INFO  - 2015-11-13 01:36:28.407; [c:gettingstarted s:shard2 r:core_node4 x:gettingstarted_shard2_replica1] org.apache.solr.core.PluginBag; queryResponseWriter : 'velocity' created with startup=lazy 
INFO  - 2015-11-13 01:36:28.411; [c:gettingstarted s:shard1 r:core_node3 x:gettingstarted_shard1_replica1] org.apache.solr.core.SolrCore$12; Looking for old index directories to cleanup for core gettingstarted_shard1_replica1 in /home/rr/Documents/idb4/solr-5.3.1/example/cloud/node2/solr/gettingstarted_shard1_replica1/data/
INFO  - 2015-11-13 01:36:28.412; [c:gettingstarted s:shard1 r:core_node3 x:gettingstarted_shard1_replica1] org.apache.solr.core.PluginBag; queryResponseWriter : 'velocity' created with startup=lazy 
INFO  - 2015-11-13 01:36:28.414; [c:gettingstarted s:shard2 r:core_node4 x:gettingstarted_shard2_replica1] org.apache.solr.response.XSLTResponseWriter; xsltCacheLifetimeSeconds=5
INFO  - 2015-11-13 01:36:28.425; [c:gettingstarted s:shard1 r:core_node3 x:gettingstarted_shard1_replica1] org.apache.solr.response.XSLTResponseWriter; xsltCacheLifetimeSeconds=5
INFO  - 2015-11-13 01:36:28.592; [c:gettingstarted s:shard2 r:core_node4 x:gettingstarted_shard2_replica1] org.apache.solr.update.processor.UpdateRequestProcessorChain; creating updateRequestProcessorChain "add-unknown-fields-to-the-schema"
INFO  - 2015-11-13 01:36:28.593; [c:gettingstarted s:shard1 r:core_node3 x:gettingstarted_shard1_replica1] org.apache.solr.update.processor.UpdateRequestProcessorChain; creating updateRequestProcessorChain "add-unknown-fields-to-the-schema"
INFO  - 2015-11-13 01:36:28.722; [c:gettingstarted s:shard2 r:core_node4 x:gettingstarted_shard2_replica1] org.apache.solr.core.SolrCore; no updateRequestProcessorChain defined as default, creating implicit default
INFO  - 2015-11-13 01:36:28.736; [c:gettingstarted s:shard1 r:core_node3 x:gettingstarted_shard1_replica1] org.apache.solr.core.SolrCore; no updateRequestProcessorChain defined as default, creating implicit default
INFO  - 2015-11-13 01:36:28.778; [c:gettingstarted s:shard1 r:core_node3 x:gettingstarted_shard1_replica1] org.apache.solr.handler.loader.XMLLoader; xsltCacheLifetimeSeconds=60
INFO  - 2015-11-13 01:36:28.778; [c:gettingstarted s:shard2 r:core_node4 x:gettingstarted_shard2_replica1] org.apache.solr.handler.loader.XMLLoader; xsltCacheLifetimeSeconds=60
INFO  - 2015-11-13 01:36:28.787; [c:gettingstarted s:shard2 r:core_node4 x:gettingstarted_shard2_replica1] org.apache.solr.handler.loader.XMLLoader; xsltCacheLifetimeSeconds=60
INFO  - 2015-11-13 01:36:28.787; [c:gettingstarted s:shard1 r:core_node3 x:gettingstarted_shard1_replica1] org.apache.solr.handler.loader.XMLLoader; xsltCacheLifetimeSeconds=60
INFO  - 2015-11-13 01:36:28.788; [c:gettingstarted s:shard2 r:core_node4 x:gettingstarted_shard2_replica1] org.apache.solr.handler.loader.XMLLoader; xsltCacheLifetimeSeconds=60
INFO  - 2015-11-13 01:36:28.789; [c:gettingstarted s:shard1 r:core_node3 x:gettingstarted_shard1_replica1] org.apache.solr.handler.loader.XMLLoader; xsltCacheLifetimeSeconds=60
INFO  - 2015-11-13 01:36:28.789; [c:gettingstarted s:shard2 r:core_node4 x:gettingstarted_shard2_replica1] org.apache.solr.handler.loader.XMLLoader; xsltCacheLifetimeSeconds=60
INFO  - 2015-11-13 01:36:28.790; [c:gettingstarted s:shard1 r:core_node3 x:gettingstarted_shard1_replica1] org.apache.solr.handler.loader.XMLLoader; xsltCacheLifetimeSeconds=60
INFO  - 2015-11-13 01:36:28.808; [c:gettingstarted s:shard2 r:core_node4 x:gettingstarted_shard2_replica1] org.apache.solr.core.PluginBag; requestHandler : '/update/extract' created with startup=lazy 
INFO  - 2015-11-13 01:36:28.809; [c:gettingstarted s:shard1 r:core_node3 x:gettingstarted_shard1_replica1] org.apache.solr.core.PluginBag; requestHandler : '/update/extract' created with startup=lazy 
INFO  - 2015-11-13 01:36:28.814; [c:gettingstarted s:shard2 r:core_node4 x:gettingstarted_shard2_replica1] org.apache.solr.core.PluginBag; requestHandler : '/analysis/field' created with startup=lazy 
INFO  - 2015-11-13 01:36:28.814; [c:gettingstarted s:shard1 r:core_node3 x:gettingstarted_shard1_replica1] org.apache.solr.core.PluginBag; requestHandler : '/analysis/field' created with startup=lazy 
INFO  - 2015-11-13 01:36:28.814; [c:gettingstarted s:shard2 r:core_node4 x:gettingstarted_shard2_replica1] org.apache.solr.core.PluginBag; requestHandler : '/analysis/document' created with startup=lazy 
INFO  - 2015-11-13 01:36:28.815; [c:gettingstarted s:shard1 r:core_node3 x:gettingstarted_shard1_replica1] org.apache.solr.core.PluginBag; requestHandler : '/analysis/document' created with startup=lazy 
INFO  - 2015-11-13 01:36:28.818; [c:gettingstarted s:shard2 r:core_node4 x:gettingstarted_shard2_replica1] org.apache.solr.core.PluginBag; requestHandler : '/spell' created with startup=lazy 
INFO  - 2015-11-13 01:36:28.818; [c:gettingstarted s:shard1 r:core_node3 x:gettingstarted_shard1_replica1] org.apache.solr.core.PluginBag; requestHandler : '/spell' created with startup=lazy 
INFO  - 2015-11-13 01:36:28.819; [c:gettingstarted s:shard2 r:core_node4 x:gettingstarted_shard2_replica1] org.apache.solr.core.PluginBag; requestHandler : '/tvrh' created with startup=lazy 
INFO  - 2015-11-13 01:36:28.819; [c:gettingstarted s:shard1 r:core_node3 x:gettingstarted_shard1_replica1] org.apache.solr.core.PluginBag; requestHandler : '/tvrh' created with startup=lazy 
INFO  - 2015-11-13 01:36:28.819; [c:gettingstarted s:shard2 r:core_node4 x:gettingstarted_shard2_replica1] org.apache.solr.core.PluginBag; requestHandler : '/terms' created with startup=lazy 
INFO  - 2015-11-13 01:36:28.819; [c:gettingstarted s:shard1 r:core_node3 x:gettingstarted_shard1_replica1] org.apache.solr.core.PluginBag; requestHandler : '/terms' created with startup=lazy 
INFO  - 2015-11-13 01:36:28.820; [c:gettingstarted s:shard2 r:core_node4 x:gettingstarted_shard2_replica1] org.apache.solr.core.PluginBag; requestHandler : '/elevate' created with startup=lazy 
INFO  - 2015-11-13 01:36:28.820; [c:gettingstarted s:shard1 r:core_node3 x:gettingstarted_shard1_replica1] org.apache.solr.core.PluginBag; requestHandler : '/elevate' created with startup=lazy 
INFO  - 2015-11-13 01:36:28.821; [c:gettingstarted s:shard2 r:core_node4 x:gettingstarted_shard2_replica1] org.apache.solr.core.RequestHandlers; Registered paths: /admin/logging,/admin/plugins,/admin/system,/admin/segments,/admin/file,/admin/luke,/update,/terms,/stream,/admin/threads,/schema,/query,/replication,/analysis/field,/browse,/admin/ping,/update/json/docs,/analysis/document,/select,/admin/mbeans,/update/csv,/elevate,/get,/update/json,/export,/update/extract,/admin/properties,/tvrh,/spell,/config,/debug/dump
INFO  - 2015-11-13 01:36:28.821; [c:gettingstarted s:shard1 r:core_node3 x:gettingstarted_shard1_replica1] org.apache.solr.core.RequestHandlers; Registered paths: /admin/logging,/admin/plugins,/admin/system,/admin/segments,/admin/file,/admin/luke,/update,/terms,/stream,/admin/threads,/schema,/query,/replication,/analysis/field,/browse,/admin/ping,/update/json/docs,/analysis/document,/select,/admin/mbeans,/update/csv,/elevate,/get,/update/json,/export,/update/extract,/admin/properties,/tvrh,/spell,/config,/debug/dump
INFO  - 2015-11-13 01:36:28.824; [c:gettingstarted s:shard2 r:core_node4 x:gettingstarted_shard2_replica1] org.apache.solr.core.SolrCore; Using default statsCache cache: org.apache.solr.search.stats.LocalStatsCache
INFO  - 2015-11-13 01:36:28.826; [c:gettingstarted s:shard1 r:core_node3 x:gettingstarted_shard1_replica1] org.apache.solr.core.SolrCore; Using default statsCache cache: org.apache.solr.search.stats.LocalStatsCache
INFO  - 2015-11-13 01:36:28.839; [c:gettingstarted s:shard1 r:core_node3 x:gettingstarted_shard1_replica1] org.apache.solr.update.UpdateHandler; Using UpdateLog implementation: org.apache.solr.update.UpdateLog
INFO  - 2015-11-13 01:36:28.839; [c:gettingstarted s:shard2 r:core_node4 x:gettingstarted_shard2_replica1] org.apache.solr.update.UpdateHandler; Using UpdateLog implementation: org.apache.solr.update.UpdateLog
INFO  - 2015-11-13 01:36:28.842; [c:gettingstarted s:shard1 r:core_node3 x:gettingstarted_shard1_replica1] org.apache.solr.update.UpdateLog; Initializing UpdateLog: dataDir= defaultSyncLevel=FLUSH numRecordsToKeep=100 maxNumLogsToKeep=10 numVersionBuckets=65536
INFO  - 2015-11-13 01:36:28.843; [c:gettingstarted s:shard2 r:core_node4 x:gettingstarted_shard2_replica1] org.apache.solr.update.UpdateLog; Initializing UpdateLog: dataDir= defaultSyncLevel=FLUSH numRecordsToKeep=100 maxNumLogsToKeep=10 numVersionBuckets=65536
INFO  - 2015-11-13 01:36:28.869; [c:gettingstarted s:shard2 r:core_node4 x:gettingstarted_shard2_replica1] org.apache.solr.update.CommitTracker; Hard AutoCommit: if uncommited for 15000ms; 
INFO  - 2015-11-13 01:36:28.869; [c:gettingstarted s:shard2 r:core_node4 x:gettingstarted_shard2_replica1] org.apache.solr.update.CommitTracker; Soft AutoCommit: if uncommited for 3000ms; 
INFO  - 2015-11-13 01:36:28.876; [c:gettingstarted s:shard1 r:core_node3 x:gettingstarted_shard1_replica1] org.apache.solr.update.CommitTracker; Hard AutoCommit: if uncommited for 15000ms; 
INFO  - 2015-11-13 01:36:28.876; [c:gettingstarted s:shard1 r:core_node3 x:gettingstarted_shard1_replica1] org.apache.solr.update.CommitTracker; Soft AutoCommit: if uncommited for 3000ms; 
INFO  - 2015-11-13 01:36:28.965; [c:gettingstarted s:shard1 r:core_node3 x:gettingstarted_shard1_replica1] org.apache.solr.core.SolrDeletionPolicy; SolrDeletionPolicy.onInit: commits: num=1
	commit{dir=NRTCachingDirectory(MMapDirectory@/home/rr/Documents/idb4/solr-5.3.1/example/cloud/node2/solr/gettingstarted_shard1_replica1/data/index lockFactory=org.apache.lucene.store.NativeFSLockFactory@44acd370; maxCacheMB=48.0 maxMergeSizeMB=4.0),segFN=segments_4,generation=4}
INFO  - 2015-11-13 01:36:28.965; [c:gettingstarted s:shard2 r:core_node4 x:gettingstarted_shard2_replica1] org.apache.solr.core.SolrDeletionPolicy; SolrDeletionPolicy.onInit: commits: num=1
	commit{dir=NRTCachingDirectory(MMapDirectory@/home/rr/Documents/idb4/solr-5.3.1/example/cloud/node2/solr/gettingstarted_shard2_replica1/data/index lockFactory=org.apache.lucene.store.NativeFSLockFactory@44acd370; maxCacheMB=48.0 maxMergeSizeMB=4.0),segFN=segments_4,generation=4}
INFO  - 2015-11-13 01:36:28.965; [c:gettingstarted s:shard1 r:core_node3 x:gettingstarted_shard1_replica1] org.apache.solr.core.SolrDeletionPolicy; newest commit generation = 4
INFO  - 2015-11-13 01:36:28.965; [c:gettingstarted s:shard2 r:core_node4 x:gettingstarted_shard2_replica1] org.apache.solr.core.SolrDeletionPolicy; newest commit generation = 4
INFO  - 2015-11-13 01:36:29.056; [c:gettingstarted s:shard1 r:core_node3 x:gettingstarted_shard1_replica1] org.apache.solr.search.SolrIndexSearcher; Opening Searcher@3c1e9711[gettingstarted_shard1_replica1] main
INFO  - 2015-11-13 01:36:29.056; [c:gettingstarted s:shard2 r:core_node4 x:gettingstarted_shard2_replica1] org.apache.solr.search.SolrIndexSearcher; Opening Searcher@3c1e9711[gettingstarted_shard2_replica1] main
INFO  - 2015-11-13 01:36:29.065; [c:gettingstarted s:shard2 r:core_node4 x:gettingstarted_shard2_replica1] org.apache.solr.common.cloud.ZkStateReader; Load collection config from:/collections/gettingstarted
INFO  - 2015-11-13 01:36:29.065; [c:gettingstarted s:shard1 r:core_node3 x:gettingstarted_shard1_replica1] org.apache.solr.common.cloud.ZkStateReader; Load collection config from:/collections/gettingstarted
INFO  - 2015-11-13 01:36:29.067; [c:gettingstarted s:shard2 r:core_node4 x:gettingstarted_shard2_replica1] org.apache.solr.common.cloud.ZkStateReader; path=/collections/gettingstarted configName=gettingstarted specified config exists in ZooKeeper
INFO  - 2015-11-13 01:36:29.067; [c:gettingstarted s:shard1 r:core_node3 x:gettingstarted_shard1_replica1] org.apache.solr.common.cloud.ZkStateReader; path=/collections/gettingstarted configName=gettingstarted specified config exists in ZooKeeper
INFO  - 2015-11-13 01:36:29.068; [c:gettingstarted s:shard2 r:core_node4 x:gettingstarted_shard2_replica1] org.apache.solr.rest.ManagedResourceStorage; Setting up ZooKeeper-based storage for the RestManager with znodeBase: /configs/gettingstarted
INFO  - 2015-11-13 01:36:29.068; [c:gettingstarted s:shard1 r:core_node3 x:gettingstarted_shard1_replica1] org.apache.solr.rest.ManagedResourceStorage; Setting up ZooKeeper-based storage for the RestManager with znodeBase: /configs/gettingstarted
INFO  - 2015-11-13 01:36:29.072; [c:gettingstarted s:shard2 r:core_node4 x:gettingstarted_shard2_replica1] org.apache.solr.rest.ManagedResourceStorage$ZooKeeperStorageIO; Configured ZooKeeperStorageIO with znodeBase: /configs/gettingstarted
INFO  - 2015-11-13 01:36:29.072; [c:gettingstarted s:shard1 r:core_node3 x:gettingstarted_shard1_replica1] org.apache.solr.rest.ManagedResourceStorage$ZooKeeperStorageIO; Configured ZooKeeperStorageIO with znodeBase: /configs/gettingstarted
INFO  - 2015-11-13 01:36:29.073; [c:gettingstarted s:shard2 r:core_node4 x:gettingstarted_shard2_replica1] org.apache.solr.rest.RestManager; Initializing RestManager with initArgs: {}
INFO  - 2015-11-13 01:36:29.073; [c:gettingstarted s:shard1 r:core_node3 x:gettingstarted_shard1_replica1] org.apache.solr.rest.RestManager; Initializing RestManager with initArgs: {}
INFO  - 2015-11-13 01:36:29.101; [c:gettingstarted s:shard1 r:core_node3 x:gettingstarted_shard1_replica1] org.apache.solr.rest.ManagedResourceStorage; Reading _rest_managed.json using ZooKeeperStorageIO:path=/configs/gettingstarted
INFO  - 2015-11-13 01:36:29.101; [c:gettingstarted s:shard2 r:core_node4 x:gettingstarted_shard2_replica1] org.apache.solr.rest.ManagedResourceStorage; Reading _rest_managed.json using ZooKeeperStorageIO:path=/configs/gettingstarted
INFO  - 2015-11-13 01:36:29.102; [c:gettingstarted s:shard1 r:core_node3 x:gettingstarted_shard1_replica1] org.apache.solr.rest.ManagedResourceStorage$ZooKeeperStorageIO; No data found for znode /configs/gettingstarted/_rest_managed.json
INFO  - 2015-11-13 01:36:29.102; [c:gettingstarted s:shard2 r:core_node4 x:gettingstarted_shard2_replica1] org.apache.solr.rest.ManagedResourceStorage$ZooKeeperStorageIO; No data found for znode /configs/gettingstarted/_rest_managed.json
INFO  - 2015-11-13 01:36:29.103; [c:gettingstarted s:shard1 r:core_node3 x:gettingstarted_shard1_replica1] org.apache.solr.rest.ManagedResourceStorage; Loaded null at path _rest_managed.json using ZooKeeperStorageIO:path=/configs/gettingstarted
INFO  - 2015-11-13 01:36:29.103; [c:gettingstarted s:shard2 r:core_node4 x:gettingstarted_shard2_replica1] org.apache.solr.rest.ManagedResourceStorage; Loaded null at path _rest_managed.json using ZooKeeperStorageIO:path=/configs/gettingstarted
INFO  - 2015-11-13 01:36:29.103; [c:gettingstarted s:shard1 r:core_node3 x:gettingstarted_shard1_replica1] org.apache.solr.rest.RestManager; Initializing 0 registered ManagedResources
INFO  - 2015-11-13 01:36:29.103; [c:gettingstarted s:shard2 r:core_node4 x:gettingstarted_shard2_replica1] org.apache.solr.rest.RestManager; Initializing 0 registered ManagedResources
INFO  - 2015-11-13 01:36:29.105; [c:gettingstarted s:shard1 r:core_node3 x:gettingstarted_shard1_replica1] org.apache.solr.schema.ZkIndexSchemaReader; Creating ZooKeeper watch for the managed schema at /configs/gettingstarted/managed-schema
INFO  - 2015-11-13 01:36:29.105; [c:gettingstarted s:shard2 r:core_node4 x:gettingstarted_shard2_replica1] org.apache.solr.schema.ZkIndexSchemaReader; Creating ZooKeeper watch for the managed schema at /configs/gettingstarted/managed-schema
INFO  - 2015-11-13 01:36:29.125; [c:gettingstarted s:shard1 r:core_node3 x:gettingstarted_shard1_replica1] org.apache.solr.handler.component.SpellCheckComponent; Initializing spell checkers
INFO  - 2015-11-13 01:36:29.125; [c:gettingstarted s:shard2 r:core_node4 x:gettingstarted_shard2_replica1] org.apache.solr.handler.component.SpellCheckComponent; Initializing spell checkers
INFO  - 2015-11-13 01:36:29.137; [c:gettingstarted s:shard1 r:core_node3 x:gettingstarted_shard1_replica1] org.apache.solr.spelling.DirectSolrSpellChecker; init: {name=default,field=text,classname=solr.DirectSolrSpellChecker,distanceMeasure=internal,accuracy=0.5,maxEdits=2,minPrefix=1,maxInspections=5,minQueryLength=4,maxQueryFrequency=0.01}
INFO  - 2015-11-13 01:36:29.137; [c:gettingstarted s:shard2 r:core_node4 x:gettingstarted_shard2_replica1] org.apache.solr.spelling.DirectSolrSpellChecker; init: {name=default,field=text,classname=solr.DirectSolrSpellChecker,distanceMeasure=internal,accuracy=0.5,maxEdits=2,minPrefix=1,maxInspections=5,minQueryLength=4,maxQueryFrequency=0.01}
INFO  - 2015-11-13 01:36:29.164; [c:gettingstarted s:shard2 r:core_node4 x:gettingstarted_shard2_replica1] org.apache.solr.handler.component.SpellCheckComponent; No queryConverter defined, using default converter
INFO  - 2015-11-13 01:36:29.164; [c:gettingstarted s:shard1 r:core_node3 x:gettingstarted_shard1_replica1] org.apache.solr.handler.component.SpellCheckComponent; No queryConverter defined, using default converter
INFO  - 2015-11-13 01:36:29.169; [c:gettingstarted s:shard1 r:core_node3 x:gettingstarted_shard1_replica1] org.apache.solr.common.cloud.ZkStateReader; Load collection config from:/collections/gettingstarted
INFO  - 2015-11-13 01:36:29.170; [c:gettingstarted s:shard2 r:core_node4 x:gettingstarted_shard2_replica1] org.apache.solr.common.cloud.ZkStateReader; Load collection config from:/collections/gettingstarted
INFO  - 2015-11-13 01:36:29.174; [c:gettingstarted s:shard1 r:core_node3 x:gettingstarted_shard1_replica1] org.apache.solr.common.cloud.ZkStateReader; path=/collections/gettingstarted configName=gettingstarted specified config exists in ZooKeeper
INFO  - 2015-11-13 01:36:29.175; [c:gettingstarted s:shard2 r:core_node4 x:gettingstarted_shard2_replica1] org.apache.solr.common.cloud.ZkStateReader; path=/collections/gettingstarted configName=gettingstarted specified config exists in ZooKeeper
INFO  - 2015-11-13 01:36:29.193; [c:gettingstarted s:shard1 r:core_node3 x:gettingstarted_shard1_replica1] org.apache.solr.handler.ReplicationHandler; Commits will be reserved for  10000
INFO  - 2015-11-13 01:36:29.193; [c:gettingstarted s:shard2 r:core_node4 x:gettingstarted_shard2_replica1] org.apache.solr.handler.ReplicationHandler; Commits will be reserved for  10000
INFO  - 2015-11-13 01:36:29.198; [c:gettingstarted s:shard2 r:core_node4 x:gettingstarted_shard2_replica1] org.apache.solr.core.QuerySenderListener; QuerySenderListener sending requests to Searcher@3c1e9711[gettingstarted_shard2_replica1] main{ExitableDirectoryReader(UninvertingDirectoryReader(Uninverting(_0(5.3.1):C254/10:delGen=2) Uninverting(_1(5.3.1):C134) Uninverting(_2(5.3.1):C469) Uninverting(_3(5.3.1):C19/2:delGen=1)))}
INFO  - 2015-11-13 01:36:29.198; [c:gettingstarted s:shard1 r:core_node3 x:gettingstarted_shard1_replica1] org.apache.solr.core.QuerySenderListener; QuerySenderListener sending requests to Searcher@3c1e9711[gettingstarted_shard1_replica1] main{ExitableDirectoryReader(UninvertingDirectoryReader(Uninverting(_0(5.3.1):C6/1:delGen=1) Uninverting(_1(5.3.1):C265/13:delGen=2) Uninverting(_2(5.3.1):C362) Uninverting(_3(5.3.1):C304/5:delGen=2) Uninverting(_4(5.3.1):C255) Uninverting(_5(5.3.1):C10/1:delGen=1)))}
INFO  - 2015-11-13 01:36:29.198; [c:gettingstarted s:shard2 r:core_node4 x:gettingstarted_shard2_replica1] org.apache.solr.core.QuerySenderListener; QuerySenderListener done.
INFO  - 2015-11-13 01:36:29.198; [c:gettingstarted s:shard1 r:core_node3 x:gettingstarted_shard1_replica1] org.apache.solr.core.QuerySenderListener; QuerySenderListener done.
INFO  - 2015-11-13 01:36:29.199; [c:gettingstarted s:shard2 r:core_node4 x:gettingstarted_shard2_replica1] org.apache.solr.handler.component.SpellCheckComponent$SpellCheckerListener; Loading spell index for spellchecker: default
INFO  - 2015-11-13 01:36:29.199; [c:gettingstarted s:shard1 r:core_node3 x:gettingstarted_shard1_replica1] org.apache.solr.handler.component.SpellCheckComponent$SpellCheckerListener; Loading spell index for spellchecker: default
INFO  - 2015-11-13 01:36:29.199; [c:gettingstarted s:shard2 r:core_node4 x:gettingstarted_shard2_replica1] org.apache.solr.handler.component.SpellCheckComponent$SpellCheckerListener; Loading spell index for spellchecker: wordbreak
INFO  - 2015-11-13 01:36:29.199; [c:gettingstarted s:shard1 r:core_node3 x:gettingstarted_shard1_replica1] org.apache.solr.handler.component.SpellCheckComponent$SpellCheckerListener; Loading spell index for spellchecker: wordbreak
INFO  - 2015-11-13 01:36:29.200; [c:gettingstarted s:shard2 r:core_node4 x:gettingstarted_shard2_replica1] org.apache.solr.core.SolrCore; [gettingstarted_shard2_replica1] Registered new searcher Searcher@3c1e9711[gettingstarted_shard2_replica1] main{ExitableDirectoryReader(UninvertingDirectoryReader(Uninverting(_0(5.3.1):C254/10:delGen=2) Uninverting(_1(5.3.1):C134) Uninverting(_2(5.3.1):C469) Uninverting(_3(5.3.1):C19/2:delGen=1)))}
INFO  - 2015-11-13 01:36:29.200; [c:gettingstarted s:shard1 r:core_node3 x:gettingstarted_shard1_replica1] org.apache.solr.core.SolrCore; [gettingstarted_shard1_replica1] Registered new searcher Searcher@3c1e9711[gettingstarted_shard1_replica1] main{ExitableDirectoryReader(UninvertingDirectoryReader(Uninverting(_0(5.3.1):C6/1:delGen=1) Uninverting(_1(5.3.1):C265/13:delGen=2) Uninverting(_2(5.3.1):C362) Uninverting(_3(5.3.1):C304/5:delGen=2) Uninverting(_4(5.3.1):C255) Uninverting(_5(5.3.1):C10/1:delGen=1)))}
INFO  - 2015-11-13 01:36:29.201; [c:gettingstarted s:shard1 r:core_node3 x:gettingstarted_shard1_replica1] org.apache.solr.update.UpdateLog; Looking up max value of version field to seed version buckets
INFO  - 2015-11-13 01:36:29.202; [c:gettingstarted s:shard1 r:core_node3 x:gettingstarted_shard1_replica1] org.apache.solr.update.VersionInfo; Refreshing highest value of _version_ for 65536 version buckets from index
INFO  - 2015-11-13 01:36:29.203; [c:gettingstarted s:shard2 r:core_node4 x:gettingstarted_shard2_replica1] org.apache.solr.update.UpdateLog; Looking up max value of version field to seed version buckets
INFO  - 2015-11-13 01:36:29.205; [c:gettingstarted s:shard2 r:core_node4 x:gettingstarted_shard2_replica1] org.apache.solr.update.VersionInfo; Refreshing highest value of _version_ for 65536 version buckets from index
INFO  - 2015-11-13 01:36:29.242; [c:gettingstarted s:shard2 r:core_node4 x:gettingstarted_shard2_replica1] org.apache.solr.update.VersionInfo; Found MAX value 1517665497740476416 from Terms for _version_ in index
INFO  - 2015-11-13 01:36:29.255; [c:gettingstarted s:shard2 r:core_node4 x:gettingstarted_shard2_replica1] org.apache.solr.update.UpdateLog; Took 52 ms to seed version buckets with highest version 1517665497740476416
INFO  - 2015-11-13 01:36:29.257; [c:gettingstarted s:shard2 r:core_node4 x:gettingstarted_shard2_replica1] org.apache.solr.cloud.ZkController; watch zkdir /configs/gettingstarted
INFO  - 2015-11-13 01:36:29.259; [c:gettingstarted s:shard1 r:core_node3 x:gettingstarted_shard1_replica1] org.apache.solr.update.VersionInfo; Found MAX value 1517665497177391104 from Terms for _version_ in index
INFO  - 2015-11-13 01:36:29.261; [c:gettingstarted s:shard2 r:core_node4 x:gettingstarted_shard2_replica1] org.apache.solr.core.CoreContainer; registering core: gettingstarted_shard2_replica1
INFO  - 2015-11-13 01:36:29.268; [c:gettingstarted s:shard2 r:core_node4 x:gettingstarted_shard2_replica1] org.apache.solr.cloud.ZkController; Register replica - core:gettingstarted_shard2_replica1 address:http://127.0.1.1:7574/solr collection:gettingstarted shard:shard2
INFO  - 2015-11-13 01:36:29.272; [c:gettingstarted s:shard1 r:core_node3 x:gettingstarted_shard1_replica1] org.apache.solr.update.UpdateLog; Took 71 ms to seed version buckets with highest version 1517665497177391104
INFO  - 2015-11-13 01:36:29.273; [c:gettingstarted s:shard1 r:core_node3 x:gettingstarted_shard1_replica1] org.apache.solr.core.CoreContainer; registering core: gettingstarted_shard1_replica1
INFO  - 2015-11-13 01:36:29.275; [c:gettingstarted s:shard1 r:core_node3 x:gettingstarted_shard1_replica1] org.apache.solr.cloud.ZkController; Register replica - core:gettingstarted_shard1_replica1 address:http://127.0.1.1:7574/solr collection:gettingstarted shard:shard1
INFO  - 2015-11-13 01:36:29.283; [c:gettingstarted s:shard2 r:core_node4 x:gettingstarted_shard2_replica1] org.apache.solr.cloud.LeaderElector; Joined leadership election with path: /collections/gettingstarted/leader_elect/shard2/election/94855397137252354-core_node4-n_0000000007
INFO  - 2015-11-13 01:36:29.285; [c:gettingstarted s:shard1 r:core_node3 x:gettingstarted_shard1_replica1] org.apache.solr.cloud.LeaderElector; Joined leadership election with path: /collections/gettingstarted/leader_elect/shard1/election/94855397137252354-core_node3-n_0000000007
INFO  - 2015-11-13 01:36:29.288; [c:gettingstarted s:shard2 r:core_node4 x:gettingstarted_shard2_replica1] org.apache.solr.cloud.LeaderElector; Watching path /collections/gettingstarted/leader_elect/shard2/election/94855397137252352-core_node2-n_0000000006 to know if I could be the leader
INFO  - 2015-11-13 01:36:29.290; [c:gettingstarted s:shard1 r:core_node3 x:gettingstarted_shard1_replica1] org.apache.solr.cloud.LeaderElector; Watching path /collections/gettingstarted/leader_elect/shard1/election/94855397137252352-core_node1-n_0000000006 to know if I could be the leader
INFO  - 2015-11-13 01:36:29.607; [c:gettingstarted s:shard1 r:core_node3 x:gettingstarted_shard1_replica1] org.apache.solr.core.SolrCore; [gettingstarted_shard1_replica1] webapp=/solr path=/get params={getVersions=100&distrib=false&wt=javabin&qt=/get&version=2} status=0 QTime=4 
INFO  - 2015-11-13 01:36:29.607; [c:gettingstarted s:shard2 r:core_node4 x:gettingstarted_shard2_replica1] org.apache.solr.core.SolrCore; [gettingstarted_shard2_replica1] webapp=/solr path=/get params={getVersions=100&distrib=false&wt=javabin&qt=/get&version=2} status=0 QTime=4 
INFO  - 2015-11-13 01:36:29.636; [c:gettingstarted s:shard2 r:core_node4 x:gettingstarted_shard2_replica1] org.apache.solr.update.PeerSync; PeerSync: core=gettingstarted_shard2_replica1 url=http://127.0.1.1:7574/solr START replicas=[http://127.0.1.1:8983/solr/gettingstarted_shard2_replica2/] nUpdates=100
INFO  - 2015-11-13 01:36:29.636; [c:gettingstarted s:shard1 r:core_node3 x:gettingstarted_shard1_replica1] org.apache.solr.update.PeerSync; PeerSync: core=gettingstarted_shard1_replica1 url=http://127.0.1.1:7574/solr START replicas=[http://127.0.1.1:8983/solr/gettingstarted_shard1_replica2/] nUpdates=100
INFO  - 2015-11-13 01:36:29.815; [c:gettingstarted s:shard1 r:core_node3 x:gettingstarted_shard1_replica1] org.apache.solr.update.PeerSync; PeerSync: core=gettingstarted_shard1_replica1 url=http://127.0.1.1:7574/solr  Received 98 versions from http://127.0.1.1:8983/solr/gettingstarted_shard1_replica2/
INFO  - 2015-11-13 01:36:29.815; [c:gettingstarted s:shard2 r:core_node4 x:gettingstarted_shard2_replica1] org.apache.solr.update.PeerSync; PeerSync: core=gettingstarted_shard2_replica1 url=http://127.0.1.1:7574/solr  Received 98 versions from http://127.0.1.1:8983/solr/gettingstarted_shard2_replica2/
INFO  - 2015-11-13 01:36:29.816; [c:gettingstarted s:shard1 r:core_node3 x:gettingstarted_shard1_replica1] org.apache.solr.update.PeerSync; PeerSync: core=gettingstarted_shard1_replica1 url=http://127.0.1.1:7574/solr  Our versions are newer. ourLowThreshold=1517665489418977280 otherHigh=1517665489485037568
INFO  - 2015-11-13 01:36:29.816; [c:gettingstarted s:shard1 r:core_node3 x:gettingstarted_shard1_replica1] org.apache.solr.update.PeerSync; PeerSync: core=gettingstarted_shard1_replica1 url=http://127.0.1.1:7574/solr DONE. sync succeeded
INFO  - 2015-11-13 01:36:29.816; [c:gettingstarted s:shard2 r:core_node4 x:gettingstarted_shard2_replica1] org.apache.solr.update.PeerSync; PeerSync: core=gettingstarted_shard2_replica1 url=http://127.0.1.1:7574/solr  Our versions are newer. ourLowThreshold=1517665489328799745 otherHigh=1517665489497620480
INFO  - 2015-11-13 01:36:29.816; [c:gettingstarted s:shard1 r:core_node3 x:gettingstarted_shard1_replica1] org.apache.solr.core.SolrCore; [gettingstarted_shard1_replica1] webapp=/solr path=/get params={sync=http://127.0.1.1:8983/solr/gettingstarted_shard1_replica2/&getVersions=100&distrib=false&wt=javabin&qt=/get&version=2} status=0 QTime=184 
INFO  - 2015-11-13 01:36:29.817; [c:gettingstarted s:shard2 r:core_node4 x:gettingstarted_shard2_replica1] org.apache.solr.update.PeerSync; PeerSync: core=gettingstarted_shard2_replica1 url=http://127.0.1.1:7574/solr DONE. sync succeeded
INFO  - 2015-11-13 01:36:29.817; [c:gettingstarted s:shard2 r:core_node4 x:gettingstarted_shard2_replica1] org.apache.solr.core.SolrCore; [gettingstarted_shard2_replica1] webapp=/solr path=/get params={sync=http://127.0.1.1:8983/solr/gettingstarted_shard2_replica2/&getVersions=100&distrib=false&wt=javabin&qt=/get&version=2} status=0 QTime=185 
INFO  - 2015-11-13 01:36:29.861; [   ] org.apache.solr.common.cloud.ZkStateReader$8; A cluster state change: WatchedEvent state:SyncConnected type:NodeDataChanged path:/collections/gettingstarted/state.json for collection gettingstarted has occurred - updating... (live nodes size: 2)
INFO  - 2015-11-13 01:36:29.863; [   ] org.apache.solr.common.cloud.ZkStateReader; Updating data for gettingstarted to ver 47 
INFO  - 2015-11-13 01:36:29.915; [   ] org.apache.solr.common.cloud.ZkStateReader$8; A cluster state change: WatchedEvent state:SyncConnected type:NodeDataChanged path:/collections/gettingstarted/state.json for collection gettingstarted has occurred - updating... (live nodes size: 2)
INFO  - 2015-11-13 01:36:29.920; [   ] org.apache.solr.common.cloud.ZkStateReader; Updating data for gettingstarted to ver 48 
INFO  - 2015-11-13 01:36:29.972; [   ] org.apache.solr.common.cloud.ZkStateReader$8; A cluster state change: WatchedEvent state:SyncConnected type:NodeDataChanged path:/collections/gettingstarted/state.json for collection gettingstarted has occurred - updating... (live nodes size: 2)
INFO  - 2015-11-13 01:36:29.974; [   ] org.apache.solr.common.cloud.ZkStateReader; Updating data for gettingstarted to ver 49 
INFO  - 2015-11-13 01:36:30.020; [   ] org.apache.solr.common.cloud.ZkStateReader$8; A cluster state change: WatchedEvent state:SyncConnected type:NodeDataChanged path:/collections/gettingstarted/state.json for collection gettingstarted has occurred - updating... (live nodes size: 2)
INFO  - 2015-11-13 01:36:30.024; [   ] org.apache.solr.common.cloud.ZkStateReader; Updating data for gettingstarted to ver 50 
INFO  - 2015-11-13 01:36:30.293; [c:gettingstarted s:shard2 r:core_node4 x:gettingstarted_shard2_replica1] org.apache.solr.cloud.ZkController; We are http://127.0.1.1:7574/solr/gettingstarted_shard2_replica1/ and leader is http://127.0.1.1:8983/solr/gettingstarted_shard2_replica2/
INFO  - 2015-11-13 01:36:30.294; [c:gettingstarted s:shard1 r:core_node3 x:gettingstarted_shard1_replica1] org.apache.solr.cloud.ZkController; We are http://127.0.1.1:7574/solr/gettingstarted_shard1_replica1/ and leader is http://127.0.1.1:8983/solr/gettingstarted_shard1_replica2/
INFO  - 2015-11-13 01:36:30.295; [c:gettingstarted s:shard2 r:core_node4 x:gettingstarted_shard2_replica1] org.apache.solr.cloud.ZkController; No LogReplay needed for core=gettingstarted_shard2_replica1 baseURL=http://127.0.1.1:7574/solr
INFO  - 2015-11-13 01:36:30.295; [c:gettingstarted s:shard1 r:core_node3 x:gettingstarted_shard1_replica1] org.apache.solr.cloud.ZkController; No LogReplay needed for core=gettingstarted_shard1_replica1 baseURL=http://127.0.1.1:7574/solr
INFO  - 2015-11-13 01:36:30.296; [c:gettingstarted s:shard1 r:core_node3 x:gettingstarted_shard1_replica1] org.apache.solr.cloud.ZkController; Core needs to recover:gettingstarted_shard1_replica1
INFO  - 2015-11-13 01:36:30.295; [c:gettingstarted s:shard2 r:core_node4 x:gettingstarted_shard2_replica1] org.apache.solr.cloud.ZkController; Core needs to recover:gettingstarted_shard2_replica1
INFO  - 2015-11-13 01:36:30.296; [c:gettingstarted s:shard1 r:core_node3 x:gettingstarted_shard1_replica1] org.apache.solr.update.DefaultSolrCoreState; Running recovery - first canceling any ongoing recovery
INFO  - 2015-11-13 01:36:30.297; [c:gettingstarted s:shard2 r:core_node4 x:gettingstarted_shard2_replica1] org.apache.solr.update.DefaultSolrCoreState; Running recovery - first canceling any ongoing recovery
INFO  - 2015-11-13 01:36:30.302; [c:gettingstarted s:shard2 r:core_node4 x:gettingstarted_shard2_replica1] org.apache.solr.cloud.RecoveryStrategy; Starting recovery process. recoveringAfterStartup=true
INFO  - 2015-11-13 01:36:30.303; [c:gettingstarted s:shard1 r:core_node3 x:gettingstarted_shard1_replica1] org.apache.solr.cloud.RecoveryStrategy; Starting recovery process. recoveringAfterStartup=true
INFO  - 2015-11-13 01:36:30.305; [c:gettingstarted s:shard2 r:core_node4 x:gettingstarted_shard2_replica1] org.apache.solr.cloud.RecoveryStrategy; ###### startupVersions=[1517665497740476416, 1517665497736282112, 1517665497735233536, 1517665497734184960, 1517665497732087808, 1517665497729990656, 1517665497726844928, 1517665497724747776, 1517665497723699200, 1517665497721602048, 1517665497720553472, 1517665497717407744, 1517665497705873408, 1517665497698533376, 1517665497693290496, 1517665497666027520, 1517665495413686272, 1517665489498669056, 1517665489497620481, 1517665489497620480, 1517665489496571904, 1517665489494474752, 1517665489493426177, 1517665489493426176, 1517665489492377600, 1517665489490280449, 1517665489490280448, 1517665489483988993, 1517665489483988992, 1517665489475600384, 1517665489474551809, 1517665489474551808, 1517665489473503233, 1517665489473503232, 1517665489472454656, 1517665489471406080, 1517665489470357505, 1517665489470357504, 1517665489468260352, 1517665489467211776, 1517665489459871745, 1517665489459871744, 1517665489458823169, 1517665489458823168, 1517665489457774593, 1517665489457774592, 1517665489456726017, 1517665489456726016, 1517665489452531712, 1517665489438900224, 1517665489434705921, 1517665489434705920, 1517665489433657345, 1517665489433657344, 1517665489432608768, 1517665489431560192, 1517665489418977281, 1517665489418977280, 1517665489417928705, 1517665489417928704, 1517665489416880129, 1517665489416880128, 1517665489415831552, 1517665489337188353, 1517665489337188352, 1517665489336139777, 1517665489336139776, 1517665489335091201, 1517665489335091200, 1517665489334042625, 1517665489334042624, 1517665489332994049, 1517665489332994048, 1517665489331945472, 1517665489330896897, 1517665489330896896, 1517665489329848321, 1517665489329848320, 1517665489328799745, 1517665489328799744, 1517665489327751169, 1517665489327751168, 1517665489326702593, 1517665489326702592, 1517665489325654017, 1517665489325654016, 1517665489324605441, 1517665489324605440, 1517665489323556865, 1517665489323556864, 1517665489322508288, 1517665489321459714, 1517665489321459713, 1517665489321459712, 1517665489320411137, 1517665489320411136, 1517665489319362560, 1517665489318313985]
INFO  - 2015-11-13 01:36:30.305; [c:gettingstarted s:shard1 r:core_node3 x:gettingstarted_shard1_replica1] org.apache.solr.cloud.RecoveryStrategy; ###### startupVersions=[1517665497177391104, 1517665497174245376, 1517665497171099648, 1517665497159565312, 1517665497157468160, 1517665497154322432, 1517665495666393088, 1517665495656955904, 1517665495403200512, 1517665489492377600, 1517665489491329024, 1517665489490280449, 1517665489490280448, 1517665489489231872, 1517665489488183296, 1517665489487134721, 1517665489487134720, 1517665489486086144, 1517665489485037569, 1517665489485037568, 1517665489483988993, 1517665489483988992, 1517665489482940417, 1517665489482940416, 1517665489481891841, 1517665489481891840, 1517665489480843264, 1517665489479794689, 1517665489479794688, 1517665489478746112, 1517665489477697537, 1517665489477697536, 1517665489476648960, 1517665489470357505, 1517665489470357504, 1517665489469308929, 1517665489469308928, 1517665489458823168, 1517665489456726016, 1517665489455677441, 1517665489455677440, 1517665489454628865, 1517665489454628864, 1517665489453580289, 1517665489453580288, 1517665489452531712, 1517665489451483137, 1517665489451483136, 1517665489450434560, 1517665489449385984, 1517665489448337408, 1517665489447288833, 1517665489447288832, 1517665489446240256, 1517665489445191680, 1517665489444143104, 1517665489443094529, 1517665489443094528, 1517665489442045953, 1517665489442045952, 1517665489440997376, 1517665489430511616, 1517665489429463040, 1517665489428414465, 1517665489428414464, 1517665489427365889, 1517665489427365888, 1517665489426317312, 1517665489425268737, 1517665489425268736, 1517665489424220161, 1517665489424220160, 1517665489423171584, 1517665489422123008, 1517665489421074433, 1517665489421074432, 1517665489420025857, 1517665489420025856, 1517665489418977280, 1517665489417928704, 1517665489416880128, 1517665489415831553, 1517665489415831552, 1517665489410588672, 1517665489408491520, 1517665489394860033, 1517665489394860032, 1517665489393811456, 1517665489391714305, 1517665489391714304, 1517665489390665728, 1517665489389617152, 1517665489388568577, 1517665489388568576, 1517665489386471425, 1517665489386471424, 1517665489385422849, 1517665489385422848]
INFO  - 2015-11-13 01:36:30.306; [c:gettingstarted s:shard2 r:core_node4 x:gettingstarted_shard2_replica1] org.apache.solr.cloud.RecoveryStrategy; Publishing state of core gettingstarted_shard2_replica1 as recovering, leader is http://127.0.1.1:8983/solr/gettingstarted_shard2_replica2/ and I am http://127.0.1.1:7574/solr/gettingstarted_shard2_replica1/
INFO  - 2015-11-13 01:36:30.306; [c:gettingstarted s:shard1 r:core_node3 x:gettingstarted_shard1_replica1] org.apache.solr.cloud.RecoveryStrategy; Publishing state of core gettingstarted_shard1_replica1 as recovering, leader is http://127.0.1.1:8983/solr/gettingstarted_shard1_replica2/ and I am http://127.0.1.1:7574/solr/gettingstarted_shard1_replica1/
INFO  - 2015-11-13 01:36:30.306; [c:gettingstarted s:shard2 r:core_node4 x:gettingstarted_shard2_replica1] org.apache.solr.cloud.ZkController; publishing state=recovering
INFO  - 2015-11-13 01:36:30.307; [c:gettingstarted s:shard1 r:core_node3 x:gettingstarted_shard1_replica1] org.apache.solr.cloud.ZkController; publishing state=recovering
INFO  - 2015-11-13 01:36:30.308; [c:gettingstarted s:shard1 r:core_node3 x:gettingstarted_shard1_replica1] org.apache.solr.common.cloud.ZkStateReader; Updating data for gettingstarted to ver 50 
INFO  - 2015-11-13 01:36:30.323; [c:gettingstarted s:shard1 r:core_node3 x:gettingstarted_shard1_replica1] org.apache.solr.cloud.RecoveryStrategy; Sending prep recovery command to http://127.0.1.1:8983/solr; WaitForState: action=PREPRECOVERY&core=gettingstarted_shard1_replica2&nodeName=127.0.1.1%3A7574_solr&coreNodeName=core_node3&state=recovering&checkLive=true&onlyIfLeader=true&onlyIfLeaderActive=true
INFO  - 2015-11-13 01:36:30.323; [c:gettingstarted s:shard2 r:core_node4 x:gettingstarted_shard2_replica1] org.apache.solr.common.cloud.ZkStateReader; Updating data for gettingstarted to ver 50 
INFO  - 2015-11-13 01:36:30.324; [c:gettingstarted s:shard2 r:core_node4 x:gettingstarted_shard2_replica1] org.apache.solr.cloud.RecoveryStrategy; Sending prep recovery command to http://127.0.1.1:8983/solr; WaitForState: action=PREPRECOVERY&core=gettingstarted_shard2_replica2&nodeName=127.0.1.1%3A7574_solr&coreNodeName=core_node4&state=recovering&checkLive=true&onlyIfLeader=true&onlyIfLeaderActive=true
INFO  - 2015-11-13 01:36:30.348; [   ] org.apache.solr.common.cloud.ZkStateReader$8; A cluster state change: WatchedEvent state:SyncConnected type:NodeDataChanged path:/collections/gettingstarted/state.json for collection gettingstarted has occurred - updating... (live nodes size: 2)
INFO  - 2015-11-13 01:36:30.350; [   ] org.apache.solr.common.cloud.ZkStateReader; Updating data for gettingstarted to ver 51 
INFO  - 2015-11-13 01:36:30.397; [   ] org.apache.solr.common.cloud.ZkStateReader$8; A cluster state change: WatchedEvent state:SyncConnected type:NodeDataChanged path:/collections/gettingstarted/state.json for collection gettingstarted has occurred - updating... (live nodes size: 2)
INFO  - 2015-11-13 01:36:30.402; [   ] org.apache.solr.common.cloud.ZkStateReader; Updating data for gettingstarted to ver 52 
INFO  - 2015-11-13 01:36:37.368; [c:gettingstarted s:shard2 r:core_node4 x:gettingstarted_shard2_replica1] org.apache.solr.cloud.RecoveryStrategy; Attempting to PeerSync from http://127.0.1.1:8983/solr/gettingstarted_shard2_replica2/ - recoveringAfterStartup=true
INFO  - 2015-11-13 01:36:37.369; [c:gettingstarted s:shard2 r:core_node4 x:gettingstarted_shard2_replica1] org.apache.solr.update.PeerSync; PeerSync: core=gettingstarted_shard2_replica1 url=http://127.0.1.1:7574/solr START replicas=[http://127.0.1.1:8983/solr/gettingstarted_shard2_replica2/] nUpdates=100
INFO  - 2015-11-13 01:36:37.387; [c:gettingstarted s:shard2 r:core_node4 x:gettingstarted_shard2_replica1] org.apache.solr.update.PeerSync; PeerSync: core=gettingstarted_shard2_replica1 url=http://127.0.1.1:7574/solr  Received 98 versions from http://127.0.1.1:8983/solr/gettingstarted_shard2_replica2/
INFO  - 2015-11-13 01:36:37.389; [c:gettingstarted s:shard2 r:core_node4 x:gettingstarted_shard2_replica1] org.apache.solr.update.PeerSync; PeerSync: core=gettingstarted_shard2_replica1 url=http://127.0.1.1:7574/solr  Our versions are newer. ourLowThreshold=1517665489328799745 otherHigh=1517665489497620480
INFO  - 2015-11-13 01:36:37.389; [c:gettingstarted s:shard2 r:core_node4 x:gettingstarted_shard2_replica1] org.apache.solr.update.PeerSync; PeerSync: core=gettingstarted_shard2_replica1 url=http://127.0.1.1:7574/solr DONE. sync succeeded
INFO  - 2015-11-13 01:36:37.393; [c:gettingstarted s:shard2 r:core_node4 x:gettingstarted_shard2_replica1] org.apache.solr.update.DirectUpdateHandler2; start commit{,optimize=false,openSearcher=true,waitSearcher=true,expungeDeletes=false,softCommit=false,prepareCommit=false}
INFO  - 2015-11-13 01:36:37.393; [c:gettingstarted s:shard2 r:core_node4 x:gettingstarted_shard2_replica1] org.apache.solr.update.DirectUpdateHandler2; No uncommitted changes. Skipping IW.commit.
INFO  - 2015-11-13 01:36:37.395; [c:gettingstarted s:shard2 r:core_node4 x:gettingstarted_shard2_replica1] org.apache.solr.core.SolrCore; SolrIndexSearcher has not changed - not re-opening: org.apache.solr.search.SolrIndexSearcher
INFO  - 2015-11-13 01:36:37.395; [c:gettingstarted s:shard2 r:core_node4 x:gettingstarted_shard2_replica1] org.apache.solr.update.DirectUpdateHandler2; end_commit_flush
INFO  - 2015-11-13 01:36:37.395; [c:gettingstarted s:shard2 r:core_node4 x:gettingstarted_shard2_replica1] org.apache.solr.cloud.RecoveryStrategy; PeerSync Recovery was successful - registering as Active.
INFO  - 2015-11-13 01:36:37.396; [c:gettingstarted s:shard2 r:core_node4 x:gettingstarted_shard2_replica1] org.apache.solr.cloud.ZkController; publishing state=active
INFO  - 2015-11-13 01:36:37.432; [   ] org.apache.solr.common.cloud.ZkStateReader$8; A cluster state change: WatchedEvent state:SyncConnected type:NodeDataChanged path:/collections/gettingstarted/state.json for collection gettingstarted has occurred - updating... (live nodes size: 2)
INFO  - 2015-11-13 01:36:37.442; [   ] org.apache.solr.common.cloud.ZkStateReader; Updating data for gettingstarted to ver 53 
INFO  - 2015-11-13 01:36:38.391; [c:gettingstarted s:shard1 r:core_node3 x:gettingstarted_shard1_replica1] org.apache.solr.cloud.RecoveryStrategy; Attempting to PeerSync from http://127.0.1.1:8983/solr/gettingstarted_shard1_replica2/ - recoveringAfterStartup=true
INFO  - 2015-11-13 01:36:38.392; [c:gettingstarted s:shard1 r:core_node3 x:gettingstarted_shard1_replica1] org.apache.solr.update.PeerSync; PeerSync: core=gettingstarted_shard1_replica1 url=http://127.0.1.1:7574/solr START replicas=[http://127.0.1.1:8983/solr/gettingstarted_shard1_replica2/] nUpdates=100
INFO  - 2015-11-13 01:36:38.402; [c:gettingstarted s:shard1 r:core_node3 x:gettingstarted_shard1_replica1] org.apache.solr.update.PeerSync; PeerSync: core=gettingstarted_shard1_replica1 url=http://127.0.1.1:7574/solr  Received 98 versions from http://127.0.1.1:8983/solr/gettingstarted_shard1_replica2/
INFO  - 2015-11-13 01:36:38.403; [c:gettingstarted s:shard1 r:core_node3 x:gettingstarted_shard1_replica1] org.apache.solr.update.PeerSync; PeerSync: core=gettingstarted_shard1_replica1 url=http://127.0.1.1:7574/solr  Our versions are newer. ourLowThreshold=1517665489418977280 otherHigh=1517665489485037568
INFO  - 2015-11-13 01:36:38.403; [c:gettingstarted s:shard1 r:core_node3 x:gettingstarted_shard1_replica1] org.apache.solr.update.PeerSync; PeerSync: core=gettingstarted_shard1_replica1 url=http://127.0.1.1:7574/solr DONE. sync succeeded
INFO  - 2015-11-13 01:36:38.403; [c:gettingstarted s:shard1 r:core_node3 x:gettingstarted_shard1_replica1] org.apache.solr.update.DirectUpdateHandler2; start commit{,optimize=false,openSearcher=true,waitSearcher=true,expungeDeletes=false,softCommit=false,prepareCommit=false}
INFO  - 2015-11-13 01:36:38.403; [c:gettingstarted s:shard1 r:core_node3 x:gettingstarted_shard1_replica1] org.apache.solr.update.DirectUpdateHandler2; No uncommitted changes. Skipping IW.commit.
INFO  - 2015-11-13 01:36:38.404; [c:gettingstarted s:shard1 r:core_node3 x:gettingstarted_shard1_replica1] org.apache.solr.core.SolrCore; SolrIndexSearcher has not changed - not re-opening: org.apache.solr.search.SolrIndexSearcher
INFO  - 2015-11-13 01:36:38.405; [c:gettingstarted s:shard1 r:core_node3 x:gettingstarted_shard1_replica1] org.apache.solr.update.DirectUpdateHandler2; end_commit_flush
INFO  - 2015-11-13 01:36:38.405; [c:gettingstarted s:shard1 r:core_node3 x:gettingstarted_shard1_replica1] org.apache.solr.cloud.RecoveryStrategy; PeerSync Recovery was successful - registering as Active.
INFO  - 2015-11-13 01:36:38.405; [c:gettingstarted s:shard1 r:core_node3 x:gettingstarted_shard1_replica1] org.apache.solr.cloud.ZkController; publishing state=active
INFO  - 2015-11-13 01:36:38.430; [   ] org.apache.solr.common.cloud.ZkStateReader$8; A cluster state change: WatchedEvent state:SyncConnected type:NodeDataChanged path:/collections/gettingstarted/state.json for collection gettingstarted has occurred - updating... (live nodes size: 2)
INFO  - 2015-11-13 01:36:38.434; [   ] org.apache.solr.common.cloud.ZkStateReader; Updating data for gettingstarted to ver 54 
INFO  - 2015-11-13 01:38:31.279; [c:gettingstarted s:shard1 r:core_node3 x:gettingstarted_shard1_replica1] org.apache.solr.core.SolrCore; [gettingstarted_shard1_replica1] webapp=/solr path=/select params={distrib=false&wt=javabin&version=2&rows=10&df=_text_&fl=id&fl=score&shard.url=http://127.0.1.1:8983/solr/gettingstarted_shard1_replica2/|http://127.0.1.1:7574/solr/gettingstarted_shard1_replica1/&NOW=1447378711189&start=0&shards.purpose=4&q=Mario&isShard=true&fsv=true} hits=21 status=0 QTime=76 
INFO  - 2015-11-13 01:38:31.316; [c:gettingstarted s:shard1 r:core_node3 x:gettingstarted_shard1_replica1] org.apache.solr.core.SolrCore; [gettingstarted_shard1_replica1] webapp=/solr path=/select params={NOW=1447378711189&shard.url=http://127.0.1.1:8983/solr/gettingstarted_shard1_replica2/|http://127.0.1.1:7574/solr/gettingstarted_shard1_replica1/&df=_text_&shards.purpose=64&ids=49996,9539,46586,47678,8528,48518,49471&q=Mario&distrib=false&wt=javabin&isShard=true&version=2&rows=10} status=0 QTime=8 
INFO  - 2015-11-13 01:40:00.463; [c:gettingstarted s:shard1 r:core_node3 x:gettingstarted_shard1_replica1] org.apache.solr.core.SolrCore; [gettingstarted_shard1_replica1] webapp=/solr path=/select params={distrib=false&wt=javabin&version=2&rows=10&df=_text_&fl=id&fl=score&shard.url=http://127.0.1.1:8983/solr/gettingstarted_shard1_replica2/|http://127.0.1.1:7574/solr/gettingstarted_shard1_replica1/&NOW=1447378800453&start=0&shards.purpose=4&q=Mario&isShard=true&fsv=true} hits=21 status=0 QTime=3 
INFO  - 2015-11-13 01:40:00.487; [c:gettingstarted s:shard1 r:core_node3 x:gettingstarted_shard1_replica1] org.apache.solr.core.SolrCore; [gettingstarted_shard1_replica1] webapp=/solr path=/select params={NOW=1447378800453&shard.url=http://127.0.1.1:8983/solr/gettingstarted_shard1_replica2/|http://127.0.1.1:7574/solr/gettingstarted_shard1_replica1/&df=_text_&shards.purpose=64&ids=49996,9539,46586,47678,8528,48518,49471&q=Mario&distrib=false&wt=javabin&isShard=true&version=2&rows=10} status=0 QTime=7 
